This file contains any messages produced by compilers while
running configure, to aid debugging if configure makes a mistake.

It was created by configure, which was
generated by GNU Autoconf 2.59.  Invocation command line was

  $ /Users/meghna/desktop/cs161/cs161-binutils-1.5/binutils-2.17/binutils/configure --cache-file=./config.cache --build=i386-apple-darwin18.6.0 --host=i386-apple-darwin18.6.0 --target=mips-linux --with-gnu-as --with-gnu-ld --with-stabs --nfp --prefix=/Users/meghna/cs161/tools --program-transform-name=s,^,mips-linux-,;  --srcdir=/Users/meghna/desktop/cs161/cs161-binutils-1.5/./binutils-2.17/binutils

## --------- ##
## Platform. ##
## --------- ##

hostname = Meghnas-MacBook-Pro-2.local
uname -m = x86_64
uname -r = 18.6.0
uname -s = Darwin
uname -v = Darwin Kernel Version 18.6.0: Thu Apr 25 23:16:27 PDT 2019; root:xnu-4903.261.4~2/RELEASE_X86_64

/usr/bin/uname -p = i386
/bin/uname -X     = unknown

/bin/arch              = unknown
/usr/bin/arch -k       = unknown
/usr/convex/getsysinfo = unknown
hostinfo               = Mach kernel version:
	 Darwin Kernel Version 18.6.0: Thu Apr 25 23:16:27 PDT 2019; root:xnu-4903.261.4~2/RELEASE_X86_64
Kernel configured for up to 4 processors.
2 processors are physically available.
4 processors are logically available.
Processor type: x86_64h (Intel x86-64h Haswell)
Processors active: 0 1 2 3
Primary memory available: 16.00 gigabytes
Default processor set: 472 tasks, 2171 threads, 4 processors
Load average: 2.75, Mach factor: 1.72
/bin/machine           = unknown
/usr/bin/oslevel       = unknown
/bin/universe          = unknown

PATH: /Users/meghna/cs161/bin
PATH: /Users/meghna/cs161/bin
PATH: /Users/meghna/anaconda3/bin
PATH: /anaconda3/bin
PATH: /usr/local/fsl/bin
PATH: /Library/Frameworks/Python.framework/Versions/3.6/bin
PATH: /usr/local/bin
PATH: /usr/bin
PATH: /bin
PATH: /usr/sbin
PATH: /sbin
PATH: /opt/X11/bin
PATH: /Users/meghna/cs161/tools/bin


## ----------- ##
## Core tests. ##
## ----------- ##

configure:1241: creating cache ./config.cache
configure:1353: checking build system type
configure:1371: result: i386-apple-darwin18.6.0
configure:1379: checking host system type
configure:1393: result: i386-apple-darwin18.6.0
configure:1401: checking target system type
configure:1415: result: mips-unknown-linux-gnu
configure:1437: checking for i386-apple-darwin18.6.0-gcc
configure:1463: result: gcc
configure:1745: checking for C compiler version
configure:1748: gcc --version </dev/null >&5
Configured with: --prefix=/Library/Developer/CommandLineTools/usr --with-gxx-include-dir=/Library/Developer/CommandLineTools/SDKs/MacOSX10.14.sdk/usr/include/c++/4.2.1
Apple LLVM version 10.0.1 (clang-1001.0.46.4)
Target: x86_64-apple-darwin18.6.0
Thread model: posix
InstalledDir: /Library/Developer/CommandLineTools/usr/bin
configure:1751: $? = 0
configure:1753: gcc -v </dev/null >&5
Configured with: --prefix=/Library/Developer/CommandLineTools/usr --with-gxx-include-dir=/Library/Developer/CommandLineTools/SDKs/MacOSX10.14.sdk/usr/include/c++/4.2.1
Apple LLVM version 10.0.1 (clang-1001.0.46.4)
Target: x86_64-apple-darwin18.6.0
Thread model: posix
InstalledDir: /Library/Developer/CommandLineTools/usr/bin
configure:1756: $? = 0
configure:1758: gcc -V </dev/null >&5
clang: error: unsupported option '-V -Wno-atomic-implicit-seq-cst'
clang: error: no input files
configure:1761: $? = 1
configure:1784: checking for C compiler default output file name
configure:1787: gcc -g -O2 -Wno-error    conftest.c  >&5
configure:1790: $? = 0
configure:1836: result: a.out
configure:1841: checking whether the C compiler works
configure:1847: ./a.out
configure:1850: $? = 0
configure:1867: result: yes
configure:1874: checking whether we are cross compiling
configure:1876: result: no
configure:1879: checking for suffix of executables
configure:1881: gcc -o conftest -g -O2 -Wno-error    conftest.c  >&5
configure:1884: $? = 0
configure:1909: result: 
configure:1915: checking for suffix of object files
configure:1936: gcc -c -g -O2 -Wno-error   conftest.c >&5
configure:1939: $? = 0
configure:1961: result: o
configure:1965: checking whether we are using the GNU C compiler
configure:1989: gcc -c -g -O2 -Wno-error   conftest.c >&5
configure:1995: $? = 0
configure:1999: test -z 
			 || test ! -s conftest.err
configure:2002: $? = 0
configure:2005: test -s conftest.o
configure:2008: $? = 0
configure:2021: result: yes
configure:2027: checking whether gcc accepts -g
configure:2048: gcc -c -g  conftest.c >&5
configure:2054: $? = 0
configure:2058: test -z 
			 || test ! -s conftest.err
configure:2061: $? = 0
configure:2064: test -s conftest.o
configure:2067: $? = 0
configure:2078: result: yes
configure:2095: checking for gcc option to accept ANSI C
configure:2165: gcc  -c -g -O2 -Wno-error   conftest.c >&5
configure:2171: $? = 0
configure:2175: test -z 
			 || test ! -s conftest.err
configure:2178: $? = 0
configure:2181: test -s conftest.o
configure:2184: $? = 0
configure:2202: result: none needed
configure:2220: gcc -c -g -O2 -Wno-error   conftest.c >&5
conftest.c:2:3: error: unknown type name 'choke'
  choke me
  ^
conftest.c:2:11: error: expected ';' after top level declarator
  choke me
          ^
          ;
2 errors generated.
configure:2226: $? = 1
configure: failed program was:
| #ifndef __cplusplus
|   choke me
| #endif
configure:2360: checking for library containing strerror
configure:2390: gcc -o conftest -g -O2 -Wno-error    conftest.c  >&5
conftest.c:16:6: warning: incompatible redeclaration of library function 'strerror' [-Wincompatible-library-redeclaration]
char strerror ();
     ^
conftest.c:16:6: note: 'strerror' is a builtin with type 'char *(int)'
1 warning generated.
configure:2396: $? = 0
configure:2400: test -z 
			 || test ! -s conftest.err
configure:2403: $? = 0
configure:2406: test -s conftest
configure:2409: $? = 0
configure:2479: result: none required
configure:2502: checking for a BSD-compatible install
configure:2557: result: /usr/bin/install -c
configure:2568: checking whether build environment is sane
configure:2611: result: yes
configure:2676: checking for gawk
configure:2705: result: no
configure:2676: checking for mawk
configure:2705: result: no
configure:2676: checking for nawk
configure:2705: result: no
configure:2676: checking for awk
configure:2692: found /usr/bin/awk
configure:2702: result: awk
configure:2712: checking whether make sets $(MAKE)
configure:2732: result: yes
configure:2762: checking for style of include used by make
configure:2790: result: GNU
configure:2966: checking dependency style of gcc
configure:3056: result: none
configure:3152: checking for ld used by GCC
configure:3215: result: /Library/Developer/CommandLineTools/usr/bin/ld
configure:3224: checking if the linker (/Library/Developer/CommandLineTools/usr/bin/ld) is GNU ld
configure:3236: result: no
configure:3241: checking for /Library/Developer/CommandLineTools/usr/bin/ld option to reload object files
configure:3248: result: -r
configure:3253: checking for BSD-compatible nm
configure:3289: result: nm
configure:3292: checking whether ln -s works
configure:3296: result: yes
configure:3303: checking how to recognise dependant libraries
configure:3466: result: pass_all
configure:3477: checking the maximum length of command line arguments
configure:3529: result: 196608
configure:3679: checking for i386-apple-darwin18.6.0-ranlib
configure:3705: result: ranlib
configure:3759: checking for i386-apple-darwin18.6.0-strip
configure:3788: result: no
configure:3797: checking for strip
configure:3813: found /usr/bin/strip
configure:3824: result: strip
configure:4127: loading cache ./config.cache
ce PIC
ltconfig:687:checking that gcc PIC flag  -DPIC works.
ltconfig:697: gcc -c -g -O2 -Wno-error   -DPIC -DPIC  conftest.c 1>&5
ltconfig:749: checking if gcc static flag -static works
ltconfig:758: gcc -o conftest -g -O2 -Wno-error    -static conftest.c  1>&5
conftest.c:1:1: warning: type specifier missing, defaults to 'int' [-Wimplicit-int]
main(){return(0);}
^
1 warning generated.
ld: library not found for -lcrt0.o
clang: error: linker command failed with exit code 1 (use -v to see invocation)
ltconfig:780: finding the maximum length of command line arguments
ltconfig:@lineno@: result: 196608
ltconfig:833: checking if gcc supports -c -o file.o
ltconfig:834: gcc -c -g -O2 -Wno-error  -o out/conftest2.o  conftest.c 1>&5
ltconfig:887: checking if gcc supports -fno-rtti -fno-exceptions
ltconfig:888: gcc -c -g -O2 -Wno-error  -fno-rtti -fno-exceptions -c conftest.c  conftest.c 1>&5
ltconfig:1431: checking if global_symbol_pipe works
ltconfig:1432: gcc -c -g -O2 -Wno-error   conftest.c 1>&5
ltconfig:1435: eval "nm conftest.o | sed -n -e 's/^.*[ 	]\([BCDEGRST][BCDEGRST]*\)[ 	][ 	]*\(\)\([_A-Za-z][_A-Za-z0-9]*\)$/\1 \2\3 \3/p' > conftest.nm"
cannot find nm_test_var in conftest.nm
ltconfig:1431: checking if global_symbol_pipe works
ltconfig:1432: gcc -c -g -O2 -Wno-error   conftest.c 1>&5
ltconfig:1435: eval "nm conftest.o | sed -n -e 's/^.*[ 	]\([BCDEGRST][BCDEGRST]*\)[ 	][ 	]*\(_\)\([_A-Za-z][_A-Za-z0-9]*\)$/\1 \2\3 \3/p' > conftest.nm"
ltconfig:1487: gcc -o conftest -g -O2 -Wno-error  -fno-builtin -fno-rtti -fno-exceptions   conftest.c conftstm.o 1>&5
conftest.c:6:1: warning: variable named 'main' with external linkage has undefined behavior [-Wmain]
extern char main;
^
1 warning generated.
configure:4255: checking for i386-apple-darwin18.6.0-gcc
configure:4281: result: gcc
configure:4563: checking for C compiler version
configure:4566: gcc --version </dev/null >&5
Configured with: --prefix=/Library/Developer/CommandLineTools/usr --with-gxx-include-dir=/Library/Developer/CommandLineTools/SDKs/MacOSX10.14.sdk/usr/include/c++/4.2.1
Apple LLVM version 10.0.1 (clang-1001.0.46.4)
Target: x86_64-apple-darwin18.6.0
Thread model: posix
InstalledDir: /Library/Developer/CommandLineTools/usr/bin
configure:4569: $? = 0
configure:4571: gcc -v </dev/null >&5
Configured with: --prefix=/Library/Developer/CommandLineTools/usr --with-gxx-include-dir=/Library/Developer/CommandLineTools/SDKs/MacOSX10.14.sdk/usr/include/c++/4.2.1
Apple LLVM version 10.0.1 (clang-1001.0.46.4)
Target: x86_64-apple-darwin18.6.0
Thread model: posix
InstalledDir: /Library/Developer/CommandLineTools/usr/bin
configure:4574: $? = 0
configure:4576: gcc -V </dev/null >&5
clang: error: unsupported option '-V -Wno-atomic-implicit-seq-cst'
clang: error: no input files
configure:4579: $? = 1
configure:4582: checking whether we are using the GNU C compiler
configure:4638: result: yes
configure:4644: checking whether gcc accepts -g
configure:4695: result: yes
configure:4712: checking for gcc option to accept ANSI C
configure:4819: result: none needed
configure:4837: gcc -c -g -O2 -Wno-error   conftest.c >&5
conftest.c:2:3: error: unknown type name 'choke'
  choke me
  ^
conftest.c:2:11: error: expected ';' after top level declarator
  choke me
          ^
          ;
2 errors generated.
configure:4843: $? = 1
configure: failed program was:
| #ifndef __cplusplus
|   choke me
| #endif
configure:4987: checking for bison
configure:5013: result: bison -y
configure:5028: checking for flex
configure:5054: result: flex
configure:5067: checking for yywrap in -lfl
configure:5097: gcc -o conftest -g -O2 -Wno-error    conftest.c -lfl   >&5
ld: library not found for -lfl
clang: error: linker command failed with exit code 1 (use -v to see invocation)
configure:5103: $? = 1
configure: failed program was:
| /* confdefs.h.  */
| 
| #define PACKAGE_NAME ""
| #define PACKAGE_TARNAME ""
| #define PACKAGE_VERSION ""
| #define PACKAGE_STRING ""
| #define PACKAGE_BUGREPORT ""
| #define PACKAGE "binutils"
| #define VERSION "2.17"
| #define _GNU_SOURCE 1
| /* end confdefs.h.  */
| 
| /* Override any gcc2 internal prototype to avoid an error.  */
| #ifdef __cplusplus
| extern "C"
| #endif
| /* We use char because int might match the return type of a gcc2
|    builtin and then its argument prototype would still apply.  */
| char yywrap ();
| int
| main ()
| {
| yywrap ();
|   ;
|   return 0;
| }
configure:5129: result: no
configure:5134: checking for yywrap in -ll
configure:5164: gcc -o conftest -g -O2 -Wno-error    conftest.c -ll   >&5
configure:5170: $? = 0
configure:5174: test -z 
			 || test ! -s conftest.err
configure:5177: $? = 0
configure:5180: test -s conftest
configure:5183: $? = 0
configure:5196: result: yes
configure:5207: checking lex output file root
configure:5218: flex conftest.l
configure:5221: $? = 0
configure:5233: result: lex.yy
configure:5238: checking whether yytext is a pointer
configure:5254: gcc -o conftest -g -O2 -Wno-error    conftest.c  -ll >&5
configure:5260: $? = 0
configure:5264: test -z 
			 || test ! -s conftest.err
configure:5267: $? = 0
configure:5270: test -s conftest
configure:5273: $? = 0
configure:5287: result: yes
configure:5306: checking for i386-apple-darwin18.6.0-ranlib
configure:5332: result: ranlib
configure:5388: checking how to run the C preprocessor
configure:5423: gcc -E  conftest.c
configure:5429: $? = 0
configure:5461: gcc -E  conftest.c
conftest.c:13:10: fatal error: 'ac_nonexistent.h' file not found
#include <ac_nonexistent.h>
         ^~~~~~~~~~~~~~~~~~
1 error generated.
configure:5467: $? = 1
configure: failed program was:
| /* confdefs.h.  */
| 
| #define PACKAGE_NAME ""
| #define PACKAGE_TARNAME ""
| #define PACKAGE_VERSION ""
| #define PACKAGE_STRING ""
| #define PACKAGE_BUGREPORT ""
| #define PACKAGE "binutils"
| #define VERSION "2.17"
| #define _GNU_SOURCE 1
| #define YYTEXT_POINTER 1
| /* end confdefs.h.  */
| #include <ac_nonexistent.h>
configure:5506: result: gcc -E
configure:5530: gcc -E  conftest.c
configure:5536: $? = 0
configure:5568: gcc -E  conftest.c
conftest.c:13:10: fatal error: 'ac_nonexistent.h' file not found
#include <ac_nonexistent.h>
         ^~~~~~~~~~~~~~~~~~
1 error generated.
configure:5574: $? = 1
configure: failed program was:
| /* confdefs.h.  */
| 
| #define PACKAGE_NAME ""
| #define PACKAGE_TARNAME ""
| #define PACKAGE_VERSION ""
| #define PACKAGE_STRING ""
| #define PACKAGE_BUGREPORT ""
| #define PACKAGE "binutils"
| #define VERSION "2.17"
| #define _GNU_SOURCE 1
| #define YYTEXT_POINTER 1
| /* end confdefs.h.  */
| #include <ac_nonexistent.h>
configure:5618: checking for egrep
configure:5628: result: grep -E
configure:5633: checking for ANSI C header files
configure:5658: gcc -c -g -O2 -Wno-error   conftest.c >&5
configure:5664: $? = 0
configure:5668: test -z 
			 || test ! -s conftest.err
configure:5671: $? = 0
configure:5674: test -s conftest.o
configure:5677: $? = 0
configure:5766: gcc -o conftest -g -O2 -Wno-error    conftest.c  >&5
conftest.c:30:7: warning: implicitly declaring library function 'exit' with type 'void (int) __attribute__((noreturn))' [-Wimplicit-function-declaration]
      exit(2);
      ^
conftest.c:30:7: note: include the header <stdlib.h> or explicitly provide a declaration for 'exit'
1 warning generated.
configure:5769: $? = 0
configure:5771: ./conftest
configure:5774: $? = 0
configure:5789: result: yes
configure:5799: checking for an ANSI C-conforming const
configure:5866: gcc -c -g -O2 -Wno-error   conftest.c >&5
configure:5872: $? = 0
configure:5876: test -z 
			 || test ! -s conftest.err
configure:5879: $? = 0
configure:5882: test -s conftest.o
configure:5885: $? = 0
configure:5896: result: yes
configure:5906: checking for inline
configure:5927: gcc -c -g -O2 -Wno-error   conftest.c >&5
configure:5933: $? = 0
configure:5937: test -z 
			 || test ! -s conftest.err
configure:5940: $? = 0
configure:5943: test -s conftest.o
configure:5946: $? = 0
configure:5958: result: inline
configure:5991: checking for sys/types.h
configure:6007: gcc -c -g -O2 -Wno-error   conftest.c >&5
configure:6013: $? = 0
configure:6017: test -z 
			 || test ! -s conftest.err
configure:6020: $? = 0
configure:6023: test -s conftest.o
configure:6026: $? = 0
configure:6037: result: yes
configure:5991: checking for sys/stat.h
configure:6007: gcc -c -g -O2 -Wno-error   conftest.c >&5
configure:6013: $? = 0
configure:6017: test -z 
			 || test ! -s conftest.err
configure:6020: $? = 0
configure:6023: test -s conftest.o
configure:6026: $? = 0
configure:6037: result: yes
configure:5991: checking for stdlib.h
configure:6007: gcc -c -g -O2 -Wno-error   conftest.c >&5
configure:6013: $? = 0
configure:6017: test -z 
			 || test ! -s conftest.err
configure:6020: $? = 0
configure:6023: test -s conftest.o
configure:6026: $? = 0
configure:6037: result: yes
configure:5991: checking for string.h
configure:6007: gcc -c -g -O2 -Wno-error   conftest.c >&5
configure:6013: $? = 0
configure:6017: test -z 
			 || test ! -s conftest.err
configure:6020: $? = 0
configure:6023: test -s conftest.o
configure:6026: $? = 0
configure:6037: result: yes
configure:5991: checking for memory.h
configure:6007: gcc -c -g -O2 -Wno-error   conftest.c >&5
configure:6013: $? = 0
configure:6017: test -z 
			 || test ! -s conftest.err
configure:6020: $? = 0
configure:6023: test -s conftest.o
configure:6026: $? = 0
configure:6037: result: yes
configure:5991: checking for strings.h
configure:6007: gcc -c -g -O2 -Wno-error   conftest.c >&5
configure:6013: $? = 0
configure:6017: test -z 
			 || test ! -s conftest.err
configure:6020: $? = 0
configure:6023: test -s conftest.o
configure:6026: $? = 0
configure:6037: result: yes
configure:5991: checking for inttypes.h
configure:6007: gcc -c -g -O2 -Wno-error   conftest.c >&5
configure:6013: $? = 0
configure:6017: test -z 
			 || test ! -s conftest.err
configure:6020: $? = 0
configure:6023: test -s conftest.o
configure:6026: $? = 0
configure:6037: result: yes
configure:5991: checking for stdint.h
configure:6007: gcc -c -g -O2 -Wno-error   conftest.c >&5
configure:6013: $? = 0
configure:6017: test -z 
			 || test ! -s conftest.err
configure:6020: $? = 0
configure:6023: test -s conftest.o
configure:6026: $? = 0
configure:6037: result: yes
configure:5991: checking for unistd.h
configure:6007: gcc -c -g -O2 -Wno-error   conftest.c >&5
configure:6013: $? = 0
configure:6017: test -z 
			 || test ! -s conftest.err
configure:6020: $? = 0
configure:6023: test -s conftest.o
configure:6026: $? = 0
configure:6037: result: yes
configure:6049: checking for off_t
configure:6073: gcc -c -g -O2 -Wno-error   conftest.c >&5
configure:6079: $? = 0
configure:6083: test -z 
			 || test ! -s conftest.err
configure:6086: $? = 0
configure:6089: test -s conftest.o
configure:6092: $? = 0
configure:6103: result: yes
configure:6115: checking for size_t
configure:6139: gcc -c -g -O2 -Wno-error   conftest.c >&5
configure:6145: $? = 0
configure:6149: test -z 
			 || test ! -s conftest.err
configure:6152: $? = 0
configure:6155: test -s conftest.o
configure:6158: $? = 0
configure:6169: result: yes
configure:6183: checking for working alloca.h
configure:6204: gcc -o conftest -g -O2 -Wno-error    conftest.c  >&5
configure:6210: $? = 0
configure:6214: test -z 
			 || test ! -s conftest.err
configure:6217: $? = 0
configure:6220: test -s conftest
configure:6223: $? = 0
configure:6235: result: yes
configure:6245: checking for alloca
configure:6286: gcc -o conftest -g -O2 -Wno-error    conftest.c  >&5
configure:6292: $? = 0
configure:6296: test -z 
			 || test ! -s conftest.err
configure:6299: $? = 0
configure:6302: test -s conftest
configure:6305: $? = 0
configure:6317: result: yes
configure:6546: checking for stdlib.h
configure:6551: result: yes
configure:6546: checking for unistd.h
configure:6551: result: yes
configure:6695: checking for getpagesize
configure:6752: gcc -o conftest -g -O2 -Wno-error    conftest.c  >&5
configure:6758: $? = 0
configure:6762: test -z 
			 || test ! -s conftest.err
configure:6765: $? = 0
configure:6768: test -s conftest
configure:6771: $? = 0
configure:6783: result: yes
configure:6793: checking for working mmap
configure:6935: gcc -o conftest -g -O2 -Wno-error    conftest.c  >&5
configure:6938: $? = 0
configure:6940: ./conftest
configure:6943: $? = 0
configure:6957: result: yes
configure:6992: checking argz.h usability
configure:7004: gcc -c -g -O2 -Wno-error   conftest.c >&5
conftest.c:63:10: fatal error: 'argz.h' file not found
#include <argz.h>
         ^~~~~~~~
1 error generated.
configure:7010: $? = 1
configure: failed program was:
| /* confdefs.h.  */
| 
| #define PACKAGE_NAME ""
| #define PACKAGE_TARNAME ""
| #define PACKAGE_VERSION ""
| #define PACKAGE_STRING ""
| #define PACKAGE_BUGREPORT ""
| #define PACKAGE "binutils"
| #define VERSION "2.17"
| #define _GNU_SOURCE 1
| #define YYTEXT_POINTER 1
| #define STDC_HEADERS 1
| #define HAVE_SYS_TYPES_H 1
| #define HAVE_SYS_STAT_H 1
| #define HAVE_STDLIB_H 1
| #define HAVE_STRING_H 1
| #define HAVE_MEMORY_H 1
| #define HAVE_STRINGS_H 1
| #define HAVE_INTTYPES_H 1
| #define HAVE_STDINT_H 1
| #define HAVE_UNISTD_H 1
| #define HAVE_ALLOCA_H 1
| #define HAVE_ALLOCA 1
| #define HAVE_STDLIB_H 1
| #define HAVE_UNISTD_H 1
| #define HAVE_GETPAGESIZE 1
| #define HAVE_MMAP 1
| /* end confdefs.h.  */
| #include <stdio.h>
| #if HAVE_SYS_TYPES_H
| # include <sys/types.h>
| #endif
| #if HAVE_SYS_STAT_H
| # include <sys/stat.h>
| #endif
| #if STDC_HEADERS
| # include <stdlib.h>
| # include <stddef.h>
| #else
| # if HAVE_STDLIB_H
| #  include <stdlib.h>
| # endif
| #endif
| #if HAVE_STRING_H
| # if !STDC_HEADERS && HAVE_MEMORY_H
| #  include <memory.h>
| # endif
| # include <string.h>
| #endif
| #if HAVE_STRINGS_H
| # include <strings.h>
| #endif
| #if HAVE_INTTYPES_H
| # include <inttypes.h>
| #else
| # if HAVE_STDINT_H
| #  include <stdint.h>
| # endif
| #endif
| #if HAVE_UNISTD_H
| # include <unistd.h>
| #endif
| #include <argz.h>
configure:7033: result: no
configure:7037: checking argz.h presence
configure:7047: gcc -E  conftest.c
conftest.c:29:10: fatal error: 'argz.h' file not found
#include <argz.h>
         ^~~~~~~~
1 error generated.
configure:7053: $? = 1
configure: failed program was:
| /* confdefs.h.  */
| 
| #define PACKAGE_NAME ""
| #define PACKAGE_TARNAME ""
| #define PACKAGE_VERSION ""
| #define PACKAGE_STRING ""
| #define PACKAGE_BUGREPORT ""
| #define PACKAGE "binutils"
| #define VERSION "2.17"
| #define _GNU_SOURCE 1
| #define YYTEXT_POINTER 1
| #define STDC_HEADERS 1
| #define HAVE_SYS_TYPES_H 1
| #define HAVE_SYS_STAT_H 1
| #define HAVE_STDLIB_H 1
| #define HAVE_STRING_H 1
| #define HAVE_MEMORY_H 1
| #define HAVE_STRINGS_H 1
| #define HAVE_INTTYPES_H 1
| #define HAVE_STDINT_H 1
| #define HAVE_UNISTD_H 1
| #define HAVE_ALLOCA_H 1
| #define HAVE_ALLOCA 1
| #define HAVE_STDLIB_H 1
| #define HAVE_UNISTD_H 1
| #define HAVE_GETPAGESIZE 1
| #define HAVE_MMAP 1
| /* end confdefs.h.  */
| #include <argz.h>
configure:7073: result: no
configure:7108: checking for argz.h
configure:7115: result: no
configure:6992: checking limits.h usability
configure:7004: gcc -c -g -O2 -Wno-error   conftest.c >&5
configure:7010: $? = 0
configure:7014: test -z 
			 || test ! -s conftest.err
configure:7017: $? = 0
configure:7020: test -s conftest.o
configure:7023: $? = 0
configure:7033: result: yes
configure:7037: checking limits.h presence
configure:7047: gcc -E  conftest.c
configure:7053: $? = 0
configure:7073: result: yes
configure:7108: checking for limits.h
configure:7115: result: yes
configure:6992: checking locale.h usability
configure:7004: gcc -c -g -O2 -Wno-error   conftest.c >&5
configure:7010: $? = 0
configure:7014: test -z 
			 || test ! -s conftest.err
configure:7017: $? = 0
configure:7020: test -s conftest.o
configure:7023: $? = 0
configure:7033: result: yes
configure:7037: checking locale.h presence
configure:7047: gcc -E  conftest.c
configure:7053: $? = 0
configure:7073: result: yes
configure:7108: checking for locale.h
configure:7115: result: yes
configure:6992: checking nl_types.h usability
configure:7004: gcc -c -g -O2 -Wno-error   conftest.c >&5
configure:7010: $? = 0
configure:7014: test -z 
			 || test ! -s conftest.err
configure:7017: $? = 0
configure:7020: test -s conftest.o
configure:7023: $? = 0
configure:7033: result: yes
configure:7037: checking nl_types.h presence
configure:7047: gcc -E  conftest.c
configure:7053: $? = 0
configure:7073: result: yes
configure:7108: checking for nl_types.h
configure:7115: result: yes
configure:6992: checking malloc.h usability
configure:7004: gcc -c -g -O2 -Wno-error   conftest.c >&5
conftest.c:66:10: fatal error: 'malloc.h' file not found
#include <malloc.h>
         ^~~~~~~~~~
1 error generated.
configure:7010: $? = 1
configure: failed program was:
| /* confdefs.h.  */
| 
| #define PACKAGE_NAME ""
| #define PACKAGE_TARNAME ""
| #define PACKAGE_VERSION ""
| #define PACKAGE_STRING ""
| #define PACKAGE_BUGREPORT ""
| #define PACKAGE "binutils"
| #define VERSION "2.17"
| #define _GNU_SOURCE 1
| #define YYTEXT_POINTER 1
| #define STDC_HEADERS 1
| #define HAVE_SYS_TYPES_H 1
| #define HAVE_SYS_STAT_H 1
| #define HAVE_STDLIB_H 1
| #define HAVE_STRING_H 1
| #define HAVE_MEMORY_H 1
| #define HAVE_STRINGS_H 1
| #define HAVE_INTTYPES_H 1
| #define HAVE_STDINT_H 1
| #define HAVE_UNISTD_H 1
| #define HAVE_ALLOCA_H 1
| #define HAVE_ALLOCA 1
| #define HAVE_STDLIB_H 1
| #define HAVE_UNISTD_H 1
| #define HAVE_GETPAGESIZE 1
| #define HAVE_MMAP 1
| #define HAVE_LIMITS_H 1
| #define HAVE_LOCALE_H 1
| #define HAVE_NL_TYPES_H 1
| /* end confdefs.h.  */
| #include <stdio.h>
| #if HAVE_SYS_TYPES_H
| # include <sys/types.h>
| #endif
| #if HAVE_SYS_STAT_H
| # include <sys/stat.h>
| #endif
| #if STDC_HEADERS
| # include <stdlib.h>
| # include <stddef.h>
| #else
| # if HAVE_STDLIB_H
| #  include <stdlib.h>
| # endif
| #endif
| #if HAVE_STRING_H
| # if !STDC_HEADERS && HAVE_MEMORY_H
| #  include <memory.h>
| # endif
| # include <string.h>
| #endif
| #if HAVE_STRINGS_H
| # include <strings.h>
| #endif
| #if HAVE_INTTYPES_H
| # include <inttypes.h>
| #else
| # if HAVE_STDINT_H
| #  include <stdint.h>
| # endif
| #endif
| #if HAVE_UNISTD_H
| # include <unistd.h>
| #endif
| #include <malloc.h>
configure:7033: result: no
configure:7037: checking malloc.h presence
configure:7047: gcc -E  conftest.c
conftest.c:32:10: fatal error: 'malloc.h' file not found
#include <malloc.h>
         ^~~~~~~~~~
1 error generated.
configure:7053: $? = 1
configure: failed program was:
| /* confdefs.h.  */
| 
| #define PACKAGE_NAME ""
| #define PACKAGE_TARNAME ""
| #define PACKAGE_VERSION ""
| #define PACKAGE_STRING ""
| #define PACKAGE_BUGREPORT ""
| #define PACKAGE "binutils"
| #define VERSION "2.17"
| #define _GNU_SOURCE 1
| #define YYTEXT_POINTER 1
| #define STDC_HEADERS 1
| #define HAVE_SYS_TYPES_H 1
| #define HAVE_SYS_STAT_H 1
| #define HAVE_STDLIB_H 1
| #define HAVE_STRING_H 1
| #define HAVE_MEMORY_H 1
| #define HAVE_STRINGS_H 1
| #define HAVE_INTTYPES_H 1
| #define HAVE_STDINT_H 1
| #define HAVE_UNISTD_H 1
| #define HAVE_ALLOCA_H 1
| #define HAVE_ALLOCA 1
| #define HAVE_STDLIB_H 1
| #define HAVE_UNISTD_H 1
| #define HAVE_GETPAGESIZE 1
| #define HAVE_MMAP 1
| #define HAVE_LIMITS_H 1
| #define HAVE_LOCALE_H 1
| #define HAVE_NL_TYPES_H 1
| /* end confdefs.h.  */
| #include <malloc.h>
configure:7073: result: no
configure:7108: checking for malloc.h
configure:7115: result: no
configure:6983: checking for string.h
configure:6988: result: yes
configure:6983: checking for unistd.h
configure:6988: result: yes
configure:6992: checking values.h usability
configure:7004: gcc -c -g -O2 -Wno-error   conftest.c >&5
conftest.c:68:10: fatal error: 'values.h' file not found
#include <values.h>
         ^~~~~~~~~~
1 error generated.
configure:7010: $? = 1
configure: failed program was:
| /* confdefs.h.  */
| 
| #define PACKAGE_NAME ""
| #define PACKAGE_TARNAME ""
| #define PACKAGE_VERSION ""
| #define PACKAGE_STRING ""
| #define PACKAGE_BUGREPORT ""
| #define PACKAGE "binutils"
| #define VERSION "2.17"
| #define _GNU_SOURCE 1
| #define YYTEXT_POINTER 1
| #define STDC_HEADERS 1
| #define HAVE_SYS_TYPES_H 1
| #define HAVE_SYS_STAT_H 1
| #define HAVE_STDLIB_H 1
| #define HAVE_STRING_H 1
| #define HAVE_MEMORY_H 1
| #define HAVE_STRINGS_H 1
| #define HAVE_INTTYPES_H 1
| #define HAVE_STDINT_H 1
| #define HAVE_UNISTD_H 1
| #define HAVE_ALLOCA_H 1
| #define HAVE_ALLOCA 1
| #define HAVE_STDLIB_H 1
| #define HAVE_UNISTD_H 1
| #define HAVE_GETPAGESIZE 1
| #define HAVE_MMAP 1
| #define HAVE_LIMITS_H 1
| #define HAVE_LOCALE_H 1
| #define HAVE_NL_TYPES_H 1
| #define HAVE_STRING_H 1
| #define HAVE_UNISTD_H 1
| /* end confdefs.h.  */
| #include <stdio.h>
| #if HAVE_SYS_TYPES_H
| # include <sys/types.h>
| #endif
| #if HAVE_SYS_STAT_H
| # include <sys/stat.h>
| #endif
| #if STDC_HEADERS
| # include <stdlib.h>
| # include <stddef.h>
| #else
| # if HAVE_STDLIB_H
| #  include <stdlib.h>
| # endif
| #endif
| #if HAVE_STRING_H
| # if !STDC_HEADERS && HAVE_MEMORY_H
| #  include <memory.h>
| # endif
| # include <string.h>
| #endif
| #if HAVE_STRINGS_H
| # include <strings.h>
| #endif
| #if HAVE_INTTYPES_H
| # include <inttypes.h>
| #else
| # if HAVE_STDINT_H
| #  include <stdint.h>
| # endif
| #endif
| #if HAVE_UNISTD_H
| # include <unistd.h>
| #endif
| #include <values.h>
configure:7033: result: no
configure:7037: checking values.h presence
configure:7047: gcc -E  conftest.c
conftest.c:34:10: fatal error: 'values.h' file not found
#include <values.h>
         ^~~~~~~~~~
1 error generated.
configure:7053: $? = 1
configure: failed program was:
| /* confdefs.h.  */
| 
| #define PACKAGE_NAME ""
| #define PACKAGE_TARNAME ""
| #define PACKAGE_VERSION ""
| #define PACKAGE_STRING ""
| #define PACKAGE_BUGREPORT ""
| #define PACKAGE "binutils"
| #define VERSION "2.17"
| #define _GNU_SOURCE 1
| #define YYTEXT_POINTER 1
| #define STDC_HEADERS 1
| #define HAVE_SYS_TYPES_H 1
| #define HAVE_SYS_STAT_H 1
| #define HAVE_STDLIB_H 1
| #define HAVE_STRING_H 1
| #define HAVE_MEMORY_H 1
| #define HAVE_STRINGS_H 1
| #define HAVE_INTTYPES_H 1
| #define HAVE_STDINT_H 1
| #define HAVE_UNISTD_H 1
| #define HAVE_ALLOCA_H 1
| #define HAVE_ALLOCA 1
| #define HAVE_STDLIB_H 1
| #define HAVE_UNISTD_H 1
| #define HAVE_GETPAGESIZE 1
| #define HAVE_MMAP 1
| #define HAVE_LIMITS_H 1
| #define HAVE_LOCALE_H 1
| #define HAVE_NL_TYPES_H 1
| #define HAVE_STRING_H 1
| #define HAVE_UNISTD_H 1
| /* end confdefs.h.  */
| #include <values.h>
configure:7073: result: no
configure:7108: checking for values.h
configure:7115: result: no
configure:6992: checking sys/param.h usability
configure:7004: gcc -c -g -O2 -Wno-error   conftest.c >&5
configure:7010: $? = 0
configure:7014: test -z 
			 || test ! -s conftest.err
configure:7017: $? = 0
configure:7020: test -s conftest.o
configure:7023: $? = 0
configure:7033: result: yes
configure:7037: checking sys/param.h presence
configure:7047: gcc -E  conftest.c
configure:7053: $? = 0
configure:7073: result: yes
configure:7108: checking for sys/param.h
configure:7115: result: yes
configure:7142: checking for getcwd
configure:7199: gcc -o conftest -g -O2 -Wno-error    conftest.c  >&5
configure:7205: $? = 0
configure:7209: test -z 
			 || test ! -s conftest.err
configure:7212: $? = 0
configure:7215: test -s conftest
configure:7218: $? = 0
configure:7230: result: yes
configure:7142: checking for munmap
configure:7199: gcc -o conftest -g -O2 -Wno-error    conftest.c  >&5
configure:7205: $? = 0
configure:7209: test -z 
			 || test ! -s conftest.err
configure:7212: $? = 0
configure:7215: test -s conftest
configure:7218: $? = 0
configure:7230: result: yes
configure:7142: checking for putenv
configure:7199: gcc -o conftest -g -O2 -Wno-error    conftest.c  >&5
configure:7205: $? = 0
configure:7209: test -z 
			 || test ! -s conftest.err
configure:7212: $? = 0
configure:7215: test -s conftest
configure:7218: $? = 0
configure:7230: result: yes
configure:7142: checking for setenv
configure:7199: gcc -o conftest -g -O2 -Wno-error    conftest.c  >&5
configure:7205: $? = 0
configure:7209: test -z 
			 || test ! -s conftest.err
configure:7212: $? = 0
configure:7215: test -s conftest
configure:7218: $? = 0
configure:7230: result: yes
configure:7142: checking for setlocale
configure:7199: gcc -o conftest -g -O2 -Wno-error    conftest.c  >&5
configure:7205: $? = 0
configure:7209: test -z 
			 || test ! -s conftest.err
configure:7212: $? = 0
configure:7215: test -s conftest
configure:7218: $? = 0
configure:7230: result: yes
configure:7142: checking for strchr
configure:7199: gcc -o conftest -g -O2 -Wno-error    conftest.c  >&5
conftest.c:64:6: warning: incompatible redeclaration of library function 'strchr' [-Wincompatible-library-redeclaration]
char strchr ();
     ^
conftest.c:64:6: note: 'strchr' is a builtin with type 'char *(const char *, int)'
1 warning generated.
configure:7205: $? = 0
configure:7209: test -z 
			 || test ! -s conftest.err
configure:7212: $? = 0
configure:7215: test -s conftest
configure:7218: $? = 0
configure:7230: result: yes
configure:7142: checking for strcasecmp
configure:7199: gcc -o conftest -g -O2 -Wno-error    conftest.c  >&5
conftest.c:65:6: warning: incompatible redeclaration of library function 'strcasecmp' [-Wincompatible-library-redeclaration]
char strcasecmp ();
     ^
conftest.c:65:6: note: 'strcasecmp' is a builtin with type 'int (const char *, const char *)'
1 warning generated.
configure:7205: $? = 0
configure:7209: test -z 
			 || test ! -s conftest.err
configure:7212: $? = 0
configure:7215: test -s conftest
configure:7218: $? = 0
configure:7230: result: yes
configure:7142: checking for __argz_count
configure:7199: gcc -o conftest -g -O2 -Wno-error    conftest.c  >&5
Undefined symbols for architecture x86_64:
  "___argz_count", referenced from:
      _main in conftest-c13bfa.o
      _f in conftest-c13bfa.o
ld: symbol(s) not found for architecture x86_64
clang: error: linker command failed with exit code 1 (use -v to see invocation)
configure:7205: $? = 1
configure: failed program was:
| /* confdefs.h.  */
| 
| #define PACKAGE_NAME ""
| #define PACKAGE_TARNAME ""
| #define PACKAGE_VERSION ""
| #define PACKAGE_STRING ""
| #define PACKAGE_BUGREPORT ""
| #define PACKAGE "binutils"
| #define VERSION "2.17"
| #define _GNU_SOURCE 1
| #define YYTEXT_POINTER 1
| #define STDC_HEADERS 1
| #define HAVE_SYS_TYPES_H 1
| #define HAVE_SYS_STAT_H 1
| #define HAVE_STDLIB_H 1
| #define HAVE_STRING_H 1
| #define HAVE_MEMORY_H 1
| #define HAVE_STRINGS_H 1
| #define HAVE_INTTYPES_H 1
| #define HAVE_STDINT_H 1
| #define HAVE_UNISTD_H 1
| #define HAVE_ALLOCA_H 1
| #define HAVE_ALLOCA 1
| #define HAVE_STDLIB_H 1
| #define HAVE_UNISTD_H 1
| #define HAVE_GETPAGESIZE 1
| #define HAVE_MMAP 1
| #define HAVE_LIMITS_H 1
| #define HAVE_LOCALE_H 1
| #define HAVE_NL_TYPES_H 1
| #define HAVE_STRING_H 1
| #define HAVE_UNISTD_H 1
| #define HAVE_SYS_PARAM_H 1
| #define HAVE_GETCWD 1
| #define HAVE_MUNMAP 1
| #define HAVE_PUTENV 1
| #define HAVE_SETENV 1
| #define HAVE_SETLOCALE 1
| #define HAVE_STRCHR 1
| #define HAVE_STRCASECMP 1
| /* end confdefs.h.  */
| /* Define __argz_count to an innocuous variant, in case <limits.h> declares __argz_count.
|    For example, HP-UX 11i <limits.h> declares gettimeofday.  */
| #define __argz_count innocuous___argz_count
| 
| /* System header to define __stub macros and hopefully few prototypes,
|     which can conflict with char __argz_count (); below.
|     Prefer <limits.h> to <assert.h> if __STDC__ is defined, since
|     <limits.h> exists even on freestanding compilers.  */
| 
| #ifdef __STDC__
| # include <limits.h>
| #else
| # include <assert.h>
| #endif
| 
| #undef __argz_count
| 
| /* Override any gcc2 internal prototype to avoid an error.  */
| #ifdef __cplusplus
| extern "C"
| {
| #endif
| /* We use char because int might match the return type of a gcc2
|    builtin and then its argument prototype would still apply.  */
| char __argz_count ();
| /* The GNU C library defines this for functions which it implements
|     to always fail with ENOSYS.  Some functions are actually named
|     something starting with __ and the normal name is an alias.  */
| #if defined (__stub___argz_count) || defined (__stub_____argz_count)
| choke me
| #else
| char (*f) () = __argz_count;
| #endif
| #ifdef __cplusplus
| }
| #endif
| 
| int
| main ()
| {
| return f != __argz_count;
|   ;
|   return 0;
| }
configure:7230: result: no
configure:7142: checking for __argz_stringify
configure:7199: gcc -o conftest -g -O2 -Wno-error    conftest.c  >&5
Undefined symbols for architecture x86_64:
  "___argz_stringify", referenced from:
      _main in conftest-cf2e5f.o
      _f in conftest-cf2e5f.o
ld: symbol(s) not found for architecture x86_64
clang: error: linker command failed with exit code 1 (use -v to see invocation)
configure:7205: $? = 1
configure: failed program was:
| /* confdefs.h.  */
| 
| #define PACKAGE_NAME ""
| #define PACKAGE_TARNAME ""
| #define PACKAGE_VERSION ""
| #define PACKAGE_STRING ""
| #define PACKAGE_BUGREPORT ""
| #define PACKAGE "binutils"
| #define VERSION "2.17"
| #define _GNU_SOURCE 1
| #define YYTEXT_POINTER 1
| #define STDC_HEADERS 1
| #define HAVE_SYS_TYPES_H 1
| #define HAVE_SYS_STAT_H 1
| #define HAVE_STDLIB_H 1
| #define HAVE_STRING_H 1
| #define HAVE_MEMORY_H 1
| #define HAVE_STRINGS_H 1
| #define HAVE_INTTYPES_H 1
| #define HAVE_STDINT_H 1
| #define HAVE_UNISTD_H 1
| #define HAVE_ALLOCA_H 1
| #define HAVE_ALLOCA 1
| #define HAVE_STDLIB_H 1
| #define HAVE_UNISTD_H 1
| #define HAVE_GETPAGESIZE 1
| #define HAVE_MMAP 1
| #define HAVE_LIMITS_H 1
| #define HAVE_LOCALE_H 1
| #define HAVE_NL_TYPES_H 1
| #define HAVE_STRING_H 1
| #define HAVE_UNISTD_H 1
| #define HAVE_SYS_PARAM_H 1
| #define HAVE_GETCWD 1
| #define HAVE_MUNMAP 1
| #define HAVE_PUTENV 1
| #define HAVE_SETENV 1
| #define HAVE_SETLOCALE 1
| #define HAVE_STRCHR 1
| #define HAVE_STRCASECMP 1
| /* end confdefs.h.  */
| /* Define __argz_stringify to an innocuous variant, in case <limits.h> declares __argz_stringify.
|    For example, HP-UX 11i <limits.h> declares gettimeofday.  */
| #define __argz_stringify innocuous___argz_stringify
| 
| /* System header to define __stub macros and hopefully few prototypes,
|     which can conflict with char __argz_stringify (); below.
|     Prefer <limits.h> to <assert.h> if __STDC__ is defined, since
|     <limits.h> exists even on freestanding compilers.  */
| 
| #ifdef __STDC__
| # include <limits.h>
| #else
| # include <assert.h>
| #endif
| 
| #undef __argz_stringify
| 
| /* Override any gcc2 internal prototype to avoid an error.  */
| #ifdef __cplusplus
| extern "C"
| {
| #endif
| /* We use char because int might match the return type of a gcc2
|    builtin and then its argument prototype would still apply.  */
| char __argz_stringify ();
| /* The GNU C library defines this for functions which it implements
|     to always fail with ENOSYS.  Some functions are actually named
|     something starting with __ and the normal name is an alias.  */
| #if defined (__stub___argz_stringify) || defined (__stub_____argz_stringify)
| choke me
| #else
| char (*f) () = __argz_stringify;
| #endif
| #ifdef __cplusplus
| }
| #endif
| 
| int
| main ()
| {
| return f != __argz_stringify;
|   ;
|   return 0;
| }
configure:7230: result: no
configure:7142: checking for __argz_next
configure:7199: gcc -o conftest -g -O2 -Wno-error    conftest.c  >&5
Undefined symbols for architecture x86_64:
  "___argz_next", referenced from:
      _main in conftest-3e43bf.o
      _f in conftest-3e43bf.o
ld: symbol(s) not found for architecture x86_64
clang: error: linker command failed with exit code 1 (use -v to see invocation)
configure:7205: $? = 1
configure: failed program was:
| /* confdefs.h.  */
| 
| #define PACKAGE_NAME ""
| #define PACKAGE_TARNAME ""
| #define PACKAGE_VERSION ""
| #define PACKAGE_STRING ""
| #define PACKAGE_BUGREPORT ""
| #define PACKAGE "binutils"
| #define VERSION "2.17"
| #define _GNU_SOURCE 1
| #define YYTEXT_POINTER 1
| #define STDC_HEADERS 1
| #define HAVE_SYS_TYPES_H 1
| #define HAVE_SYS_STAT_H 1
| #define HAVE_STDLIB_H 1
| #define HAVE_STRING_H 1
| #define HAVE_MEMORY_H 1
| #define HAVE_STRINGS_H 1
| #define HAVE_INTTYPES_H 1
| #define HAVE_STDINT_H 1
| #define HAVE_UNISTD_H 1
| #define HAVE_ALLOCA_H 1
| #define HAVE_ALLOCA 1
| #define HAVE_STDLIB_H 1
| #define HAVE_UNISTD_H 1
| #define HAVE_GETPAGESIZE 1
| #define HAVE_MMAP 1
| #define HAVE_LIMITS_H 1
| #define HAVE_LOCALE_H 1
| #define HAVE_NL_TYPES_H 1
| #define HAVE_STRING_H 1
| #define HAVE_UNISTD_H 1
| #define HAVE_SYS_PARAM_H 1
| #define HAVE_GETCWD 1
| #define HAVE_MUNMAP 1
| #define HAVE_PUTENV 1
| #define HAVE_SETENV 1
| #define HAVE_SETLOCALE 1
| #define HAVE_STRCHR 1
| #define HAVE_STRCASECMP 1
| /* end confdefs.h.  */
| /* Define __argz_next to an innocuous variant, in case <limits.h> declares __argz_next.
|    For example, HP-UX 11i <limits.h> declares gettimeofday.  */
| #define __argz_next innocuous___argz_next
| 
| /* System header to define __stub macros and hopefully few prototypes,
|     which can conflict with char __argz_next (); below.
|     Prefer <limits.h> to <assert.h> if __STDC__ is defined, since
|     <limits.h> exists even on freestanding compilers.  */
| 
| #ifdef __STDC__
| # include <limits.h>
| #else
| # include <assert.h>
| #endif
| 
| #undef __argz_next
| 
| /* Override any gcc2 internal prototype to avoid an error.  */
| #ifdef __cplusplus
| extern "C"
| {
| #endif
| /* We use char because int might match the return type of a gcc2
|    builtin and then its argument prototype would still apply.  */
| char __argz_next ();
| /* The GNU C library defines this for functions which it implements
|     to always fail with ENOSYS.  Some functions are actually named
|     something starting with __ and the normal name is an alias.  */
| #if defined (__stub___argz_next) || defined (__stub_____argz_next)
| choke me
| #else
| char (*f) () = __argz_next;
| #endif
| #ifdef __cplusplus
| }
| #endif
| 
| int
| main ()
| {
| return f != __argz_next;
|   ;
|   return 0;
| }
configure:7230: result: no
configure:7246: checking for stpcpy
configure:7303: gcc -o conftest -g -O2 -Wno-error    conftest.c  >&5
conftest.c:66:6: warning: incompatible redeclaration of library function 'stpcpy' [-Wincompatible-library-redeclaration]
char stpcpy ();
     ^
conftest.c:66:6: note: 'stpcpy' is a builtin with type 'char *(char *, const char *)'
1 warning generated.
configure:7309: $? = 0
configure:7313: test -z 
			 || test ! -s conftest.err
configure:7316: $? = 0
configure:7319: test -s conftest
configure:7322: $? = 0
configure:7334: result: yes
configure:7354: checking for LC_MESSAGES
configure:7375: gcc -o conftest -g -O2 -Wno-error    conftest.c  >&5
configure:7381: $? = 0
configure:7385: test -z 
			 || test ! -s conftest.err
configure:7388: $? = 0
configure:7391: test -s conftest
configure:7394: $? = 0
configure:7406: result: yes
configure:7416: checking whether NLS is requested
configure:7425: result: yes
configure:7432: checking whether included gettext is requested
configure:7442: result: no
configure:7461: checking libintl.h usability
configure:7473: gcc -c -g -O2 -Wno-error   conftest.c >&5
configure:7479: $? = 0
configure:7483: test -z 
			 || test ! -s conftest.err
configure:7486: $? = 0
configure:7489: test -s conftest.o
configure:7492: $? = 0
configure:7502: result: yes
configure:7506: checking libintl.h presence
configure:7516: gcc -E  conftest.c
configure:7522: $? = 0
configure:7542: result: yes
configure:7577: checking for libintl.h
configure:7584: result: yes
configure:7589: checking for gettext in libc
configure:7610: gcc -o conftest -g -O2 -Wno-error    conftest.c  >&5
Undefined symbols for architecture x86_64:
  "_libintl_gettext", referenced from:
      _main in conftest-a6caed.o
ld: symbol(s) not found for architecture x86_64
clang: error: linker command failed with exit code 1 (use -v to see invocation)
configure:7616: $? = 1
configure: failed program was:
| /* confdefs.h.  */
| 
| #define PACKAGE_NAME ""
| #define PACKAGE_TARNAME ""
| #define PACKAGE_VERSION ""
| #define PACKAGE_STRING ""
| #define PACKAGE_BUGREPORT ""
| #define PACKAGE "binutils"
| #define VERSION "2.17"
| #define _GNU_SOURCE 1
| #define YYTEXT_POINTER 1
| #define STDC_HEADERS 1
| #define HAVE_SYS_TYPES_H 1
| #define HAVE_SYS_STAT_H 1
| #define HAVE_STDLIB_H 1
| #define HAVE_STRING_H 1
| #define HAVE_MEMORY_H 1
| #define HAVE_STRINGS_H 1
| #define HAVE_INTTYPES_H 1
| #define HAVE_STDINT_H 1
| #define HAVE_UNISTD_H 1
| #define HAVE_ALLOCA_H 1
| #define HAVE_ALLOCA 1
| #define HAVE_STDLIB_H 1
| #define HAVE_UNISTD_H 1
| #define HAVE_GETPAGESIZE 1
| #define HAVE_MMAP 1
| #define HAVE_LIMITS_H 1
| #define HAVE_LOCALE_H 1
| #define HAVE_NL_TYPES_H 1
| #define HAVE_STRING_H 1
| #define HAVE_UNISTD_H 1
| #define HAVE_SYS_PARAM_H 1
| #define HAVE_GETCWD 1
| #define HAVE_MUNMAP 1
| #define HAVE_PUTENV 1
| #define HAVE_SETENV 1
| #define HAVE_SETLOCALE 1
| #define HAVE_STRCHR 1
| #define HAVE_STRCASECMP 1
| #define HAVE_STPCPY 1
| #define HAVE_STPCPY 1
| #define HAVE_LC_MESSAGES 1
| /* end confdefs.h.  */
| #include <libintl.h>
| int
| main ()
| {
| return (int) gettext ("")
|   ;
|   return 0;
| }
configure:7641: result: no
configure:7645: checking for bindtextdomain in -lintl
configure:7675: gcc -o conftest -g -O2 -Wno-error    conftest.c -lintl   >&5
configure:7681: $? = 0
configure:7685: test -z 
			 || test ! -s conftest.err
configure:7688: $? = 0
configure:7691: test -s conftest
configure:7694: $? = 0
configure:7707: result: yes
configure:7710: checking for gettext in libintl
configure:7731: gcc -o conftest -g -O2 -Wno-error    conftest.c  >&5
conftest.c:49:14: warning: implicit declaration of function 'gettext' is invalid in C99 [-Wimplicit-function-declaration]
return (int) gettext ("")
             ^
1 warning generated.
Undefined symbols for architecture x86_64:
  "_gettext", referenced from:
      _main in conftest-2e3b1d.o
ld: symbol(s) not found for architecture x86_64
clang: error: linker command failed with exit code 1 (use -v to see invocation)
configure:7737: $? = 1
configure: failed program was:
| /* confdefs.h.  */
| 
| #define PACKAGE_NAME ""
| #define PACKAGE_TARNAME ""
| #define PACKAGE_VERSION ""
| #define PACKAGE_STRING ""
| #define PACKAGE_BUGREPORT ""
| #define PACKAGE "binutils"
| #define VERSION "2.17"
| #define _GNU_SOURCE 1
| #define YYTEXT_POINTER 1
| #define STDC_HEADERS 1
| #define HAVE_SYS_TYPES_H 1
| #define HAVE_SYS_STAT_H 1
| #define HAVE_STDLIB_H 1
| #define HAVE_STRING_H 1
| #define HAVE_MEMORY_H 1
| #define HAVE_STRINGS_H 1
| #define HAVE_INTTYPES_H 1
| #define HAVE_STDINT_H 1
| #define HAVE_UNISTD_H 1
| #define HAVE_ALLOCA_H 1
| #define HAVE_ALLOCA 1
| #define HAVE_STDLIB_H 1
| #define HAVE_UNISTD_H 1
| #define HAVE_GETPAGESIZE 1
| #define HAVE_MMAP 1
| #define HAVE_LIMITS_H 1
| #define HAVE_LOCALE_H 1
| #define HAVE_NL_TYPES_H 1
| #define HAVE_STRING_H 1
| #define HAVE_UNISTD_H 1
| #define HAVE_SYS_PARAM_H 1
| #define HAVE_GETCWD 1
| #define HAVE_MUNMAP 1
| #define HAVE_PUTENV 1
| #define HAVE_SETENV 1
| #define HAVE_SETLOCALE 1
| #define HAVE_STRCHR 1
| #define HAVE_STRCASECMP 1
| #define HAVE_STPCPY 1
| #define HAVE_STPCPY 1
| #define HAVE_LC_MESSAGES 1
| /* end confdefs.h.  */
| 
| int
| main ()
| {
| return (int) gettext ("")
|   ;
|   return 0;
| }
configure:7762: result: no
configure:8058: checking for msgfmt
configure:8085: result: /Users/meghna/anaconda3/bin/msgfmt
configure:8094: checking for gmsgfmt
configure:8125: result: /Users/meghna/anaconda3/bin/msgfmt
configure:8134: checking for xgettext
configure:8161: result: /Users/meghna/anaconda3/bin/xgettext
configure:8234: checking for catalogs to be installed
configure:8243: result:  fr tr ja es sv da zh_CN ru ro rw zh_TW fi vi
configure:8446: checking whether to enable maintainer-specific portions of Makefiles
configure:8455: result: no
configure:8496: checking for i386-apple-darwin18.6.0-ranlib
configure:8522: result: ranlib
configure:8586: checking for a BSD-compatible install
configure:8641: result: /usr/bin/install -c
configure:8708: checking for string.h
configure:8713: result: yes
configure:8708: checking for strings.h
configure:8713: result: yes
configure:8708: checking for stdlib.h
configure:8713: result: yes
configure:8708: checking for unistd.h
configure:8713: result: yes
configure:8717: checking fcntl.h usability
configure:8729: gcc -c -g -O2 -Wno-error   conftest.c >&5
configure:8735: $? = 0
configure:8739: test -z 
			 || test ! -s conftest.err
configure:8742: $? = 0
configure:8745: test -s conftest.o
configure:8748: $? = 0
configure:8758: result: yes
configure:8762: checking fcntl.h presence
configure:8772: gcc -E  conftest.c
configure:8778: $? = 0
configure:8798: result: yes
configure:8833: checking for fcntl.h
configure:8840: result: yes
configure:8717: checking sys/file.h usability
configure:8729: gcc -c -g -O2 -Wno-error   conftest.c >&5
configure:8735: $? = 0
configure:8739: test -z 
			 || test ! -s conftest.err
configure:8742: $? = 0
configure:8745: test -s conftest.o
configure:8748: $? = 0
configure:8758: result: yes
configure:8762: checking sys/file.h presence
configure:8772: gcc -E  conftest.c
configure:8778: $? = 0
configure:8798: result: yes
configure:8833: checking for sys/file.h
configure:8840: result: yes
configure:8853: checking for sys/wait.h that is POSIX.1 compatible
configure:8884: gcc -c -g -O2 -Wno-error   conftest.c >&5
configure:8890: $? = 0
configure:8894: test -z 
			 || test ! -s conftest.err
configure:8897: $? = 0
configure:8900: test -s conftest.o
configure:8903: $? = 0
configure:8914: result: yes
configure:8926: checking for working alloca.h
configure:8978: result: yes
configure:8988: checking for alloca
configure:9060: result: yes
configure:9291: checking for sbrk
configure:9348: gcc -o conftest -g -O2 -Wno-error    conftest.c  >&5
configure:9354: $? = 0
configure:9358: test -z 
			 || test ! -s conftest.err
configure:9361: $? = 0
configure:9364: test -s conftest
configure:9367: $? = 0
configure:9379: result: yes
configure:9291: checking for utimes
configure:9348: gcc -o conftest -g -O2 -Wno-error    conftest.c  >&5
configure:9354: $? = 0
configure:9358: test -z 
			 || test ! -s conftest.err
configure:9361: $? = 0
configure:9364: test -s conftest
configure:9367: $? = 0
configure:9379: result: yes
configure:9291: checking for setmode
configure:9348: gcc -o conftest -g -O2 -Wno-error    conftest.c  >&5
configure:9354: $? = 0
configure:9358: test -z 
			 || test ! -s conftest.err
configure:9361: $? = 0
configure:9364: test -s conftest
configure:9367: $? = 0
configure:9379: result: yes
configure:9291: checking for getc_unlocked
configure:9348: gcc -o conftest -g -O2 -Wno-error    conftest.c  >&5
configure:9354: $? = 0
configure:9358: test -z 
			 || test ! -s conftest.err
configure:9361: $? = 0
configure:9364: test -s conftest
configure:9367: $? = 0
configure:9379: result: yes
configure:9291: checking for strcoll
configure:9348: gcc -o conftest -g -O2 -Wno-error    conftest.c  >&5
configure:9354: $? = 0
configure:9358: test -z 
			 || test ! -s conftest.err
configure:9361: $? = 0
configure:9364: test -s conftest
configure:9367: $? = 0
configure:9379: result: yes
configure:9392: checking for fopen64
configure:9413: gcc -o conftest -g -O2 -Wno-error    conftest.c  >&5
conftest.c:65:11: warning: implicit declaration of function 'fopen64' is invalid in C99 [-Wimplicit-function-declaration]
FILE *f = fopen64 ("/tmp/foo","r");
          ^
conftest.c:65:7: warning: incompatible integer to pointer conversion initializing 'FILE *' (aka 'struct __sFILE *') with an expression of type 'int' [-Wint-conversion]
FILE *f = fopen64 ("/tmp/foo","r");
      ^   ~~~~~~~~~~~~~~~~~~~~~~~~
2 warnings generated.
Undefined symbols for architecture x86_64:
  "_fopen64", referenced from:
      _main in conftest-7c86f1.o
ld: symbol(s) not found for architecture x86_64
clang: error: linker command failed with exit code 1 (use -v to see invocation)
configure:9419: $? = 1
configure: failed program was:
| /* confdefs.h.  */
| 
| #define PACKAGE_NAME ""
| #define PACKAGE_TARNAME ""
| #define PACKAGE_VERSION ""
| #define PACKAGE_STRING ""
| #define PACKAGE_BUGREPORT ""
| #define PACKAGE "binutils"
| #define VERSION "2.17"
| #define _GNU_SOURCE 1
| #define YYTEXT_POINTER 1
| #define STDC_HEADERS 1
| #define HAVE_SYS_TYPES_H 1
| #define HAVE_SYS_STAT_H 1
| #define HAVE_STDLIB_H 1
| #define HAVE_STRING_H 1
| #define HAVE_MEMORY_H 1
| #define HAVE_STRINGS_H 1
| #define HAVE_INTTYPES_H 1
| #define HAVE_STDINT_H 1
| #define HAVE_UNISTD_H 1
| #define HAVE_ALLOCA_H 1
| #define HAVE_ALLOCA 1
| #define HAVE_STDLIB_H 1
| #define HAVE_UNISTD_H 1
| #define HAVE_GETPAGESIZE 1
| #define HAVE_MMAP 1
| #define HAVE_LIMITS_H 1
| #define HAVE_LOCALE_H 1
| #define HAVE_NL_TYPES_H 1
| #define HAVE_STRING_H 1
| #define HAVE_UNISTD_H 1
| #define HAVE_SYS_PARAM_H 1
| #define HAVE_GETCWD 1
| #define HAVE_MUNMAP 1
| #define HAVE_PUTENV 1
| #define HAVE_SETENV 1
| #define HAVE_SETLOCALE 1
| #define HAVE_STRCHR 1
| #define HAVE_STRCASECMP 1
| #define HAVE_STPCPY 1
| #define HAVE_STPCPY 1
| #define HAVE_LC_MESSAGES 1
| #define ENABLE_NLS 1
| #define EXECUTABLE_SUFFIX ""
| #define HAVE_STRING_H 1
| #define HAVE_STRINGS_H 1
| #define HAVE_STDLIB_H 1
| #define HAVE_UNISTD_H 1
| #define HAVE_FCNTL_H 1
| #define HAVE_SYS_FILE_H 1
| #define HAVE_SYS_WAIT_H 1
| #define HAVE_ALLOCA_H 1
| #define HAVE_ALLOCA 1
| #define HAVE_SBRK 1
| #define HAVE_UTIMES 1
| #define HAVE_SETMODE 1
| #define HAVE_GETC_UNLOCKED 1
| #define HAVE_STRCOLL 1
| /* end confdefs.h.  */
| #include <stdio.h>
| int
| main ()
| {
| FILE *f = fopen64 ("/tmp/foo","r");
|   ;
|   return 0;
| }
configure:9457: gcc -o conftest -g -O2 -Wno-error   -D_LARGEFILE64_SOURCE  conftest.c  >&5
conftest.c:65:11: warning: implicit declaration of function 'fopen64' is invalid in C99 [-Wimplicit-function-declaration]
FILE *f = fopen64 ("/tmp/foo","r");
          ^
conftest.c:65:7: warning: incompatible integer to pointer conversion initializing 'FILE *' (aka 'struct __sFILE *') with an expression of type 'int' [-Wint-conversion]
FILE *f = fopen64 ("/tmp/foo","r");
      ^   ~~~~~~~~~~~~~~~~~~~~~~~~
2 warnings generated.
Undefined symbols for architecture x86_64:
  "_fopen64", referenced from:
      _main in conftest-4df5de.o
ld: symbol(s) not found for architecture x86_64
clang: error: linker command failed with exit code 1 (use -v to see invocation)
configure:9463: $? = 1
configure: failed program was:
| /* confdefs.h.  */
| 
| #define PACKAGE_NAME ""
| #define PACKAGE_TARNAME ""
| #define PACKAGE_VERSION ""
| #define PACKAGE_STRING ""
| #define PACKAGE_BUGREPORT ""
| #define PACKAGE "binutils"
| #define VERSION "2.17"
| #define _GNU_SOURCE 1
| #define YYTEXT_POINTER 1
| #define STDC_HEADERS 1
| #define HAVE_SYS_TYPES_H 1
| #define HAVE_SYS_STAT_H 1
| #define HAVE_STDLIB_H 1
| #define HAVE_STRING_H 1
| #define HAVE_MEMORY_H 1
| #define HAVE_STRINGS_H 1
| #define HAVE_INTTYPES_H 1
| #define HAVE_STDINT_H 1
| #define HAVE_UNISTD_H 1
| #define HAVE_ALLOCA_H 1
| #define HAVE_ALLOCA 1
| #define HAVE_STDLIB_H 1
| #define HAVE_UNISTD_H 1
| #define HAVE_GETPAGESIZE 1
| #define HAVE_MMAP 1
| #define HAVE_LIMITS_H 1
| #define HAVE_LOCALE_H 1
| #define HAVE_NL_TYPES_H 1
| #define HAVE_STRING_H 1
| #define HAVE_UNISTD_H 1
| #define HAVE_SYS_PARAM_H 1
| #define HAVE_GETCWD 1
| #define HAVE_MUNMAP 1
| #define HAVE_PUTENV 1
| #define HAVE_SETENV 1
| #define HAVE_SETLOCALE 1
| #define HAVE_STRCHR 1
| #define HAVE_STRCASECMP 1
| #define HAVE_STPCPY 1
| #define HAVE_STPCPY 1
| #define HAVE_LC_MESSAGES 1
| #define ENABLE_NLS 1
| #define EXECUTABLE_SUFFIX ""
| #define HAVE_STRING_H 1
| #define HAVE_STRINGS_H 1
| #define HAVE_STDLIB_H 1
| #define HAVE_UNISTD_H 1
| #define HAVE_FCNTL_H 1
| #define HAVE_SYS_FILE_H 1
| #define HAVE_SYS_WAIT_H 1
| #define HAVE_ALLOCA_H 1
| #define HAVE_ALLOCA 1
| #define HAVE_SBRK 1
| #define HAVE_UTIMES 1
| #define HAVE_SETMODE 1
| #define HAVE_GETC_UNLOCKED 1
| #define HAVE_STRCOLL 1
| /* end confdefs.h.  */
| #include <stdio.h>
| int
| main ()
| {
| FILE *f = fopen64 ("/tmp/foo","r");
|   ;
|   return 0;
| }
configure:9493: result: no
configure:9502: checking for stat64
configure:9523: gcc -o conftest -g -O2 -Wno-error    conftest.c  >&5
conftest.c:65:19: warning: 'stat64' is deprecated: first deprecated in macOS 10.6 [-Wdeprecated-declarations]
struct stat64 st; stat64 ("/tmp/foo", &st);
                  ^
/Library/Developer/CommandLineTools/SDKs/MacOSX10.14.sdk/usr/include/sys/stat.h:402:9: note: 'stat64' has been explicitly marked deprecated here
int     stat64(const char *, struct stat64 *) __OSX_AVAILABLE_BUT_DEPRECATED(__MAC_10_5, __MAC_10_6, __IPHONE_NA, __IPHONE_NA);
        ^
1 warning generated.
configure:9529: $? = 0
configure:9533: test -z 
			 || test ! -s conftest.err
configure:9536: $? = 0
configure:9539: test -s conftest
configure:9542: $? = 0
configure:9603: result: yes
configure:9623: checking for library containing frexp
configure:9653: gcc -o conftest -g -O2 -Wno-error    conftest.c  >&5
conftest.c:69:6: warning: incompatible redeclaration of library function 'frexp' [-Wincompatible-library-redeclaration]
char frexp ();
     ^
conftest.c:69:6: note: 'frexp' is a builtin with type 'double (double, int *)'
1 warning generated.
configure:9659: $? = 0
configure:9663: test -z 
			 || test ! -s conftest.err
configure:9666: $? = 0
configure:9669: test -s conftest
configure:9672: $? = 0
configure:9742: result: none required
configure:9750: checking for time_t in time.h
configure:9771: gcc -c -g -O2 -Wno-error   conftest.c >&5
configure:9777: $? = 0
configure:9781: test -z 
			 || test ! -s conftest.err
configure:9784: $? = 0
configure:9787: test -s conftest.o
configure:9790: $? = 0
configure:9802: result: yes
configure:9812: checking for time_t in sys/types.h
configure:9833: gcc -c -g -O2 -Wno-error   conftest.c >&5
configure:9839: $? = 0
configure:9843: test -z 
			 || test ! -s conftest.err
configure:9846: $? = 0
configure:9849: test -s conftest.o
configure:9852: $? = 0
configure:9864: result: yes
configure:9874: checking for a known getopt prototype in unistd.h
configure:9895: gcc -c -g -O2 -Wno-error   conftest.c >&5
configure:9901: $? = 0
configure:9905: test -z 
			 || test ! -s conftest.err
configure:9908: $? = 0
configure:9911: test -s conftest.o
configure:9914: $? = 0
configure:9926: result: yes
configure:9938: checking for utime.h
configure:9963: gcc -c -g -O2 -Wno-error   conftest.c >&5
configure:9969: $? = 0
configure:9973: test -z 
			 || test ! -s conftest.err
configure:9976: $? = 0
configure:9979: test -s conftest.o
configure:9982: $? = 0
configure:9994: result: yes
configure:10004: checking whether fprintf is declared
configure:10028: gcc -c -g -O2 -Wno-error   conftest.c >&5
configure:10034: $? = 0
configure:10038: test -z 
			 || test ! -s conftest.err
configure:10041: $? = 0
configure:10044: test -s conftest.o
configure:10047: $? = 0
configure:10058: result: yes
configure:10074: checking whether stpcpy is declared
configure:10098: gcc -c -g -O2 -Wno-error   conftest.c >&5
configure:10104: $? = 0
configure:10108: test -z 
			 || test ! -s conftest.err
configure:10111: $? = 0
configure:10114: test -s conftest.o
configure:10117: $? = 0
configure:10128: result: yes
configure:10144: checking whether strstr is declared
configure:10168: gcc -c -g -O2 -Wno-error   conftest.c >&5
configure:10174: $? = 0
configure:10178: test -z 
			 || test ! -s conftest.err
configure:10181: $? = 0
configure:10184: test -s conftest.o
configure:10187: $? = 0
configure:10198: result: yes
configure:10214: checking whether sbrk is declared
configure:10238: gcc -c -g -O2 -Wno-error   conftest.c >&5
conftest.c:107:22: warning: 'sbrk' is deprecated [-Wdeprecated-declarations]
  char *p = (char *) sbrk;
                     ^
/Library/Developer/CommandLineTools/SDKs/MacOSX10.14.sdk/usr/include/unistd.h:585:1: note: 'sbrk' has been explicitly marked deprecated here
__deprecated __WATCHOS_PROHIBITED __TVOS_PROHIBITED
^
/Library/Developer/CommandLineTools/SDKs/MacOSX10.14.sdk/usr/include/sys/cdefs.h:176:40: note: expanded from macro '__deprecated'
#define __deprecated    __attribute__((deprecated))
                                       ^
1 warning generated.
configure:10244: $? = 0
configure:10248: test -z 
			 || test ! -s conftest.err
configure:10251: $? = 0
configure:10254: test -s conftest.o
configure:10257: $? = 0
configure:10268: result: yes
configure:10284: checking whether getenv is declared
configure:10308: gcc -c -g -O2 -Wno-error   conftest.c >&5
configure:10314: $? = 0
configure:10318: test -z 
			 || test ! -s conftest.err
configure:10321: $? = 0
configure:10324: test -s conftest.o
configure:10327: $? = 0
configure:10338: result: yes
configure:10354: checking whether environ is declared
configure:10378: gcc -c -g -O2 -Wno-error   conftest.c >&5
conftest.c:109:22: error: use of undeclared identifier 'environ'; did you mean 'union'?
  char *p = (char *) environ;
                     ^~~~~~~
                     union
conftest.c:109:22: error: expected expression
2 errors generated.
configure:10384: $? = 1
configure: failed program was:
| /* confdefs.h.  */
| 
| #define PACKAGE_NAME ""
| #define PACKAGE_TARNAME ""
| #define PACKAGE_VERSION ""
| #define PACKAGE_STRING ""
| #define PACKAGE_BUGREPORT ""
| #define PACKAGE "binutils"
| #define VERSION "2.17"
| #define _GNU_SOURCE 1
| #define YYTEXT_POINTER 1
| #define STDC_HEADERS 1
| #define HAVE_SYS_TYPES_H 1
| #define HAVE_SYS_STAT_H 1
| #define HAVE_STDLIB_H 1
| #define HAVE_STRING_H 1
| #define HAVE_MEMORY_H 1
| #define HAVE_STRINGS_H 1
| #define HAVE_INTTYPES_H 1
| #define HAVE_STDINT_H 1
| #define HAVE_UNISTD_H 1
| #define HAVE_ALLOCA_H 1
| #define HAVE_ALLOCA 1
| #define HAVE_STDLIB_H 1
| #define HAVE_UNISTD_H 1
| #define HAVE_GETPAGESIZE 1
| #define HAVE_MMAP 1
| #define HAVE_LIMITS_H 1
| #define HAVE_LOCALE_H 1
| #define HAVE_NL_TYPES_H 1
| #define HAVE_STRING_H 1
| #define HAVE_UNISTD_H 1
| #define HAVE_SYS_PARAM_H 1
| #define HAVE_GETCWD 1
| #define HAVE_MUNMAP 1
| #define HAVE_PUTENV 1
| #define HAVE_SETENV 1
| #define HAVE_SETLOCALE 1
| #define HAVE_STRCHR 1
| #define HAVE_STRCASECMP 1
| #define HAVE_STPCPY 1
| #define HAVE_STPCPY 1
| #define HAVE_LC_MESSAGES 1
| #define ENABLE_NLS 1
| #define EXECUTABLE_SUFFIX ""
| #define HAVE_STRING_H 1
| #define HAVE_STRINGS_H 1
| #define HAVE_STDLIB_H 1
| #define HAVE_UNISTD_H 1
| #define HAVE_FCNTL_H 1
| #define HAVE_SYS_FILE_H 1
| #define HAVE_SYS_WAIT_H 1
| #define HAVE_ALLOCA_H 1
| #define HAVE_ALLOCA 1
| #define HAVE_SBRK 1
| #define HAVE_UTIMES 1
| #define HAVE_SETMODE 1
| #define HAVE_GETC_UNLOCKED 1
| #define HAVE_STRCOLL 1
| #define HAVE_STAT64 1
| #define HAVE_TIME_T_IN_TIME_H 1
| #define HAVE_TIME_T_IN_TYPES_H 1
| #define HAVE_DECL_GETOPT 1
| #define HAVE_GOOD_UTIME_H 1
| #define HAVE_DECL_FPRINTF 1
| #define HAVE_DECL_STPCPY 1
| #define HAVE_DECL_STRSTR 1
| #define HAVE_DECL_SBRK 1
| #define HAVE_DECL_GETENV 1
| /* end confdefs.h.  */
| #include <stdio.h>
| #if HAVE_SYS_TYPES_H
| # include <sys/types.h>
| #endif
| #if HAVE_SYS_STAT_H
| # include <sys/stat.h>
| #endif
| #if STDC_HEADERS
| # include <stdlib.h>
| # include <stddef.h>
| #else
| # if HAVE_STDLIB_H
| #  include <stdlib.h>
| # endif
| #endif
| #if HAVE_STRING_H
| # if !STDC_HEADERS && HAVE_MEMORY_H
| #  include <memory.h>
| # endif
| # include <string.h>
| #endif
| #if HAVE_STRINGS_H
| # include <strings.h>
| #endif
| #if HAVE_INTTYPES_H
| # include <inttypes.h>
| #else
| # if HAVE_STDINT_H
| #  include <stdint.h>
| # endif
| #endif
| #if HAVE_UNISTD_H
| # include <unistd.h>
| #endif
| int
| main ()
| {
| #ifndef environ
|   char *p = (char *) environ;
| #endif
| 
|   ;
|   return 0;
| }
configure:10408: result: no
configure:10424: checking whether getc_unlocked is declared
configure:10448: gcc -c -g -O2 -Wno-error   conftest.c >&5
configure:10454: $? = 0
configure:10458: test -z 
			 || test ! -s conftest.err
configure:10461: $? = 0
configure:10464: test -s conftest.o
configure:10467: $? = 0
configure:10478: result: yes
configure:10494: checking whether snprintf is declared
configure:10518: gcc -c -g -O2 -Wno-error   conftest.c >&5
configure:10524: $? = 0
configure:10528: test -z 
			 || test ! -s conftest.err
configure:10531: $? = 0
configure:10534: test -s conftest.o
configure:10537: $? = 0
configure:10548: result: yes
configure:10564: checking whether vsnprintf is declared
configure:10588: gcc -c -g -O2 -Wno-error   conftest.c >&5
configure:10594: $? = 0
configure:10598: test -z 
			 || test ! -s conftest.err
configure:10601: $? = 0
configure:10604: test -s conftest.o
configure:10607: $? = 0
configure:10618: result: yes
configure:10938: creating ./config.status

## ---------------------- ##
## Running config.status. ##
## ---------------------- ##

This file was extended by config.status, which was
generated by GNU Autoconf 2.59.  Invocation command line was

  CONFIG_FILES    = 
  CONFIG_HEADERS  = 
  CONFIG_LINKS    = 
  CONFIG_COMMANDS = 
  $ ./config.status 

on Meghnas-MacBook-Pro-2.local

config.status:757: creating Makefile
config.status:757: creating doc/Makefile
config.status:757: creating po/Makefile.in
config.status:854: creating config.h
config.status:1268: executing depfiles commands
config.status:1268: executing default commands

## ---------------- ##
## Cache variables. ##
## ---------------- ##

ac_cv_archive_cmds_needs_lc=yes
ac_cv_build=i386-apple-darwin18.6.0
ac_cv_build_alias=i386-apple-darwin18.6.0
ac_cv_c_compiler_gnu=yes
ac_cv_c_const=yes
ac_cv_c_inline=inline
ac_cv_env_CC_set=set
ac_cv_env_CC_value=gcc
ac_cv_env_CFLAGS_set=set
ac_cv_env_CFLAGS_value='-g -O2 -Wno-error '
ac_cv_env_CPPFLAGS_set=
ac_cv_env_CPPFLAGS_value=
ac_cv_env_CPP_set=
ac_cv_env_CPP_value=
ac_cv_env_LDFLAGS_set=set
ac_cv_env_LDFLAGS_value=
ac_cv_env_build_alias_set=set
ac_cv_env_build_alias_value=i386-apple-darwin18.6.0
ac_cv_env_host_alias_set=set
ac_cv_env_host_alias_value=i386-apple-darwin18.6.0
ac_cv_env_target_alias_set=set
ac_cv_env_target_alias_value=mips-linux
ac_cv_exeext=
ac_cv_func___argz_count=no
ac_cv_func___argz_next=no
ac_cv_func___argz_stringify=no
ac_cv_func_alloca_works=yes
ac_cv_func_getc_unlocked=yes
ac_cv_func_getcwd=yes
ac_cv_func_getpagesize=yes
ac_cv_func_mmap_fixed_mapped=yes
ac_cv_func_munmap=yes
ac_cv_func_putenv=yes
ac_cv_func_sbrk=yes
ac_cv_func_setenv=yes
ac_cv_func_setlocale=yes
ac_cv_func_setmode=yes
ac_cv_func_stpcpy=yes
ac_cv_func_strcasecmp=yes
ac_cv_func_strchr=yes
ac_cv_func_strcoll=yes
ac_cv_func_utimes=yes
ac_cv_have_decl_environ=no
ac_cv_have_decl_fprintf=yes
ac_cv_have_decl_getc_unlocked=yes
ac_cv_have_decl_getenv=yes
ac_cv_have_decl_sbrk=yes
ac_cv_have_decl_snprintf=yes
ac_cv_have_decl_stpcpy=yes
ac_cv_have_decl_strstr=yes
ac_cv_have_decl_vsnprintf=yes
ac_cv_header_argz_h=no
ac_cv_header_fcntl_h=yes
ac_cv_header_inttypes_h=yes
ac_cv_header_libintl_h=yes
ac_cv_header_limits_h=yes
ac_cv_header_locale_h=yes
ac_cv_header_malloc_h=no
ac_cv_header_memory_h=yes
ac_cv_header_nl_types_h=yes
ac_cv_header_stdc=yes
ac_cv_header_stdint_h=yes
ac_cv_header_stdlib_h=yes
ac_cv_header_string_h=yes
ac_cv_header_strings_h=yes
ac_cv_header_sys_file_h=yes
ac_cv_header_sys_param_h=yes
ac_cv_header_sys_stat_h=yes
ac_cv_header_sys_types_h=yes
ac_cv_header_sys_wait_h=yes
ac_cv_header_unistd_h=yes
ac_cv_header_values_h=no
ac_cv_host=i386-apple-darwin18.6.0
ac_cv_host_alias=i386-apple-darwin18.6.0
ac_cv_lib_fl_yywrap=no
ac_cv_lib_intl_bindtextdomain=yes
ac_cv_lib_l_yywrap=yes
ac_cv_objext=o
ac_cv_path_GMSGFMT=/Users/meghna/anaconda3/bin/msgfmt
ac_cv_path_MSGFMT=/Users/meghna/anaconda3/bin/msgfmt
ac_cv_path_XGETTEXT=/Users/meghna/anaconda3/bin/xgettext
ac_cv_prog_AWK=awk
ac_cv_prog_CC=gcc
ac_cv_prog_CPP='gcc -E'
ac_cv_prog_LEX=flex
ac_cv_prog_RANLIB=ranlib
ac_cv_prog_YACC='bison -y'
ac_cv_prog_ac_ct_STRIP=strip
ac_cv_prog_cc_can_build_shared=yes
ac_cv_prog_cc_g=yes
ac_cv_prog_cc_no_builtin=
ac_cv_prog_cc_pic='  -DPIC'
ac_cv_prog_cc_pic_works=yes
ac_cv_prog_cc_shlib=
ac_cv_prog_cc_static=
ac_cv_prog_cc_static_works=no
ac_cv_prog_cc_stdc=
ac_cv_prog_cc_wl=-Wl,
ac_cv_prog_egrep='grep -E'
ac_cv_prog_lex_root=lex.yy
ac_cv_prog_lex_yytext_pointer=yes
ac_cv_prog_make_make_set=yes
ac_cv_search_frexp='none required'
ac_cv_search_strerror='none required'
ac_cv_target=mips-unknown-linux-gnu
ac_cv_target_alias=mips-linux
ac_cv_type_off_t=yes
ac_cv_type_size_t=yes
ac_cv_working_alloca_h=yes
am_cv_CC_dependencies_compiler_type=none
am_cv_val_LC_MESSAGES=yes
bu_cv_decl_getopt_unistd_h=yes
bu_cv_decl_time_t_time_h=yes
bu_cv_decl_time_t_types_h=yes
bu_cv_have_fopen64=no
bu_cv_have_stat64=yes
bu_cv_header_utime_h=yes
gt_cv_func_gettext_libc=no
gt_cv_func_gettext_libintl=no
lt_cv_compiler_c_o=yes
lt_cv_deplibs_check_method=pass_all
lt_cv_file_magic_cmd='/usr/bin/file -L'
lt_cv_file_magic_test_file=/usr/lib/libSystem.dylib
lt_cv_ld_reload_flag=-r
lt_cv_path_LD=/Library/Developer/CommandLineTools/usr/bin/ld
lt_cv_path_NM=nm
lt_cv_prog_cc_pic=-fno-common
lt_cv_prog_gnu_ld=no
lt_cv_sys_max_cmd_len=196608
nls_cv_force_use_gnu_gettext=no
nls_cv_header_intl=libintl.h
nls_cv_header_libgt=libgettext.h
nls_cv_use_gnu_gettext=yes

## ----------------- ##
## Output variables. ##
## ----------------- ##

ACLOCAL='${SHELL} /Users/meghna/desktop/cs161/cs161-binutils-1.5/binutils-2.17/missing --run aclocal-1.9'
ALLOCA=''
AMDEPBACKSLASH='\'
AMDEP_FALSE='#'
AMDEP_TRUE=''
AMTAR='${SHELL} /Users/meghna/desktop/cs161/cs161-binutils-1.5/binutils-2.17/missing --run tar'
AR='ar'
AUTOCONF='${SHELL} /Users/meghna/desktop/cs161/cs161-binutils-1.5/binutils-2.17/missing --run autoconf'
AUTOHEADER='${SHELL} /Users/meghna/desktop/cs161/cs161-binutils-1.5/binutils-2.17/missing --run autoheader'
AUTOMAKE='${SHELL} /Users/meghna/desktop/cs161/cs161-binutils-1.5/binutils-2.17/missing --run automake-1.9'
AWK='awk'
BUILD_DLLTOOL=''
BUILD_DLLWRAP=''
BUILD_MISC=''
BUILD_NLMCONV=''
BUILD_SRCONV=''
BUILD_WINDRES=''
CATALOGS=' fr.gmo tr.gmo ja.gmo es.gmo sv.gmo da.gmo zh_CN.gmo ru.gmo ro.gmo rw.gmo zh_TW.gmo fi.gmo vi.gmo'
CATOBJEXT='.gmo'
CC='gcc'
CCDEPMODE='depmode=none'
CC_FOR_BUILD='gcc'
CFLAGS='-g -O2 -Wno-error '
CPP='gcc -E'
CPPFLAGS=''
CYGPATH_W='echo'
DATADIRNAME='share'
DEFS='-DHAVE_CONFIG_H'
DEMANGLER_NAME='c++filt'
DEPDIR='.deps'
DLLTOOL_DEFS=''
ECHO_C='ECHO_N=''
ECHO_T=''
EGREP='grep -E'
EMULATION='vanilla'
EMULATION_VECTOR='bin_vanilla_emulation'
EXEEXT=''
EXEEXT_FOR_BUILD='$(EXEEXT)'
GMOFILES=' fr.gmo tr.gmo ja.gmo es.gmo sv.gmo da.gmo zh_CN.gmo ru.gmo ro.gmo rw.gmo zh_TW.gmo fi.gmo vi.gmo'
GMSGFMT='/Users/meghna/anaconda3/bin/msgfmt'
GT_NO=''
GT_YES='#YES#'
HDEFINES=''
INCLUDE_LOCALE_H='#include <locale.h>'
INSTALL_DATA='/usr/bin/install -c -m 644'
INSTALL_PROGRAM='/usr/bin/install -c'
INSTALL_SCRIPT='/usr/bin/install -c'
INSTALL_STRIP_PROGRAM='${SHELL} $(install_sh) -c -s'
INSTOBJEXT='.mo'
INTLDEPS='$(top_builddir)/../intl/libintl.a'
INTLLIBS='$(top_builddir)/../intl/libintl.a'
INTLOBJS='$(GETTOBJS)'
LDFLAGS=''
LEX='flex'
LEXLIB='-ll'
LEX_OUTPUT_ROOT='lex.yy'
LIBOBJS=''
LIBS=''
LIBTOOL='$(SHELL) $(top_builddir)/libtool'
LN_S='ln -s'
LTLIBOBJS=''
MAINT='#'
MAINTAINER_MODE_FALSE=''
MAINTAINER_MODE_TRUE='#'
MAKEINFO='makeinfo --split-size=5000000'
MKINSTALLDIRS='$(srcdir)/../../mkinstalldirs'
MSGFMT='/Users/meghna/anaconda3/bin/msgfmt'
NLMCONV_DEFS=''
NO_WERROR='-Wno-error'
OBJDUMP_DEFS=''
OBJEXT='o'
PACKAGE='binutils'
PACKAGE_BUGREPORT=''
PACKAGE_NAME=''
PACKAGE_STRING=''
PACKAGE_TARNAME=''
PACKAGE_VERSION=''
PATH_SEPARATOR=':'
POFILES=' fr.po tr.po ja.po es.po sv.po da.po zh_CN.po ru.po ro.po rw.po zh_TW.po fi.po vi.po'
POSUB='po'
RANLIB='ranlib'
SET_MAKE=''
SHELL='/bin/sh'
STRIP='strip'
USE_INCLUDED_LIBINTL='yes'
USE_NLS='yes'
VERSION='2.17'
WARN_CFLAGS='-W -Wall -Wstrict-prototypes -Wmissing-prototypes -Werror'
XGETTEXT='/Users/meghna/anaconda3/bin/xgettext'
YACC='bison -y'
ac_ct_CC=''
ac_ct_RANLIB=''
ac_ct_STRIP='strip'
am__fastdepCC_FALSE=''
am__fastdepCC_TRUE='#'
am__include='include'
am__leading_dot='.'
am__quote=''
am__tar='${AMTAR} chof - "$$tardir"'
am__untar='${AMTAR} xf -'
bindir='${exec_prefix}/bin'
build='i386-apple-darwin18.6.0'
build_alias='i386-apple-darwin18.6.0'
build_cpu='i386'
build_os='darwin18.6.0'
build_vendor='apple'
datadir='${prefix}/share'
datarootdir='/Users/meghna/cs161/tools/share'
docdir='/Users/meghna/cs161/tools/share/doc'
exec_prefix='${prefix}'
host='i386-apple-darwin18.6.0'
host_alias='i386-apple-darwin18.6.0'
host_cpu='i386'
host_os='darwin18.6.0'
host_vendor='apple'
htmldir='/Users/meghna/cs161/tools/share/doc'
includedir='${prefix}/include'
infodir='${prefix}/info'
install_sh='/Users/meghna/desktop/cs161/cs161-binutils-1.5/binutils-2.17/install-sh'
l=''
libdir='${exec_prefix}/lib'
libexecdir='${exec_prefix}/libexec'
localstatedir='${prefix}/var'
mandir='${prefix}/man'
mkdir_p='$(mkinstalldirs)'
oldincludedir='/usr/include'
prefix='/Users/meghna/cs161/tools'
program_transform_name='s,^,mips-linux-,;'
sbindir='${exec_prefix}/sbin'
sharedstatedir='${prefix}/com'
sysconfdir='${prefix}/etc'
target='mips-unknown-linux-gnu'
target_alias='mips-linux'
target_cpu='mips'
target_os='linux-gnu'
target_vendor='unknown'

## ----------- ##
## confdefs.h. ##
## ----------- ##

#define ENABLE_NLS 1
#define EXECUTABLE_SUFFIX ""
#define HAVE_ALLOCA 1
#define HAVE_ALLOCA 1
#define HAVE_ALLOCA_H 1
#define HAVE_ALLOCA_H 1
#define HAVE_DECL_ENVIRON 0
#define HAVE_DECL_FPRINTF 1
#define HAVE_DECL_GETC_UNLOCKED 1
#define HAVE_DECL_GETENV 1
#define HAVE_DECL_GETOPT 1
#define HAVE_DECL_SBRK 1
#define HAVE_DECL_SNPRINTF 1
#define HAVE_DECL_STPCPY 1
#define HAVE_DECL_STRSTR 1
#define HAVE_DECL_VSNPRINTF 1
#define HAVE_FCNTL_H 1
#define HAVE_GETCWD 1
#define HAVE_GETC_UNLOCKED 1
#define HAVE_GETPAGESIZE 1
#define HAVE_GOOD_UTIME_H 1
#define HAVE_INTTYPES_H 1
#define HAVE_LC_MESSAGES 1
#define HAVE_LIMITS_H 1
#define HAVE_LOCALE_H 1
#define HAVE_MEMORY_H 1
#define HAVE_MMAP 1
#define HAVE_MUNMAP 1
#define HAVE_NL_TYPES_H 1
#define HAVE_PUTENV 1
#define HAVE_SBRK 1
#define HAVE_SETENV 1
#define HAVE_SETLOCALE 1
#define HAVE_SETMODE 1
#define HAVE_STAT64 1
#define HAVE_STDINT_H 1
#define HAVE_STDLIB_H 1
#define HAVE_STDLIB_H 1
#define HAVE_STDLIB_H 1
#define HAVE_STPCPY 1
#define HAVE_STPCPY 1
#define HAVE_STRCASECMP 1
#define HAVE_STRCHR 1
#define HAVE_STRCOLL 1
#define HAVE_STRINGS_H 1
#define HAVE_STRINGS_H 1
#define HAVE_STRING_H 1
#define HAVE_STRING_H 1
#define HAVE_STRING_H 1
#define HAVE_SYS_FILE_H 1
#define HAVE_SYS_PARAM_H 1
#define HAVE_SYS_STAT_H 1
#define HAVE_SYS_TYPES_H 1
#define HAVE_SYS_WAIT_H 1
#define HAVE_TIME_T_IN_TIME_H 1
#define HAVE_TIME_T_IN_TYPES_H 1
#define HAVE_UNISTD_H 1
#define HAVE_UNISTD_H 1
#define HAVE_UNISTD_H 1
#define HAVE_UNISTD_H 1
#define HAVE_UTIMES 1
#define PACKAGE "binutils"
#define PACKAGE_BUGREPORT ""
#define PACKAGE_NAME ""
#define PACKAGE_STRING ""
#define PACKAGE_TARNAME ""
#define PACKAGE_VERSION ""
#define STDC_HEADERS 1
#define TARGET "mips-unknown-linux-gnu"
#define TARGET_PREPENDS_UNDERSCORE 0
#define VERSION "2.17"
#define YYTEXT_POINTER 1
#define _GNU_SOURCE 1

configure: exit 0
