This file contains any messages produced by compilers while
running configure, to aid debugging if configure makes a mistake.

It was created by configure, which was
generated by GNU Autoconf 2.59.  Invocation command line was

  $ /Users/meghna/desktop/cs161/cs161-binutils-1.5/binutils-2.17/opcodes/configure --cache-file=./config.cache --build=i386-apple-darwin18.6.0 --host=i386-apple-darwin18.6.0 --target=mips-linux --with-gnu-as --with-gnu-ld --with-stabs --nfp --prefix=/Users/meghna/cs161/tools --program-transform-name=s,^,mips-linux-,;  --srcdir=/Users/meghna/desktop/cs161/cs161-binutils-1.5/./binutils-2.17/opcodes

## --------- ##
## Platform. ##
## --------- ##

hostname = Meghnas-MacBook-Pro-2.local
uname -m = x86_64
uname -r = 18.6.0
uname -s = Darwin
uname -v = Darwin Kernel Version 18.6.0: Thu Apr 25 23:16:27 PDT 2019; root:xnu-4903.261.4~2/RELEASE_X86_64

/usr/bin/uname -p = i386
/bin/uname -X     = unknown

/bin/arch              = unknown
/usr/bin/arch -k       = unknown
/usr/convex/getsysinfo = unknown
hostinfo               = Mach kernel version:
	 Darwin Kernel Version 18.6.0: Thu Apr 25 23:16:27 PDT 2019; root:xnu-4903.261.4~2/RELEASE_X86_64
Kernel configured for up to 4 processors.
2 processors are physically available.
4 processors are logically available.
Processor type: x86_64h (Intel x86-64h Haswell)
Processors active: 0 1 2 3
Primary memory available: 16.00 gigabytes
Default processor set: 473 tasks, 2197 threads, 4 processors
Load average: 2.25, Mach factor: 1.74
/bin/machine           = unknown
/usr/bin/oslevel       = unknown
/bin/universe          = unknown

PATH: /Users/meghna/cs161/bin
PATH: /Users/meghna/cs161/bin
PATH: /Users/meghna/anaconda3/bin
PATH: /anaconda3/bin
PATH: /usr/local/fsl/bin
PATH: /Library/Frameworks/Python.framework/Versions/3.6/bin
PATH: /usr/local/bin
PATH: /usr/bin
PATH: /bin
PATH: /usr/sbin
PATH: /sbin
PATH: /opt/X11/bin
PATH: /Users/meghna/cs161/tools/bin


## ----------- ##
## Core tests. ##
## ----------- ##

configure:1243: creating cache ./config.cache
configure:1356: checking build system type
configure:1374: result: i386-apple-darwin18.6.0
configure:1382: checking host system type
configure:1396: result: i386-apple-darwin18.6.0
configure:1404: checking target system type
configure:1418: result: mips-unknown-linux-gnu
configure:1440: checking for i386-apple-darwin18.6.0-gcc
configure:1466: result: gcc
configure:1748: checking for C compiler version
configure:1751: gcc --version </dev/null >&5
Configured with: --prefix=/Library/Developer/CommandLineTools/usr --with-gxx-include-dir=/Library/Developer/CommandLineTools/SDKs/MacOSX10.14.sdk/usr/include/c++/4.2.1
Apple LLVM version 10.0.1 (clang-1001.0.46.4)
Target: x86_64-apple-darwin18.6.0
Thread model: posix
InstalledDir: /Library/Developer/CommandLineTools/usr/bin
configure:1754: $? = 0
configure:1756: gcc -v </dev/null >&5
Configured with: --prefix=/Library/Developer/CommandLineTools/usr --with-gxx-include-dir=/Library/Developer/CommandLineTools/SDKs/MacOSX10.14.sdk/usr/include/c++/4.2.1
Apple LLVM version 10.0.1 (clang-1001.0.46.4)
Target: x86_64-apple-darwin18.6.0
Thread model: posix
InstalledDir: /Library/Developer/CommandLineTools/usr/bin
configure:1759: $? = 0
configure:1761: gcc -V </dev/null >&5
clang: error: unsupported option '-V -Wno-atomic-implicit-seq-cst'
clang: error: no input files
configure:1764: $? = 1
configure:1787: checking for C compiler default output file name
configure:1790: gcc -g -O2 -Wno-error    conftest.c  >&5
configure:1793: $? = 0
configure:1839: result: a.out
configure:1844: checking whether the C compiler works
configure:1850: ./a.out
configure:1853: $? = 0
configure:1870: result: yes
configure:1877: checking whether we are cross compiling
configure:1879: result: no
configure:1882: checking for suffix of executables
configure:1884: gcc -o conftest -g -O2 -Wno-error    conftest.c  >&5
configure:1887: $? = 0
configure:1912: result: 
configure:1918: checking for suffix of object files
configure:1939: gcc -c -g -O2 -Wno-error   conftest.c >&5
configure:1942: $? = 0
configure:1964: result: o
configure:1968: checking whether we are using the GNU C compiler
configure:1992: gcc -c -g -O2 -Wno-error   conftest.c >&5
configure:1998: $? = 0
configure:2002: test -z 
			 || test ! -s conftest.err
configure:2005: $? = 0
configure:2008: test -s conftest.o
configure:2011: $? = 0
configure:2024: result: yes
configure:2030: checking whether gcc accepts -g
configure:2051: gcc -c -g  conftest.c >&5
configure:2057: $? = 0
configure:2061: test -z 
			 || test ! -s conftest.err
configure:2064: $? = 0
configure:2067: test -s conftest.o
configure:2070: $? = 0
configure:2081: result: yes
configure:2098: checking for gcc option to accept ANSI C
configure:2168: gcc  -c -g -O2 -Wno-error   conftest.c >&5
configure:2174: $? = 0
configure:2178: test -z 
			 || test ! -s conftest.err
configure:2181: $? = 0
configure:2184: test -s conftest.o
configure:2187: $? = 0
configure:2205: result: none needed
configure:2223: gcc -c -g -O2 -Wno-error   conftest.c >&5
conftest.c:2:3: error: unknown type name 'choke'
  choke me
  ^
conftest.c:2:11: error: expected ';' after top level declarator
  choke me
          ^
          ;
2 errors generated.
configure:2229: $? = 1
configure: failed program was:
| #ifndef __cplusplus
|   choke me
| #endif
configure:2363: checking for library containing strerror
configure:2393: gcc -o conftest -g -O2 -Wno-error    conftest.c  >&5
conftest.c:16:6: warning: incompatible redeclaration of library function 'strerror' [-Wincompatible-library-redeclaration]
char strerror ();
     ^
conftest.c:16:6: note: 'strerror' is a builtin with type 'char *(int)'
1 warning generated.
configure:2399: $? = 0
configure:2403: test -z 
			 || test ! -s conftest.err
configure:2406: $? = 0
configure:2409: test -s conftest
configure:2412: $? = 0
configure:2482: result: none required
configure:2509: checking for a BSD-compatible install
configure:2564: result: /usr/bin/install -c
configure:2575: checking whether build environment is sane
configure:2618: result: yes
configure:2683: checking for gawk
configure:2712: result: no
configure:2683: checking for mawk
configure:2712: result: no
configure:2683: checking for nawk
configure:2712: result: no
configure:2683: checking for awk
configure:2699: found /usr/bin/awk
configure:2709: result: awk
configure:2719: checking whether make sets $(MAKE)
configure:2739: result: yes
configure:2769: checking for style of include used by make
configure:2797: result: GNU
configure:2973: checking dependency style of gcc
configure:3063: result: none
configure:3085: checking for i386-apple-darwin18.6.0-ar
configure:3111: result: ar
configure:3164: checking for i386-apple-darwin18.6.0-ranlib
configure:3190: result: ranlib
configure:3320: checking for ld used by GCC
configure:3383: result: /Library/Developer/CommandLineTools/usr/bin/ld
configure:3392: checking if the linker (/Library/Developer/CommandLineTools/usr/bin/ld) is GNU ld
configure:3404: result: no
configure:3409: checking for /Library/Developer/CommandLineTools/usr/bin/ld option to reload object files
configure:3416: result: -r
configure:3421: checking for BSD-compatible nm
configure:3457: result: nm
configure:3460: checking whether ln -s works
configure:3464: result: yes
configure:3471: checking how to recognise dependant libraries
configure:3634: result: pass_all
configure:3645: checking the maximum length of command line arguments
configure:3697: result: 196608
configure:3847: checking for i386-apple-darwin18.6.0-ranlib
configure:3873: result: ranlib
configure:3927: checking for i386-apple-darwin18.6.0-strip
configure:3956: result: no
configure:3965: checking for strip
configure:3981: found /usr/bin/strip
configure:3992: result: strip
configure:4295: loading cache ./config.cache
ce PIC
ltconfig:687:checking that gcc PIC flag  -DPIC works.
ltconfig:697: gcc -c -g -O2 -Wno-error   -DPIC -DPIC  conftest.c 1>&5
ltconfig:749: checking if gcc static flag -static works
ltconfig:758: gcc -o conftest -g -O2 -Wno-error    -static conftest.c  1>&5
conftest.c:1:1: warning: type specifier missing, defaults to 'int' [-Wimplicit-int]
main(){return(0);}
^
1 warning generated.
ld: library not found for -lcrt0.o
clang: error: linker command failed with exit code 1 (use -v to see invocation)
ltconfig:780: finding the maximum length of command line arguments
ltconfig:@lineno@: result: 196608
ltconfig:833: checking if gcc supports -c -o file.o
ltconfig:834: gcc -c -g -O2 -Wno-error  -o out/conftest2.o  conftest.c 1>&5
ltconfig:887: checking if gcc supports -fno-rtti -fno-exceptions
ltconfig:888: gcc -c -g -O2 -Wno-error  -fno-rtti -fno-exceptions -c conftest.c  conftest.c 1>&5
ltconfig:1431: checking if global_symbol_pipe works
ltconfig:1432: gcc -c -g -O2 -Wno-error   conftest.c 1>&5
ltconfig:1435: eval "nm conftest.o | sed -n -e 's/^.*[ 	]\([BCDEGRST][BCDEGRST]*\)[ 	][ 	]*\(\)\([_A-Za-z][_A-Za-z0-9]*\)$/\1 \2\3 \3/p' > conftest.nm"
cannot find nm_test_var in conftest.nm
ltconfig:1431: checking if global_symbol_pipe works
ltconfig:1432: gcc -c -g -O2 -Wno-error   conftest.c 1>&5
ltconfig:1435: eval "nm conftest.o | sed -n -e 's/^.*[ 	]\([BCDEGRST][BCDEGRST]*\)[ 	][ 	]*\(_\)\([_A-Za-z][_A-Za-z0-9]*\)$/\1 \2\3 \3/p' > conftest.nm"
ltconfig:1487: gcc -o conftest -g -O2 -Wno-error  -fno-builtin -fno-rtti -fno-exceptions   conftest.c conftstm.o 1>&5
conftest.c:6:1: warning: variable named 'main' with external linkage has undefined behavior [-Wmain]
extern char main;
^
1 warning generated.
configure:4410: checking whether to enable maintainer-specific portions of Makefiles
configure:4419: result: no
configure:4449: checking whether to install libbfd
configure:4462: result: no
configure:4502: checking for i386-apple-darwin18.6.0-gcc
configure:4528: result: gcc
configure:4810: checking for C compiler version
configure:4813: gcc --version </dev/null >&5
Configured with: --prefix=/Library/Developer/CommandLineTools/usr --with-gxx-include-dir=/Library/Developer/CommandLineTools/SDKs/MacOSX10.14.sdk/usr/include/c++/4.2.1
Apple LLVM version 10.0.1 (clang-1001.0.46.4)
Target: x86_64-apple-darwin18.6.0
Thread model: posix
InstalledDir: /Library/Developer/CommandLineTools/usr/bin
configure:4816: $? = 0
configure:4818: gcc -v </dev/null >&5
Configured with: --prefix=/Library/Developer/CommandLineTools/usr --with-gxx-include-dir=/Library/Developer/CommandLineTools/SDKs/MacOSX10.14.sdk/usr/include/c++/4.2.1
Apple LLVM version 10.0.1 (clang-1001.0.46.4)
Target: x86_64-apple-darwin18.6.0
Thread model: posix
InstalledDir: /Library/Developer/CommandLineTools/usr/bin
configure:4821: $? = 0
configure:4823: gcc -V </dev/null >&5
clang: error: unsupported option '-V -Wno-atomic-implicit-seq-cst'
clang: error: no input files
configure:4826: $? = 1
configure:4829: checking whether we are using the GNU C compiler
configure:4885: result: yes
configure:4891: checking whether gcc accepts -g
configure:4942: result: yes
configure:4959: checking for gcc option to accept ANSI C
configure:5066: result: none needed
configure:5084: gcc -c -g -O2 -Wno-error   conftest.c >&5
conftest.c:2:3: error: unknown type name 'choke'
  choke me
  ^
conftest.c:2:11: error: expected ';' after top level declarator
  choke me
          ^
          ;
2 errors generated.
configure:5090: $? = 1
configure: failed program was:
| #ifndef __cplusplus
|   choke me
| #endif
configure:5228: checking for i386-apple-darwin18.6.0-ranlib
configure:5254: result: ranlib
configure:5310: checking how to run the C preprocessor
configure:5345: gcc -E  conftest.c
configure:5351: $? = 0
configure:5383: gcc -E  conftest.c
conftest.c:11:10: fatal error: 'ac_nonexistent.h' file not found
#include <ac_nonexistent.h>
         ^~~~~~~~~~~~~~~~~~
1 error generated.
configure:5389: $? = 1
configure: failed program was:
| /* confdefs.h.  */
| 
| #define PACKAGE_NAME ""
| #define PACKAGE_TARNAME ""
| #define PACKAGE_VERSION ""
| #define PACKAGE_STRING ""
| #define PACKAGE_BUGREPORT ""
| #define PACKAGE "opcodes"
| #define VERSION "2.17"
| /* end confdefs.h.  */
| #include <ac_nonexistent.h>
configure:5428: result: gcc -E
configure:5452: gcc -E  conftest.c
configure:5458: $? = 0
configure:5490: gcc -E  conftest.c
conftest.c:11:10: fatal error: 'ac_nonexistent.h' file not found
#include <ac_nonexistent.h>
         ^~~~~~~~~~~~~~~~~~
1 error generated.
configure:5496: $? = 1
configure: failed program was:
| /* confdefs.h.  */
| 
| #define PACKAGE_NAME ""
| #define PACKAGE_TARNAME ""
| #define PACKAGE_VERSION ""
| #define PACKAGE_STRING ""
| #define PACKAGE_BUGREPORT ""
| #define PACKAGE "opcodes"
| #define VERSION "2.17"
| /* end confdefs.h.  */
| #include <ac_nonexistent.h>
configure:5540: checking for egrep
configure:5550: result: grep -E
configure:5555: checking for ANSI C header files
configure:5580: gcc -c -g -O2 -Wno-error   conftest.c >&5
configure:5586: $? = 0
configure:5590: test -z 
			 || test ! -s conftest.err
configure:5593: $? = 0
configure:5596: test -s conftest.o
configure:5599: $? = 0
configure:5688: gcc -o conftest -g -O2 -Wno-error    conftest.c  >&5
conftest.c:28:7: warning: implicitly declaring library function 'exit' with type 'void (int) __attribute__((noreturn))' [-Wimplicit-function-declaration]
      exit(2);
      ^
conftest.c:28:7: note: include the header <stdlib.h> or explicitly provide a declaration for 'exit'
1 warning generated.
configure:5691: $? = 0
configure:5693: ./conftest
configure:5696: $? = 0
configure:5711: result: yes
configure:5721: checking for an ANSI C-conforming const
configure:5788: gcc -c -g -O2 -Wno-error   conftest.c >&5
configure:5794: $? = 0
configure:5798: test -z 
			 || test ! -s conftest.err
configure:5801: $? = 0
configure:5804: test -s conftest.o
configure:5807: $? = 0
configure:5818: result: yes
configure:5828: checking for inline
configure:5849: gcc -c -g -O2 -Wno-error   conftest.c >&5
configure:5855: $? = 0
configure:5859: test -z 
			 || test ! -s conftest.err
configure:5862: $? = 0
configure:5865: test -s conftest.o
configure:5868: $? = 0
configure:5880: result: inline
configure:5913: checking for sys/types.h
configure:5929: gcc -c -g -O2 -Wno-error   conftest.c >&5
configure:5935: $? = 0
configure:5939: test -z 
			 || test ! -s conftest.err
configure:5942: $? = 0
configure:5945: test -s conftest.o
configure:5948: $? = 0
configure:5959: result: yes
configure:5913: checking for sys/stat.h
configure:5929: gcc -c -g -O2 -Wno-error   conftest.c >&5
configure:5935: $? = 0
configure:5939: test -z 
			 || test ! -s conftest.err
configure:5942: $? = 0
configure:5945: test -s conftest.o
configure:5948: $? = 0
configure:5959: result: yes
configure:5913: checking for stdlib.h
configure:5929: gcc -c -g -O2 -Wno-error   conftest.c >&5
configure:5935: $? = 0
configure:5939: test -z 
			 || test ! -s conftest.err
configure:5942: $? = 0
configure:5945: test -s conftest.o
configure:5948: $? = 0
configure:5959: result: yes
configure:5913: checking for string.h
configure:5929: gcc -c -g -O2 -Wno-error   conftest.c >&5
configure:5935: $? = 0
configure:5939: test -z 
			 || test ! -s conftest.err
configure:5942: $? = 0
configure:5945: test -s conftest.o
configure:5948: $? = 0
configure:5959: result: yes
configure:5913: checking for memory.h
configure:5929: gcc -c -g -O2 -Wno-error   conftest.c >&5
configure:5935: $? = 0
configure:5939: test -z 
			 || test ! -s conftest.err
configure:5942: $? = 0
configure:5945: test -s conftest.o
configure:5948: $? = 0
configure:5959: result: yes
configure:5913: checking for strings.h
configure:5929: gcc -c -g -O2 -Wno-error   conftest.c >&5
configure:5935: $? = 0
configure:5939: test -z 
			 || test ! -s conftest.err
configure:5942: $? = 0
configure:5945: test -s conftest.o
configure:5948: $? = 0
configure:5959: result: yes
configure:5913: checking for inttypes.h
configure:5929: gcc -c -g -O2 -Wno-error   conftest.c >&5
configure:5935: $? = 0
configure:5939: test -z 
			 || test ! -s conftest.err
configure:5942: $? = 0
configure:5945: test -s conftest.o
configure:5948: $? = 0
configure:5959: result: yes
configure:5913: checking for stdint.h
configure:5929: gcc -c -g -O2 -Wno-error   conftest.c >&5
configure:5935: $? = 0
configure:5939: test -z 
			 || test ! -s conftest.err
configure:5942: $? = 0
configure:5945: test -s conftest.o
configure:5948: $? = 0
configure:5959: result: yes
configure:5913: checking for unistd.h
configure:5929: gcc -c -g -O2 -Wno-error   conftest.c >&5
configure:5935: $? = 0
configure:5939: test -z 
			 || test ! -s conftest.err
configure:5942: $? = 0
configure:5945: test -s conftest.o
configure:5948: $? = 0
configure:5959: result: yes
configure:5971: checking for off_t
configure:5995: gcc -c -g -O2 -Wno-error   conftest.c >&5
configure:6001: $? = 0
configure:6005: test -z 
			 || test ! -s conftest.err
configure:6008: $? = 0
configure:6011: test -s conftest.o
configure:6014: $? = 0
configure:6025: result: yes
configure:6037: checking for size_t
configure:6061: gcc -c -g -O2 -Wno-error   conftest.c >&5
configure:6067: $? = 0
configure:6071: test -z 
			 || test ! -s conftest.err
configure:6074: $? = 0
configure:6077: test -s conftest.o
configure:6080: $? = 0
configure:6091: result: yes
configure:6105: checking for working alloca.h
configure:6126: gcc -o conftest -g -O2 -Wno-error    conftest.c  >&5
configure:6132: $? = 0
configure:6136: test -z 
			 || test ! -s conftest.err
configure:6139: $? = 0
configure:6142: test -s conftest
configure:6145: $? = 0
configure:6157: result: yes
configure:6167: checking for alloca
configure:6208: gcc -o conftest -g -O2 -Wno-error    conftest.c  >&5
configure:6214: $? = 0
configure:6218: test -z 
			 || test ! -s conftest.err
configure:6221: $? = 0
configure:6224: test -s conftest
configure:6227: $? = 0
configure:6239: result: yes
configure:6468: checking for stdlib.h
configure:6473: result: yes
configure:6468: checking for unistd.h
configure:6473: result: yes
configure:6617: checking for getpagesize
configure:6674: gcc -o conftest -g -O2 -Wno-error    conftest.c  >&5
configure:6680: $? = 0
configure:6684: test -z 
			 || test ! -s conftest.err
configure:6687: $? = 0
configure:6690: test -s conftest
configure:6693: $? = 0
configure:6705: result: yes
configure:6715: checking for working mmap
configure:6857: gcc -o conftest -g -O2 -Wno-error    conftest.c  >&5
configure:6860: $? = 0
configure:6862: ./conftest
configure:6865: $? = 0
configure:6879: result: yes
configure:6914: checking argz.h usability
configure:6926: gcc -c -g -O2 -Wno-error   conftest.c >&5
conftest.c:61:10: fatal error: 'argz.h' file not found
#include <argz.h>
         ^~~~~~~~
1 error generated.
configure:6932: $? = 1
configure: failed program was:
| /* confdefs.h.  */
| 
| #define PACKAGE_NAME ""
| #define PACKAGE_TARNAME ""
| #define PACKAGE_VERSION ""
| #define PACKAGE_STRING ""
| #define PACKAGE_BUGREPORT ""
| #define PACKAGE "opcodes"
| #define VERSION "2.17"
| #define STDC_HEADERS 1
| #define HAVE_SYS_TYPES_H 1
| #define HAVE_SYS_STAT_H 1
| #define HAVE_STDLIB_H 1
| #define HAVE_STRING_H 1
| #define HAVE_MEMORY_H 1
| #define HAVE_STRINGS_H 1
| #define HAVE_INTTYPES_H 1
| #define HAVE_STDINT_H 1
| #define HAVE_UNISTD_H 1
| #define HAVE_ALLOCA_H 1
| #define HAVE_ALLOCA 1
| #define HAVE_STDLIB_H 1
| #define HAVE_UNISTD_H 1
| #define HAVE_GETPAGESIZE 1
| #define HAVE_MMAP 1
| /* end confdefs.h.  */
| #include <stdio.h>
| #if HAVE_SYS_TYPES_H
| # include <sys/types.h>
| #endif
| #if HAVE_SYS_STAT_H
| # include <sys/stat.h>
| #endif
| #if STDC_HEADERS
| # include <stdlib.h>
| # include <stddef.h>
| #else
| # if HAVE_STDLIB_H
| #  include <stdlib.h>
| # endif
| #endif
| #if HAVE_STRING_H
| # if !STDC_HEADERS && HAVE_MEMORY_H
| #  include <memory.h>
| # endif
| # include <string.h>
| #endif
| #if HAVE_STRINGS_H
| # include <strings.h>
| #endif
| #if HAVE_INTTYPES_H
| # include <inttypes.h>
| #else
| # if HAVE_STDINT_H
| #  include <stdint.h>
| # endif
| #endif
| #if HAVE_UNISTD_H
| # include <unistd.h>
| #endif
| #include <argz.h>
configure:6955: result: no
configure:6959: checking argz.h presence
configure:6969: gcc -E  conftest.c
conftest.c:27:10: fatal error: 'argz.h' file not found
#include <argz.h>
         ^~~~~~~~
1 error generated.
configure:6975: $? = 1
configure: failed program was:
| /* confdefs.h.  */
| 
| #define PACKAGE_NAME ""
| #define PACKAGE_TARNAME ""
| #define PACKAGE_VERSION ""
| #define PACKAGE_STRING ""
| #define PACKAGE_BUGREPORT ""
| #define PACKAGE "opcodes"
| #define VERSION "2.17"
| #define STDC_HEADERS 1
| #define HAVE_SYS_TYPES_H 1
| #define HAVE_SYS_STAT_H 1
| #define HAVE_STDLIB_H 1
| #define HAVE_STRING_H 1
| #define HAVE_MEMORY_H 1
| #define HAVE_STRINGS_H 1
| #define HAVE_INTTYPES_H 1
| #define HAVE_STDINT_H 1
| #define HAVE_UNISTD_H 1
| #define HAVE_ALLOCA_H 1
| #define HAVE_ALLOCA 1
| #define HAVE_STDLIB_H 1
| #define HAVE_UNISTD_H 1
| #define HAVE_GETPAGESIZE 1
| #define HAVE_MMAP 1
| /* end confdefs.h.  */
| #include <argz.h>
configure:6995: result: no
configure:7030: checking for argz.h
configure:7037: result: no
configure:6914: checking limits.h usability
configure:6926: gcc -c -g -O2 -Wno-error   conftest.c >&5
configure:6932: $? = 0
configure:6936: test -z 
			 || test ! -s conftest.err
configure:6939: $? = 0
configure:6942: test -s conftest.o
configure:6945: $? = 0
configure:6955: result: yes
configure:6959: checking limits.h presence
configure:6969: gcc -E  conftest.c
configure:6975: $? = 0
configure:6995: result: yes
configure:7030: checking for limits.h
configure:7037: result: yes
configure:6914: checking locale.h usability
configure:6926: gcc -c -g -O2 -Wno-error   conftest.c >&5
configure:6932: $? = 0
configure:6936: test -z 
			 || test ! -s conftest.err
configure:6939: $? = 0
configure:6942: test -s conftest.o
configure:6945: $? = 0
configure:6955: result: yes
configure:6959: checking locale.h presence
configure:6969: gcc -E  conftest.c
configure:6975: $? = 0
configure:6995: result: yes
configure:7030: checking for locale.h
configure:7037: result: yes
configure:6914: checking nl_types.h usability
configure:6926: gcc -c -g -O2 -Wno-error   conftest.c >&5
configure:6932: $? = 0
configure:6936: test -z 
			 || test ! -s conftest.err
configure:6939: $? = 0
configure:6942: test -s conftest.o
configure:6945: $? = 0
configure:6955: result: yes
configure:6959: checking nl_types.h presence
configure:6969: gcc -E  conftest.c
configure:6975: $? = 0
configure:6995: result: yes
configure:7030: checking for nl_types.h
configure:7037: result: yes
configure:6914: checking malloc.h usability
configure:6926: gcc -c -g -O2 -Wno-error   conftest.c >&5
conftest.c:64:10: fatal error: 'malloc.h' file not found
#include <malloc.h>
         ^~~~~~~~~~
1 error generated.
configure:6932: $? = 1
configure: failed program was:
| /* confdefs.h.  */
| 
| #define PACKAGE_NAME ""
| #define PACKAGE_TARNAME ""
| #define PACKAGE_VERSION ""
| #define PACKAGE_STRING ""
| #define PACKAGE_BUGREPORT ""
| #define PACKAGE "opcodes"
| #define VERSION "2.17"
| #define STDC_HEADERS 1
| #define HAVE_SYS_TYPES_H 1
| #define HAVE_SYS_STAT_H 1
| #define HAVE_STDLIB_H 1
| #define HAVE_STRING_H 1
| #define HAVE_MEMORY_H 1
| #define HAVE_STRINGS_H 1
| #define HAVE_INTTYPES_H 1
| #define HAVE_STDINT_H 1
| #define HAVE_UNISTD_H 1
| #define HAVE_ALLOCA_H 1
| #define HAVE_ALLOCA 1
| #define HAVE_STDLIB_H 1
| #define HAVE_UNISTD_H 1
| #define HAVE_GETPAGESIZE 1
| #define HAVE_MMAP 1
| #define HAVE_LIMITS_H 1
| #define HAVE_LOCALE_H 1
| #define HAVE_NL_TYPES_H 1
| /* end confdefs.h.  */
| #include <stdio.h>
| #if HAVE_SYS_TYPES_H
| # include <sys/types.h>
| #endif
| #if HAVE_SYS_STAT_H
| # include <sys/stat.h>
| #endif
| #if STDC_HEADERS
| # include <stdlib.h>
| # include <stddef.h>
| #else
| # if HAVE_STDLIB_H
| #  include <stdlib.h>
| # endif
| #endif
| #if HAVE_STRING_H
| # if !STDC_HEADERS && HAVE_MEMORY_H
| #  include <memory.h>
| # endif
| # include <string.h>
| #endif
| #if HAVE_STRINGS_H
| # include <strings.h>
| #endif
| #if HAVE_INTTYPES_H
| # include <inttypes.h>
| #else
| # if HAVE_STDINT_H
| #  include <stdint.h>
| # endif
| #endif
| #if HAVE_UNISTD_H
| # include <unistd.h>
| #endif
| #include <malloc.h>
configure:6955: result: no
configure:6959: checking malloc.h presence
configure:6969: gcc -E  conftest.c
conftest.c:30:10: fatal error: 'malloc.h' file not found
#include <malloc.h>
         ^~~~~~~~~~
1 error generated.
configure:6975: $? = 1
configure: failed program was:
| /* confdefs.h.  */
| 
| #define PACKAGE_NAME ""
| #define PACKAGE_TARNAME ""
| #define PACKAGE_VERSION ""
| #define PACKAGE_STRING ""
| #define PACKAGE_BUGREPORT ""
| #define PACKAGE "opcodes"
| #define VERSION "2.17"
| #define STDC_HEADERS 1
| #define HAVE_SYS_TYPES_H 1
| #define HAVE_SYS_STAT_H 1
| #define HAVE_STDLIB_H 1
| #define HAVE_STRING_H 1
| #define HAVE_MEMORY_H 1
| #define HAVE_STRINGS_H 1
| #define HAVE_INTTYPES_H 1
| #define HAVE_STDINT_H 1
| #define HAVE_UNISTD_H 1
| #define HAVE_ALLOCA_H 1
| #define HAVE_ALLOCA 1
| #define HAVE_STDLIB_H 1
| #define HAVE_UNISTD_H 1
| #define HAVE_GETPAGESIZE 1
| #define HAVE_MMAP 1
| #define HAVE_LIMITS_H 1
| #define HAVE_LOCALE_H 1
| #define HAVE_NL_TYPES_H 1
| /* end confdefs.h.  */
| #include <malloc.h>
configure:6995: result: no
configure:7030: checking for malloc.h
configure:7037: result: no
configure:6905: checking for string.h
configure:6910: result: yes
configure:6905: checking for unistd.h
configure:6910: result: yes
configure:6914: checking values.h usability
configure:6926: gcc -c -g -O2 -Wno-error   conftest.c >&5
conftest.c:66:10: fatal error: 'values.h' file not found
#include <values.h>
         ^~~~~~~~~~
1 error generated.
configure:6932: $? = 1
configure: failed program was:
| /* confdefs.h.  */
| 
| #define PACKAGE_NAME ""
| #define PACKAGE_TARNAME ""
| #define PACKAGE_VERSION ""
| #define PACKAGE_STRING ""
| #define PACKAGE_BUGREPORT ""
| #define PACKAGE "opcodes"
| #define VERSION "2.17"
| #define STDC_HEADERS 1
| #define HAVE_SYS_TYPES_H 1
| #define HAVE_SYS_STAT_H 1
| #define HAVE_STDLIB_H 1
| #define HAVE_STRING_H 1
| #define HAVE_MEMORY_H 1
| #define HAVE_STRINGS_H 1
| #define HAVE_INTTYPES_H 1
| #define HAVE_STDINT_H 1
| #define HAVE_UNISTD_H 1
| #define HAVE_ALLOCA_H 1
| #define HAVE_ALLOCA 1
| #define HAVE_STDLIB_H 1
| #define HAVE_UNISTD_H 1
| #define HAVE_GETPAGESIZE 1
| #define HAVE_MMAP 1
| #define HAVE_LIMITS_H 1
| #define HAVE_LOCALE_H 1
| #define HAVE_NL_TYPES_H 1
| #define HAVE_STRING_H 1
| #define HAVE_UNISTD_H 1
| /* end confdefs.h.  */
| #include <stdio.h>
| #if HAVE_SYS_TYPES_H
| # include <sys/types.h>
| #endif
| #if HAVE_SYS_STAT_H
| # include <sys/stat.h>
| #endif
| #if STDC_HEADERS
| # include <stdlib.h>
| # include <stddef.h>
| #else
| # if HAVE_STDLIB_H
| #  include <stdlib.h>
| # endif
| #endif
| #if HAVE_STRING_H
| # if !STDC_HEADERS && HAVE_MEMORY_H
| #  include <memory.h>
| # endif
| # include <string.h>
| #endif
| #if HAVE_STRINGS_H
| # include <strings.h>
| #endif
| #if HAVE_INTTYPES_H
| # include <inttypes.h>
| #else
| # if HAVE_STDINT_H
| #  include <stdint.h>
| # endif
| #endif
| #if HAVE_UNISTD_H
| # include <unistd.h>
| #endif
| #include <values.h>
configure:6955: result: no
configure:6959: checking values.h presence
configure:6969: gcc -E  conftest.c
conftest.c:32:10: fatal error: 'values.h' file not found
#include <values.h>
         ^~~~~~~~~~
1 error generated.
configure:6975: $? = 1
configure: failed program was:
| /* confdefs.h.  */
| 
| #define PACKAGE_NAME ""
| #define PACKAGE_TARNAME ""
| #define PACKAGE_VERSION ""
| #define PACKAGE_STRING ""
| #define PACKAGE_BUGREPORT ""
| #define PACKAGE "opcodes"
| #define VERSION "2.17"
| #define STDC_HEADERS 1
| #define HAVE_SYS_TYPES_H 1
| #define HAVE_SYS_STAT_H 1
| #define HAVE_STDLIB_H 1
| #define HAVE_STRING_H 1
| #define HAVE_MEMORY_H 1
| #define HAVE_STRINGS_H 1
| #define HAVE_INTTYPES_H 1
| #define HAVE_STDINT_H 1
| #define HAVE_UNISTD_H 1
| #define HAVE_ALLOCA_H 1
| #define HAVE_ALLOCA 1
| #define HAVE_STDLIB_H 1
| #define HAVE_UNISTD_H 1
| #define HAVE_GETPAGESIZE 1
| #define HAVE_MMAP 1
| #define HAVE_LIMITS_H 1
| #define HAVE_LOCALE_H 1
| #define HAVE_NL_TYPES_H 1
| #define HAVE_STRING_H 1
| #define HAVE_UNISTD_H 1
| /* end confdefs.h.  */
| #include <values.h>
configure:6995: result: no
configure:7030: checking for values.h
configure:7037: result: no
configure:6914: checking sys/param.h usability
configure:6926: gcc -c -g -O2 -Wno-error   conftest.c >&5
configure:6932: $? = 0
configure:6936: test -z 
			 || test ! -s conftest.err
configure:6939: $? = 0
configure:6942: test -s conftest.o
configure:6945: $? = 0
configure:6955: result: yes
configure:6959: checking sys/param.h presence
configure:6969: gcc -E  conftest.c
configure:6975: $? = 0
configure:6995: result: yes
configure:7030: checking for sys/param.h
configure:7037: result: yes
configure:7064: checking for getcwd
configure:7121: gcc -o conftest -g -O2 -Wno-error    conftest.c  >&5
configure:7127: $? = 0
configure:7131: test -z 
			 || test ! -s conftest.err
configure:7134: $? = 0
configure:7137: test -s conftest
configure:7140: $? = 0
configure:7152: result: yes
configure:7064: checking for munmap
configure:7121: gcc -o conftest -g -O2 -Wno-error    conftest.c  >&5
configure:7127: $? = 0
configure:7131: test -z 
			 || test ! -s conftest.err
configure:7134: $? = 0
configure:7137: test -s conftest
configure:7140: $? = 0
configure:7152: result: yes
configure:7064: checking for putenv
configure:7121: gcc -o conftest -g -O2 -Wno-error    conftest.c  >&5
configure:7127: $? = 0
configure:7131: test -z 
			 || test ! -s conftest.err
configure:7134: $? = 0
configure:7137: test -s conftest
configure:7140: $? = 0
configure:7152: result: yes
configure:7064: checking for setenv
configure:7121: gcc -o conftest -g -O2 -Wno-error    conftest.c  >&5
configure:7127: $? = 0
configure:7131: test -z 
			 || test ! -s conftest.err
configure:7134: $? = 0
configure:7137: test -s conftest
configure:7140: $? = 0
configure:7152: result: yes
configure:7064: checking for setlocale
configure:7121: gcc -o conftest -g -O2 -Wno-error    conftest.c  >&5
configure:7127: $? = 0
configure:7131: test -z 
			 || test ! -s conftest.err
configure:7134: $? = 0
configure:7137: test -s conftest
configure:7140: $? = 0
configure:7152: result: yes
configure:7064: checking for strchr
configure:7121: gcc -o conftest -g -O2 -Wno-error    conftest.c  >&5
conftest.c:62:6: warning: incompatible redeclaration of library function 'strchr' [-Wincompatible-library-redeclaration]
char strchr ();
     ^
conftest.c:62:6: note: 'strchr' is a builtin with type 'char *(const char *, int)'
1 warning generated.
configure:7127: $? = 0
configure:7131: test -z 
			 || test ! -s conftest.err
configure:7134: $? = 0
configure:7137: test -s conftest
configure:7140: $? = 0
configure:7152: result: yes
configure:7064: checking for strcasecmp
configure:7121: gcc -o conftest -g -O2 -Wno-error    conftest.c  >&5
conftest.c:63:6: warning: incompatible redeclaration of library function 'strcasecmp' [-Wincompatible-library-redeclaration]
char strcasecmp ();
     ^
conftest.c:63:6: note: 'strcasecmp' is a builtin with type 'int (const char *, const char *)'
1 warning generated.
configure:7127: $? = 0
configure:7131: test -z 
			 || test ! -s conftest.err
configure:7134: $? = 0
configure:7137: test -s conftest
configure:7140: $? = 0
configure:7152: result: yes
configure:7064: checking for __argz_count
configure:7121: gcc -o conftest -g -O2 -Wno-error    conftest.c  >&5
Undefined symbols for architecture x86_64:
  "___argz_count", referenced from:
      _main in conftest-a2b8ba.o
      _f in conftest-a2b8ba.o
ld: symbol(s) not found for architecture x86_64
clang: error: linker command failed with exit code 1 (use -v to see invocation)
configure:7127: $? = 1
configure: failed program was:
| /* confdefs.h.  */
| 
| #define PACKAGE_NAME ""
| #define PACKAGE_TARNAME ""
| #define PACKAGE_VERSION ""
| #define PACKAGE_STRING ""
| #define PACKAGE_BUGREPORT ""
| #define PACKAGE "opcodes"
| #define VERSION "2.17"
| #define STDC_HEADERS 1
| #define HAVE_SYS_TYPES_H 1
| #define HAVE_SYS_STAT_H 1
| #define HAVE_STDLIB_H 1
| #define HAVE_STRING_H 1
| #define HAVE_MEMORY_H 1
| #define HAVE_STRINGS_H 1
| #define HAVE_INTTYPES_H 1
| #define HAVE_STDINT_H 1
| #define HAVE_UNISTD_H 1
| #define HAVE_ALLOCA_H 1
| #define HAVE_ALLOCA 1
| #define HAVE_STDLIB_H 1
| #define HAVE_UNISTD_H 1
| #define HAVE_GETPAGESIZE 1
| #define HAVE_MMAP 1
| #define HAVE_LIMITS_H 1
| #define HAVE_LOCALE_H 1
| #define HAVE_NL_TYPES_H 1
| #define HAVE_STRING_H 1
| #define HAVE_UNISTD_H 1
| #define HAVE_SYS_PARAM_H 1
| #define HAVE_GETCWD 1
| #define HAVE_MUNMAP 1
| #define HAVE_PUTENV 1
| #define HAVE_SETENV 1
| #define HAVE_SETLOCALE 1
| #define HAVE_STRCHR 1
| #define HAVE_STRCASECMP 1
| /* end confdefs.h.  */
| /* Define __argz_count to an innocuous variant, in case <limits.h> declares __argz_count.
|    For example, HP-UX 11i <limits.h> declares gettimeofday.  */
| #define __argz_count innocuous___argz_count
| 
| /* System header to define __stub macros and hopefully few prototypes,
|     which can conflict with char __argz_count (); below.
|     Prefer <limits.h> to <assert.h> if __STDC__ is defined, since
|     <limits.h> exists even on freestanding compilers.  */
| 
| #ifdef __STDC__
| # include <limits.h>
| #else
| # include <assert.h>
| #endif
| 
| #undef __argz_count
| 
| /* Override any gcc2 internal prototype to avoid an error.  */
| #ifdef __cplusplus
| extern "C"
| {
| #endif
| /* We use char because int might match the return type of a gcc2
|    builtin and then its argument prototype would still apply.  */
| char __argz_count ();
| /* The GNU C library defines this for functions which it implements
|     to always fail with ENOSYS.  Some functions are actually named
|     something starting with __ and the normal name is an alias.  */
| #if defined (__stub___argz_count) || defined (__stub_____argz_count)
| choke me
| #else
| char (*f) () = __argz_count;
| #endif
| #ifdef __cplusplus
| }
| #endif
| 
| int
| main ()
| {
| return f != __argz_count;
|   ;
|   return 0;
| }
configure:7152: result: no
configure:7064: checking for __argz_stringify
configure:7121: gcc -o conftest -g -O2 -Wno-error    conftest.c  >&5
Undefined symbols for architecture x86_64:
  "___argz_stringify", referenced from:
      _main in conftest-6cb1c2.o
      _f in conftest-6cb1c2.o
ld: symbol(s) not found for architecture x86_64
clang: error: linker command failed with exit code 1 (use -v to see invocation)
configure:7127: $? = 1
configure: failed program was:
| /* confdefs.h.  */
| 
| #define PACKAGE_NAME ""
| #define PACKAGE_TARNAME ""
| #define PACKAGE_VERSION ""
| #define PACKAGE_STRING ""
| #define PACKAGE_BUGREPORT ""
| #define PACKAGE "opcodes"
| #define VERSION "2.17"
| #define STDC_HEADERS 1
| #define HAVE_SYS_TYPES_H 1
| #define HAVE_SYS_STAT_H 1
| #define HAVE_STDLIB_H 1
| #define HAVE_STRING_H 1
| #define HAVE_MEMORY_H 1
| #define HAVE_STRINGS_H 1
| #define HAVE_INTTYPES_H 1
| #define HAVE_STDINT_H 1
| #define HAVE_UNISTD_H 1
| #define HAVE_ALLOCA_H 1
| #define HAVE_ALLOCA 1
| #define HAVE_STDLIB_H 1
| #define HAVE_UNISTD_H 1
| #define HAVE_GETPAGESIZE 1
| #define HAVE_MMAP 1
| #define HAVE_LIMITS_H 1
| #define HAVE_LOCALE_H 1
| #define HAVE_NL_TYPES_H 1
| #define HAVE_STRING_H 1
| #define HAVE_UNISTD_H 1
| #define HAVE_SYS_PARAM_H 1
| #define HAVE_GETCWD 1
| #define HAVE_MUNMAP 1
| #define HAVE_PUTENV 1
| #define HAVE_SETENV 1
| #define HAVE_SETLOCALE 1
| #define HAVE_STRCHR 1
| #define HAVE_STRCASECMP 1
| /* end confdefs.h.  */
| /* Define __argz_stringify to an innocuous variant, in case <limits.h> declares __argz_stringify.
|    For example, HP-UX 11i <limits.h> declares gettimeofday.  */
| #define __argz_stringify innocuous___argz_stringify
| 
| /* System header to define __stub macros and hopefully few prototypes,
|     which can conflict with char __argz_stringify (); below.
|     Prefer <limits.h> to <assert.h> if __STDC__ is defined, since
|     <limits.h> exists even on freestanding compilers.  */
| 
| #ifdef __STDC__
| # include <limits.h>
| #else
| # include <assert.h>
| #endif
| 
| #undef __argz_stringify
| 
| /* Override any gcc2 internal prototype to avoid an error.  */
| #ifdef __cplusplus
| extern "C"
| {
| #endif
| /* We use char because int might match the return type of a gcc2
|    builtin and then its argument prototype would still apply.  */
| char __argz_stringify ();
| /* The GNU C library defines this for functions which it implements
|     to always fail with ENOSYS.  Some functions are actually named
|     something starting with __ and the normal name is an alias.  */
| #if defined (__stub___argz_stringify) || defined (__stub_____argz_stringify)
| choke me
| #else
| char (*f) () = __argz_stringify;
| #endif
| #ifdef __cplusplus
| }
| #endif
| 
| int
| main ()
| {
| return f != __argz_stringify;
|   ;
|   return 0;
| }
configure:7152: result: no
configure:7064: checking for __argz_next
configure:7121: gcc -o conftest -g -O2 -Wno-error    conftest.c  >&5
Undefined symbols for architecture x86_64:
  "___argz_next", referenced from:
      _main in conftest-56a183.o
      _f in conftest-56a183.o
ld: symbol(s) not found for architecture x86_64
clang: error: linker command failed with exit code 1 (use -v to see invocation)
configure:7127: $? = 1
configure: failed program was:
| /* confdefs.h.  */
| 
| #define PACKAGE_NAME ""
| #define PACKAGE_TARNAME ""
| #define PACKAGE_VERSION ""
| #define PACKAGE_STRING ""
| #define PACKAGE_BUGREPORT ""
| #define PACKAGE "opcodes"
| #define VERSION "2.17"
| #define STDC_HEADERS 1
| #define HAVE_SYS_TYPES_H 1
| #define HAVE_SYS_STAT_H 1
| #define HAVE_STDLIB_H 1
| #define HAVE_STRING_H 1
| #define HAVE_MEMORY_H 1
| #define HAVE_STRINGS_H 1
| #define HAVE_INTTYPES_H 1
| #define HAVE_STDINT_H 1
| #define HAVE_UNISTD_H 1
| #define HAVE_ALLOCA_H 1
| #define HAVE_ALLOCA 1
| #define HAVE_STDLIB_H 1
| #define HAVE_UNISTD_H 1
| #define HAVE_GETPAGESIZE 1
| #define HAVE_MMAP 1
| #define HAVE_LIMITS_H 1
| #define HAVE_LOCALE_H 1
| #define HAVE_NL_TYPES_H 1
| #define HAVE_STRING_H 1
| #define HAVE_UNISTD_H 1
| #define HAVE_SYS_PARAM_H 1
| #define HAVE_GETCWD 1
| #define HAVE_MUNMAP 1
| #define HAVE_PUTENV 1
| #define HAVE_SETENV 1
| #define HAVE_SETLOCALE 1
| #define HAVE_STRCHR 1
| #define HAVE_STRCASECMP 1
| /* end confdefs.h.  */
| /* Define __argz_next to an innocuous variant, in case <limits.h> declares __argz_next.
|    For example, HP-UX 11i <limits.h> declares gettimeofday.  */
| #define __argz_next innocuous___argz_next
| 
| /* System header to define __stub macros and hopefully few prototypes,
|     which can conflict with char __argz_next (); below.
|     Prefer <limits.h> to <assert.h> if __STDC__ is defined, since
|     <limits.h> exists even on freestanding compilers.  */
| 
| #ifdef __STDC__
| # include <limits.h>
| #else
| # include <assert.h>
| #endif
| 
| #undef __argz_next
| 
| /* Override any gcc2 internal prototype to avoid an error.  */
| #ifdef __cplusplus
| extern "C"
| {
| #endif
| /* We use char because int might match the return type of a gcc2
|    builtin and then its argument prototype would still apply.  */
| char __argz_next ();
| /* The GNU C library defines this for functions which it implements
|     to always fail with ENOSYS.  Some functions are actually named
|     something starting with __ and the normal name is an alias.  */
| #if defined (__stub___argz_next) || defined (__stub_____argz_next)
| choke me
| #else
| char (*f) () = __argz_next;
| #endif
| #ifdef __cplusplus
| }
| #endif
| 
| int
| main ()
| {
| return f != __argz_next;
|   ;
|   return 0;
| }
configure:7152: result: no
configure:7168: checking for stpcpy
configure:7225: gcc -o conftest -g -O2 -Wno-error    conftest.c  >&5
conftest.c:64:6: warning: incompatible redeclaration of library function 'stpcpy' [-Wincompatible-library-redeclaration]
char stpcpy ();
     ^
conftest.c:64:6: note: 'stpcpy' is a builtin with type 'char *(char *, const char *)'
1 warning generated.
configure:7231: $? = 0
configure:7235: test -z 
			 || test ! -s conftest.err
configure:7238: $? = 0
configure:7241: test -s conftest
configure:7244: $? = 0
configure:7256: result: yes
configure:7276: checking for LC_MESSAGES
configure:7297: gcc -o conftest -g -O2 -Wno-error    conftest.c  >&5
configure:7303: $? = 0
configure:7307: test -z 
			 || test ! -s conftest.err
configure:7310: $? = 0
configure:7313: test -s conftest
configure:7316: $? = 0
configure:7328: result: yes
configure:7338: checking whether NLS is requested
configure:7347: result: yes
configure:7354: checking whether included gettext is requested
configure:7364: result: no
configure:7383: checking libintl.h usability
configure:7395: gcc -c -g -O2 -Wno-error   conftest.c >&5
configure:7401: $? = 0
configure:7405: test -z 
			 || test ! -s conftest.err
configure:7408: $? = 0
configure:7411: test -s conftest.o
configure:7414: $? = 0
configure:7424: result: yes
configure:7428: checking libintl.h presence
configure:7438: gcc -E  conftest.c
configure:7444: $? = 0
configure:7464: result: yes
configure:7499: checking for libintl.h
configure:7506: result: yes
configure:7511: checking for gettext in libc
configure:7532: gcc -o conftest -g -O2 -Wno-error    conftest.c  >&5
Undefined symbols for architecture x86_64:
  "_libintl_gettext", referenced from:
      _main in conftest-8ce94d.o
ld: symbol(s) not found for architecture x86_64
clang: error: linker command failed with exit code 1 (use -v to see invocation)
configure:7538: $? = 1
configure: failed program was:
| /* confdefs.h.  */
| 
| #define PACKAGE_NAME ""
| #define PACKAGE_TARNAME ""
| #define PACKAGE_VERSION ""
| #define PACKAGE_STRING ""
| #define PACKAGE_BUGREPORT ""
| #define PACKAGE "opcodes"
| #define VERSION "2.17"
| #define STDC_HEADERS 1
| #define HAVE_SYS_TYPES_H 1
| #define HAVE_SYS_STAT_H 1
| #define HAVE_STDLIB_H 1
| #define HAVE_STRING_H 1
| #define HAVE_MEMORY_H 1
| #define HAVE_STRINGS_H 1
| #define HAVE_INTTYPES_H 1
| #define HAVE_STDINT_H 1
| #define HAVE_UNISTD_H 1
| #define HAVE_ALLOCA_H 1
| #define HAVE_ALLOCA 1
| #define HAVE_STDLIB_H 1
| #define HAVE_UNISTD_H 1
| #define HAVE_GETPAGESIZE 1
| #define HAVE_MMAP 1
| #define HAVE_LIMITS_H 1
| #define HAVE_LOCALE_H 1
| #define HAVE_NL_TYPES_H 1
| #define HAVE_STRING_H 1
| #define HAVE_UNISTD_H 1
| #define HAVE_SYS_PARAM_H 1
| #define HAVE_GETCWD 1
| #define HAVE_MUNMAP 1
| #define HAVE_PUTENV 1
| #define HAVE_SETENV 1
| #define HAVE_SETLOCALE 1
| #define HAVE_STRCHR 1
| #define HAVE_STRCASECMP 1
| #define HAVE_STPCPY 1
| #define HAVE_STPCPY 1
| #define HAVE_LC_MESSAGES 1
| /* end confdefs.h.  */
| #include <libintl.h>
| int
| main ()
| {
| return (int) gettext ("")
|   ;
|   return 0;
| }
configure:7563: result: no
configure:7567: checking for bindtextdomain in -lintl
configure:7597: gcc -o conftest -g -O2 -Wno-error    conftest.c -lintl   >&5
configure:7603: $? = 0
configure:7607: test -z 
			 || test ! -s conftest.err
configure:7610: $? = 0
configure:7613: test -s conftest
configure:7616: $? = 0
configure:7629: result: yes
configure:7632: checking for gettext in libintl
configure:7653: gcc -o conftest -g -O2 -Wno-error    conftest.c  >&5
conftest.c:47:14: warning: implicit declaration of function 'gettext' is invalid in C99 [-Wimplicit-function-declaration]
return (int) gettext ("")
             ^
1 warning generated.
Undefined symbols for architecture x86_64:
  "_gettext", referenced from:
      _main in conftest-f0d891.o
ld: symbol(s) not found for architecture x86_64
clang: error: linker command failed with exit code 1 (use -v to see invocation)
configure:7659: $? = 1
configure: failed program was:
| /* confdefs.h.  */
| 
| #define PACKAGE_NAME ""
| #define PACKAGE_TARNAME ""
| #define PACKAGE_VERSION ""
| #define PACKAGE_STRING ""
| #define PACKAGE_BUGREPORT ""
| #define PACKAGE "opcodes"
| #define VERSION "2.17"
| #define STDC_HEADERS 1
| #define HAVE_SYS_TYPES_H 1
| #define HAVE_SYS_STAT_H 1
| #define HAVE_STDLIB_H 1
| #define HAVE_STRING_H 1
| #define HAVE_MEMORY_H 1
| #define HAVE_STRINGS_H 1
| #define HAVE_INTTYPES_H 1
| #define HAVE_STDINT_H 1
| #define HAVE_UNISTD_H 1
| #define HAVE_ALLOCA_H 1
| #define HAVE_ALLOCA 1
| #define HAVE_STDLIB_H 1
| #define HAVE_UNISTD_H 1
| #define HAVE_GETPAGESIZE 1
| #define HAVE_MMAP 1
| #define HAVE_LIMITS_H 1
| #define HAVE_LOCALE_H 1
| #define HAVE_NL_TYPES_H 1
| #define HAVE_STRING_H 1
| #define HAVE_UNISTD_H 1
| #define HAVE_SYS_PARAM_H 1
| #define HAVE_GETCWD 1
| #define HAVE_MUNMAP 1
| #define HAVE_PUTENV 1
| #define HAVE_SETENV 1
| #define HAVE_SETLOCALE 1
| #define HAVE_STRCHR 1
| #define HAVE_STRCASECMP 1
| #define HAVE_STPCPY 1
| #define HAVE_STPCPY 1
| #define HAVE_LC_MESSAGES 1
| /* end confdefs.h.  */
| 
| int
| main ()
| {
| return (int) gettext ("")
|   ;
|   return 0;
| }
configure:7684: result: no
configure:7980: checking for msgfmt
configure:8007: result: /Users/meghna/anaconda3/bin/msgfmt
configure:8016: checking for gmsgfmt
configure:8047: result: /Users/meghna/anaconda3/bin/msgfmt
configure:8056: checking for xgettext
configure:8083: result: /Users/meghna/anaconda3/bin/xgettext
configure:8156: checking for catalogs to be installed
configure:8165: result:  fr sv tr es da de id pt_BR ro nl fi vi ga zh_CN
configure:8422: checking for a BSD-compatible install
configure:8477: result: /usr/bin/install -c
configure:8496: checking for string.h
configure:8501: result: yes
configure:8496: checking for strings.h
configure:8501: result: yes
configure:8496: checking for stdlib.h
configure:8501: result: yes
configure:8642: checking whether basename is declared
configure:8666: gcc -c -g -O2 -Wno-error   conftest.c >&5
conftest.c:85:22: error: use of undeclared identifier 'basename'
  char *p = (char *) basename;
                     ^
1 error generated.
configure:8672: $? = 1
configure: failed program was:
| /* confdefs.h.  */
| 
| #define PACKAGE_NAME ""
| #define PACKAGE_TARNAME ""
| #define PACKAGE_VERSION ""
| #define PACKAGE_STRING ""
| #define PACKAGE_BUGREPORT ""
| #define PACKAGE "opcodes"
| #define VERSION "2.17"
| #define STDC_HEADERS 1
| #define HAVE_SYS_TYPES_H 1
| #define HAVE_SYS_STAT_H 1
| #define HAVE_STDLIB_H 1
| #define HAVE_STRING_H 1
| #define HAVE_MEMORY_H 1
| #define HAVE_STRINGS_H 1
| #define HAVE_INTTYPES_H 1
| #define HAVE_STDINT_H 1
| #define HAVE_UNISTD_H 1
| #define HAVE_ALLOCA_H 1
| #define HAVE_ALLOCA 1
| #define HAVE_STDLIB_H 1
| #define HAVE_UNISTD_H 1
| #define HAVE_GETPAGESIZE 1
| #define HAVE_MMAP 1
| #define HAVE_LIMITS_H 1
| #define HAVE_LOCALE_H 1
| #define HAVE_NL_TYPES_H 1
| #define HAVE_STRING_H 1
| #define HAVE_UNISTD_H 1
| #define HAVE_SYS_PARAM_H 1
| #define HAVE_GETCWD 1
| #define HAVE_MUNMAP 1
| #define HAVE_PUTENV 1
| #define HAVE_SETENV 1
| #define HAVE_SETLOCALE 1
| #define HAVE_STRCHR 1
| #define HAVE_STRCASECMP 1
| #define HAVE_STPCPY 1
| #define HAVE_STPCPY 1
| #define HAVE_LC_MESSAGES 1
| #define ENABLE_NLS 1
| #define HAVE_STRING_H 1
| #define HAVE_STRINGS_H 1
| #define HAVE_STDLIB_H 1
| /* end confdefs.h.  */
| #include <stdio.h>
| #if HAVE_SYS_TYPES_H
| # include <sys/types.h>
| #endif
| #if HAVE_SYS_STAT_H
| # include <sys/stat.h>
| #endif
| #if STDC_HEADERS
| # include <stdlib.h>
| # include <stddef.h>
| #else
| # if HAVE_STDLIB_H
| #  include <stdlib.h>
| # endif
| #endif
| #if HAVE_STRING_H
| # if !STDC_HEADERS && HAVE_MEMORY_H
| #  include <memory.h>
| # endif
| # include <string.h>
| #endif
| #if HAVE_STRINGS_H
| # include <strings.h>
| #endif
| #if HAVE_INTTYPES_H
| # include <inttypes.h>
| #else
| # if HAVE_STDINT_H
| #  include <stdint.h>
| # endif
| #endif
| #if HAVE_UNISTD_H
| # include <unistd.h>
| #endif
| int
| main ()
| {
| #ifndef basename
|   char *p = (char *) basename;
| #endif
| 
|   ;
|   return 0;
| }
configure:8696: result: no
configure:9059: creating ./config.status

## ---------------------- ##
## Running config.status. ##
## ---------------------- ##

This file was extended by config.status, which was
generated by GNU Autoconf 2.59.  Invocation command line was

  CONFIG_FILES    = 
  CONFIG_HEADERS  = 
  CONFIG_LINKS    = 
  CONFIG_COMMANDS = 
  $ ./config.status 

on Meghnas-MacBook-Pro-2.local

config.status:752: creating Makefile
config.status:752: creating po/Makefile.in
config.status:849: creating config.h
config.status:1205: executing depfiles commands
config.status:1205: executing default commands

## ---------------- ##
## Cache variables. ##
## ---------------- ##

ac_cv_archive_cmds_needs_lc=yes
ac_cv_build=i386-apple-darwin18.6.0
ac_cv_build_alias=i386-apple-darwin18.6.0
ac_cv_c_compiler_gnu=yes
ac_cv_c_const=yes
ac_cv_c_inline=inline
ac_cv_env_CC_set=set
ac_cv_env_CC_value=gcc
ac_cv_env_CFLAGS_set=set
ac_cv_env_CFLAGS_value='-g -O2 -Wno-error '
ac_cv_env_CPPFLAGS_set=
ac_cv_env_CPPFLAGS_value=
ac_cv_env_CPP_set=
ac_cv_env_CPP_value=
ac_cv_env_LDFLAGS_set=set
ac_cv_env_LDFLAGS_value=
ac_cv_env_build_alias_set=set
ac_cv_env_build_alias_value=i386-apple-darwin18.6.0
ac_cv_env_host_alias_set=set
ac_cv_env_host_alias_value=i386-apple-darwin18.6.0
ac_cv_env_target_alias_set=set
ac_cv_env_target_alias_value=mips-linux
ac_cv_exeext=
ac_cv_func___argz_count=no
ac_cv_func___argz_next=no
ac_cv_func___argz_stringify=no
ac_cv_func_alloca_works=yes
ac_cv_func_getcwd=yes
ac_cv_func_getpagesize=yes
ac_cv_func_mmap_fixed_mapped=yes
ac_cv_func_munmap=yes
ac_cv_func_putenv=yes
ac_cv_func_setenv=yes
ac_cv_func_setlocale=yes
ac_cv_func_stpcpy=yes
ac_cv_func_strcasecmp=yes
ac_cv_func_strchr=yes
ac_cv_have_decl_basename=no
ac_cv_header_argz_h=no
ac_cv_header_inttypes_h=yes
ac_cv_header_libintl_h=yes
ac_cv_header_limits_h=yes
ac_cv_header_locale_h=yes
ac_cv_header_malloc_h=no
ac_cv_header_memory_h=yes
ac_cv_header_nl_types_h=yes
ac_cv_header_stdc=yes
ac_cv_header_stdint_h=yes
ac_cv_header_stdlib_h=yes
ac_cv_header_string_h=yes
ac_cv_header_strings_h=yes
ac_cv_header_sys_param_h=yes
ac_cv_header_sys_stat_h=yes
ac_cv_header_sys_types_h=yes
ac_cv_header_unistd_h=yes
ac_cv_header_values_h=no
ac_cv_host=i386-apple-darwin18.6.0
ac_cv_host_alias=i386-apple-darwin18.6.0
ac_cv_lib_intl_bindtextdomain=yes
ac_cv_objext=o
ac_cv_path_GMSGFMT=/Users/meghna/anaconda3/bin/msgfmt
ac_cv_path_MSGFMT=/Users/meghna/anaconda3/bin/msgfmt
ac_cv_path_XGETTEXT=/Users/meghna/anaconda3/bin/xgettext
ac_cv_prog_AR=ar
ac_cv_prog_AWK=awk
ac_cv_prog_CC=gcc
ac_cv_prog_CPP='gcc -E'
ac_cv_prog_RANLIB=ranlib
ac_cv_prog_ac_ct_STRIP=strip
ac_cv_prog_cc_can_build_shared=yes
ac_cv_prog_cc_g=yes
ac_cv_prog_cc_no_builtin=
ac_cv_prog_cc_pic='  -DPIC'
ac_cv_prog_cc_pic_works=yes
ac_cv_prog_cc_shlib=
ac_cv_prog_cc_static=
ac_cv_prog_cc_static_works=no
ac_cv_prog_cc_stdc=
ac_cv_prog_cc_wl=-Wl,
ac_cv_prog_egrep='grep -E'
ac_cv_prog_make_make_set=yes
ac_cv_search_strerror='none required'
ac_cv_target=mips-unknown-linux-gnu
ac_cv_target_alias=mips-linux
ac_cv_type_off_t=yes
ac_cv_type_size_t=yes
ac_cv_working_alloca_h=yes
am_cv_CC_dependencies_compiler_type=none
am_cv_val_LC_MESSAGES=yes
gt_cv_func_gettext_libc=no
gt_cv_func_gettext_libintl=no
lt_cv_compiler_c_o=yes
lt_cv_deplibs_check_method=pass_all
lt_cv_file_magic_cmd='/usr/bin/file -L'
lt_cv_file_magic_test_file=/usr/lib/libSystem.dylib
lt_cv_ld_reload_flag=-r
lt_cv_path_LD=/Library/Developer/CommandLineTools/usr/bin/ld
lt_cv_path_NM=nm
lt_cv_prog_cc_pic=-fno-common
lt_cv_prog_gnu_ld=no
lt_cv_sys_max_cmd_len=196608
nls_cv_force_use_gnu_gettext=no
nls_cv_header_intl=libintl.h
nls_cv_header_libgt=libgettext.h
nls_cv_use_gnu_gettext=yes

## ----------------- ##
## Output variables. ##
## ----------------- ##

ACLOCAL='${SHELL} /Users/meghna/desktop/cs161/cs161-binutils-1.5/binutils-2.17/missing --run aclocal-1.9'
ALLOCA=''
AMDEPBACKSLASH='\'
AMDEP_FALSE='#'
AMDEP_TRUE=''
AMTAR='${SHELL} /Users/meghna/desktop/cs161/cs161-binutils-1.5/binutils-2.17/missing --run tar'
AR='ar'
AUTOCONF='${SHELL} /Users/meghna/desktop/cs161/cs161-binutils-1.5/binutils-2.17/missing --run autoconf'
AUTOHEADER='${SHELL} /Users/meghna/desktop/cs161/cs161-binutils-1.5/binutils-2.17/missing --run autoheader'
AUTOMAKE='${SHELL} /Users/meghna/desktop/cs161/cs161-binutils-1.5/binutils-2.17/missing --run automake-1.9'
AWK='awk'
BFD_MACHINES=' mips-dis.lo mips-opc.lo mips16-opc.lo'
CATALOGS=' fr.gmo sv.gmo tr.gmo es.gmo da.gmo de.gmo id.gmo pt_BR.gmo ro.gmo nl.gmo fi.gmo vi.gmo ga.gmo zh_CN.gmo'
CATOBJEXT='.gmo'
CC='gcc'
CCDEPMODE='depmode=none'
CC_FOR_BUILD='gcc'
CFLAGS='-g -O2 -Wno-error '
CGEN_MAINT_FALSE=''
CGEN_MAINT_TRUE='#'
CPP='gcc -E'
CPPFLAGS=''
CYGPATH_W='echo'
DATADIRNAME='share'
DEFS='-DHAVE_CONFIG_H'
DEPDIR='.deps'
ECHO_C='ECHO_N=''
ECHO_T=''
EGREP='grep -E'
EXEEXT=''
EXEEXT_FOR_BUILD='$(EXEEXT)'
GMOFILES=' fr.gmo sv.gmo tr.gmo es.gmo da.gmo de.gmo id.gmo pt_BR.gmo ro.gmo nl.gmo fi.gmo vi.gmo ga.gmo zh_CN.gmo'
GMSGFMT='/Users/meghna/anaconda3/bin/msgfmt'
GT_NO=''
GT_YES='#YES#'
HDEFINES=''
INCLUDE_LOCALE_H='#include <locale.h>'
INSTALL_DATA='/usr/bin/install -c -m 644'
INSTALL_LIBBFD_FALSE=''
INSTALL_LIBBFD_TRUE='#'
INSTALL_PROGRAM='/usr/bin/install -c'
INSTALL_SCRIPT='/usr/bin/install -c'
INSTALL_STRIP_PROGRAM='${SHELL} $(install_sh) -c -s'
INSTOBJEXT='.mo'
INTLDEPS='$(top_builddir)/../intl/libintl.a'
INTLLIBS='$(top_builddir)/../intl/libintl.a'
INTLOBJS='$(GETTOBJS)'
LDFLAGS=''
LIBOBJS=''
LIBS=''
LIBTOOL='$(SHELL) $(top_builddir)/libtool'
LN_S='ln -s'
LTLIBOBJS=''
MAINT='#'
MAINTAINER_MODE_FALSE=''
MAINTAINER_MODE_TRUE='#'
MAKEINFO='makeinfo --split-size=5000000'
MKINSTALLDIRS='$(srcdir)/../../mkinstalldirs'
MSGFMT='/Users/meghna/anaconda3/bin/msgfmt'
NO_WERROR='-Wno-error'
OBJEXT='o'
PACKAGE='opcodes'
PACKAGE_BUGREPORT=''
PACKAGE_NAME=''
PACKAGE_STRING=''
PACKAGE_TARNAME=''
PACKAGE_VERSION=''
PATH_SEPARATOR=':'
POFILES=' fr.po sv.po tr.po es.po da.po de.po id.po pt_BR.po ro.po nl.po fi.po vi.po ga.po zh_CN.po'
POSUB='po'
RANLIB='ranlib'
SET_MAKE=''
SHELL='/bin/sh'
STRIP='strip'
USE_INCLUDED_LIBINTL='yes'
USE_NLS='yes'
VERSION='2.17'
WARN_CFLAGS='-W -Wall -Wstrict-prototypes -Wmissing-prototypes -Werror'
WIN32LDFLAGS=''
WIN32LIBADD=''
XGETTEXT='/Users/meghna/anaconda3/bin/xgettext'
ac_ct_AR=''
ac_ct_CC=''
ac_ct_RANLIB=''
ac_ct_STRIP='strip'
am__fastdepCC_FALSE=''
am__fastdepCC_TRUE='#'
am__include='include'
am__leading_dot='.'
am__quote=''
am__tar='${AMTAR} chof - "$$tardir"'
am__untar='${AMTAR} xf -'
archdefs=' -DARCH_mips'
bfdincludedir='$(exec_prefix)/$(host_noncanonical)/$(target_noncanonical)/include'
bfdlibdir='$(exec_prefix)/$(host_noncanonical)/$(target_noncanonical)/lib'
bindir='${exec_prefix}/bin'
build='i386-apple-darwin18.6.0'
build_alias='i386-apple-darwin18.6.0'
build_cpu='i386'
build_os='darwin18.6.0'
build_vendor='apple'
cgendir='$(srcdir)/../cgen'
datadir='${prefix}/share'
exec_prefix='${prefix}'
host='i386-apple-darwin18.6.0'
host_alias='i386-apple-darwin18.6.0'
host_cpu='i386'
host_noncanonical='i386-apple-darwin18.6.0'
host_os='darwin18.6.0'
host_vendor='apple'
includedir='${prefix}/include'
infodir='${prefix}/info'
install_sh='/Users/meghna/desktop/cs161/cs161-binutils-1.5/binutils-2.17/install-sh'
l=''
libdir='${exec_prefix}/lib'
libexecdir='${exec_prefix}/libexec'
localstatedir='${prefix}/var'
mandir='${prefix}/man'
mkdir_p='$(mkinstalldirs)'
oldincludedir='/usr/include'
prefix='/Users/meghna/cs161/tools'
program_transform_name='s,^,mips-linux-,;'
sbindir='${exec_prefix}/sbin'
sharedstatedir='${prefix}/com'
sysconfdir='${prefix}/etc'
target='mips-unknown-linux-gnu'
target_alias='mips-linux'
target_cpu='mips'
target_noncanonical='mips-linux'
target_os='linux-gnu'
target_vendor='unknown'

## ----------- ##
## confdefs.h. ##
## ----------- ##

#define ENABLE_NLS 1
#define HAVE_ALLOCA 1
#define HAVE_ALLOCA_H 1
#define HAVE_DECL_BASENAME 0
#define HAVE_GETCWD 1
#define HAVE_GETPAGESIZE 1
#define HAVE_INTTYPES_H 1
#define HAVE_LC_MESSAGES 1
#define HAVE_LIMITS_H 1
#define HAVE_LOCALE_H 1
#define HAVE_MEMORY_H 1
#define HAVE_MMAP 1
#define HAVE_MUNMAP 1
#define HAVE_NL_TYPES_H 1
#define HAVE_PUTENV 1
#define HAVE_SETENV 1
#define HAVE_SETLOCALE 1
#define HAVE_STDINT_H 1
#define HAVE_STDLIB_H 1
#define HAVE_STDLIB_H 1
#define HAVE_STDLIB_H 1
#define HAVE_STPCPY 1
#define HAVE_STPCPY 1
#define HAVE_STRCASECMP 1
#define HAVE_STRCHR 1
#define HAVE_STRINGS_H 1
#define HAVE_STRINGS_H 1
#define HAVE_STRING_H 1
#define HAVE_STRING_H 1
#define HAVE_STRING_H 1
#define HAVE_SYS_PARAM_H 1
#define HAVE_SYS_STAT_H 1
#define HAVE_SYS_TYPES_H 1
#define HAVE_UNISTD_H 1
#define HAVE_UNISTD_H 1
#define HAVE_UNISTD_H 1
#define PACKAGE "opcodes"
#define PACKAGE_BUGREPORT ""
#define PACKAGE_NAME ""
#define PACKAGE_STRING ""
#define PACKAGE_TARNAME ""
#define PACKAGE_VERSION ""
#define STDC_HEADERS 1
#define VERSION "2.17"

configure: exit 0
