This file contains any messages produced by compilers while
running configure, to aid debugging if configure makes a mistake.

It was created by configure, which was
generated by GNU Autoconf 2.59.  Invocation command line was

  $ /Users/meghna/desktop/cs161/cs161-binutils-1.5/binutils-2.17/ld/configure --cache-file=./config.cache --build=i386-apple-darwin18.6.0 --host=i386-apple-darwin18.6.0 --target=mips-linux --with-gnu-as --with-gnu-ld --with-stabs --nfp --prefix=/Users/meghna/cs161/tools --program-transform-name=s,^,mips-linux-,;  --srcdir=/Users/meghna/desktop/cs161/cs161-binutils-1.5/./binutils-2.17/ld

## --------- ##
## Platform. ##
## --------- ##

hostname = Meghnas-MacBook-Pro-2.local
uname -m = x86_64
uname -r = 18.6.0
uname -s = Darwin
uname -v = Darwin Kernel Version 18.6.0: Thu Apr 25 23:16:27 PDT 2019; root:xnu-4903.261.4~2/RELEASE_X86_64

/usr/bin/uname -p = i386
/bin/uname -X     = unknown

/bin/arch              = unknown
/usr/bin/arch -k       = unknown
/usr/convex/getsysinfo = unknown
hostinfo               = Mach kernel version:
	 Darwin Kernel Version 18.6.0: Thu Apr 25 23:16:27 PDT 2019; root:xnu-4903.261.4~2/RELEASE_X86_64
Kernel configured for up to 4 processors.
2 processors are physically available.
4 processors are logically available.
Processor type: x86_64h (Intel x86-64h Haswell)
Processors active: 0 1 2 3
Primary memory available: 16.00 gigabytes
Default processor set: 471 tasks, 2245 threads, 4 processors
Load average: 3.36, Mach factor: 1.08
/bin/machine           = unknown
/usr/bin/oslevel       = unknown
/bin/universe          = unknown

PATH: /Users/meghna/cs161/bin
PATH: /Users/meghna/cs161/bin
PATH: /Users/meghna/anaconda3/bin
PATH: /anaconda3/bin
PATH: /usr/local/fsl/bin
PATH: /Library/Frameworks/Python.framework/Versions/3.6/bin
PATH: /usr/local/bin
PATH: /usr/bin
PATH: /bin
PATH: /usr/sbin
PATH: /sbin
PATH: /opt/X11/bin
PATH: /Users/meghna/cs161/tools/bin


## ----------- ##
## Core tests. ##
## ----------- ##

configure:1243: creating cache ./config.cache
configure:1355: checking build system type
configure:1373: result: i386-apple-darwin18.6.0
configure:1381: checking host system type
configure:1395: result: i386-apple-darwin18.6.0
configure:1403: checking target system type
configure:1417: result: mips-unknown-linux-gnu
configure:1439: checking for i386-apple-darwin18.6.0-gcc
configure:1465: result: gcc
configure:1747: checking for C compiler version
configure:1750: gcc --version </dev/null >&5
Configured with: --prefix=/Library/Developer/CommandLineTools/usr --with-gxx-include-dir=/Library/Developer/CommandLineTools/SDKs/MacOSX10.14.sdk/usr/include/c++/4.2.1
Apple LLVM version 10.0.1 (clang-1001.0.46.4)
Target: x86_64-apple-darwin18.6.0
Thread model: posix
InstalledDir: /Library/Developer/CommandLineTools/usr/bin
configure:1753: $? = 0
configure:1755: gcc -v </dev/null >&5
Configured with: --prefix=/Library/Developer/CommandLineTools/usr --with-gxx-include-dir=/Library/Developer/CommandLineTools/SDKs/MacOSX10.14.sdk/usr/include/c++/4.2.1
Apple LLVM version 10.0.1 (clang-1001.0.46.4)
Target: x86_64-apple-darwin18.6.0
Thread model: posix
InstalledDir: /Library/Developer/CommandLineTools/usr/bin
configure:1758: $? = 0
configure:1760: gcc -V </dev/null >&5
clang: error: unsupported option '-V -Wno-atomic-implicit-seq-cst'
clang: error: no input files
configure:1763: $? = 1
configure:1786: checking for C compiler default output file name
configure:1789: gcc -g -O2 -Wno-error    conftest.c  >&5
configure:1792: $? = 0
configure:1838: result: a.out
configure:1843: checking whether the C compiler works
configure:1849: ./a.out
configure:1852: $? = 0
configure:1869: result: yes
configure:1876: checking whether we are cross compiling
configure:1878: result: no
configure:1881: checking for suffix of executables
configure:1883: gcc -o conftest -g -O2 -Wno-error    conftest.c  >&5
configure:1886: $? = 0
configure:1911: result: 
configure:1917: checking for suffix of object files
configure:1938: gcc -c -g -O2 -Wno-error   conftest.c >&5
configure:1941: $? = 0
configure:1963: result: o
configure:1967: checking whether we are using the GNU C compiler
configure:1991: gcc -c -g -O2 -Wno-error   conftest.c >&5
configure:1997: $? = 0
configure:2001: test -z 
			 || test ! -s conftest.err
configure:2004: $? = 0
configure:2007: test -s conftest.o
configure:2010: $? = 0
configure:2023: result: yes
configure:2029: checking whether gcc accepts -g
configure:2050: gcc -c -g  conftest.c >&5
configure:2056: $? = 0
configure:2060: test -z 
			 || test ! -s conftest.err
configure:2063: $? = 0
configure:2066: test -s conftest.o
configure:2069: $? = 0
configure:2080: result: yes
configure:2097: checking for gcc option to accept ANSI C
configure:2167: gcc  -c -g -O2 -Wno-error   conftest.c >&5
configure:2173: $? = 0
configure:2177: test -z 
			 || test ! -s conftest.err
configure:2180: $? = 0
configure:2183: test -s conftest.o
configure:2186: $? = 0
configure:2204: result: none needed
configure:2222: gcc -c -g -O2 -Wno-error   conftest.c >&5
conftest.c:2:3: error: unknown type name 'choke'
  choke me
  ^
conftest.c:2:11: error: expected ';' after top level declarator
  choke me
          ^
          ;
2 errors generated.
configure:2228: $? = 1
configure: failed program was:
| #ifndef __cplusplus
|   choke me
| #endif
configure:2362: checking for library containing strerror
configure:2392: gcc -o conftest -g -O2 -Wno-error    conftest.c  >&5
conftest.c:16:6: warning: incompatible redeclaration of library function 'strerror' [-Wincompatible-library-redeclaration]
char strerror ();
     ^
conftest.c:16:6: note: 'strerror' is a builtin with type 'char *(int)'
1 warning generated.
configure:2398: $? = 0
configure:2402: test -z 
			 || test ! -s conftest.err
configure:2405: $? = 0
configure:2408: test -s conftest
configure:2411: $? = 0
configure:2481: result: none required
configure:2504: checking for a BSD-compatible install
configure:2559: result: /usr/bin/install -c
configure:2570: checking whether build environment is sane
configure:2613: result: yes
configure:2678: checking for gawk
configure:2707: result: no
configure:2678: checking for mawk
configure:2707: result: no
configure:2678: checking for nawk
configure:2707: result: no
configure:2678: checking for awk
configure:2694: found /usr/bin/awk
configure:2704: result: awk
configure:2714: checking whether make sets $(MAKE)
configure:2734: result: yes
configure:2764: checking for style of include used by make
configure:2792: result: GNU
configure:2968: checking dependency style of gcc
configure:3058: result: none
configure:3154: checking for ld used by GCC
configure:3217: result: /Library/Developer/CommandLineTools/usr/bin/ld
configure:3226: checking if the linker (/Library/Developer/CommandLineTools/usr/bin/ld) is GNU ld
configure:3238: result: no
configure:3243: checking for /Library/Developer/CommandLineTools/usr/bin/ld option to reload object files
configure:3250: result: -r
configure:3255: checking for BSD-compatible nm
configure:3291: result: nm
configure:3294: checking whether ln -s works
configure:3298: result: yes
configure:3305: checking how to recognise dependant libraries
configure:3468: result: pass_all
configure:3479: checking the maximum length of command line arguments
configure:3531: result: 196608
configure:3681: checking for i386-apple-darwin18.6.0-ranlib
configure:3707: result: ranlib
configure:3761: checking for i386-apple-darwin18.6.0-strip
configure:3790: result: no
configure:3799: checking for strip
configure:3815: found /usr/bin/strip
configure:3826: result: strip
configure:4129: loading cache ./config.cache
ce PIC
ltconfig:687:checking that gcc PIC flag  -DPIC works.
ltconfig:697: gcc -c -g -O2 -Wno-error   -DPIC -DPIC  conftest.c 1>&5
ltconfig:749: checking if gcc static flag -static works
ltconfig:758: gcc -o conftest -g -O2 -Wno-error    -static conftest.c  1>&5
conftest.c:1:1: warning: type specifier missing, defaults to 'int' [-Wimplicit-int]
main(){return(0);}
^
1 warning generated.
ld: library not found for -lcrt0.o
clang: error: linker command failed with exit code 1 (use -v to see invocation)
ltconfig:780: finding the maximum length of command line arguments
ltconfig:@lineno@: result: 196608
ltconfig:833: checking if gcc supports -c -o file.o
ltconfig:834: gcc -c -g -O2 -Wno-error  -o out/conftest2.o  conftest.c 1>&5
ltconfig:887: checking if gcc supports -fno-rtti -fno-exceptions
ltconfig:888: gcc -c -g -O2 -Wno-error  -fno-rtti -fno-exceptions -c conftest.c  conftest.c 1>&5
ltconfig:1431: checking if global_symbol_pipe works
ltconfig:1432: gcc -c -g -O2 -Wno-error   conftest.c 1>&5
ltconfig:1435: eval "nm conftest.o | sed -n -e 's/^.*[ 	]\([BCDEGRST][BCDEGRST]*\)[ 	][ 	]*\(\)\([_A-Za-z][_A-Za-z0-9]*\)$/\1 \2\3 \3/p' > conftest.nm"
cannot find nm_test_var in conftest.nm
ltconfig:1431: checking if global_symbol_pipe works
ltconfig:1432: gcc -c -g -O2 -Wno-error   conftest.c 1>&5
ltconfig:1435: eval "nm conftest.o | sed -n -e 's/^.*[ 	]\([BCDEGRST][BCDEGRST]*\)[ 	][ 	]*\(_\)\([_A-Za-z][_A-Za-z0-9]*\)$/\1 \2\3 \3/p' > conftest.nm"
ltconfig:1487: gcc -o conftest -g -O2 -Wno-error  -fno-builtin -fno-rtti -fno-exceptions   conftest.c conftstm.o 1>&5
conftest.c:6:1: warning: variable named 'main' with external linkage has undefined behavior [-Wmain]
extern char main;
^
1 warning generated.
configure:4308: checking for i386-apple-darwin18.6.0-gcc
configure:4334: result: gcc
configure:4616: checking for C compiler version
configure:4619: gcc --version </dev/null >&5
Configured with: --prefix=/Library/Developer/CommandLineTools/usr --with-gxx-include-dir=/Library/Developer/CommandLineTools/SDKs/MacOSX10.14.sdk/usr/include/c++/4.2.1
Apple LLVM version 10.0.1 (clang-1001.0.46.4)
Target: x86_64-apple-darwin18.6.0
Thread model: posix
InstalledDir: /Library/Developer/CommandLineTools/usr/bin
configure:4622: $? = 0
configure:4624: gcc -v </dev/null >&5
Configured with: --prefix=/Library/Developer/CommandLineTools/usr --with-gxx-include-dir=/Library/Developer/CommandLineTools/SDKs/MacOSX10.14.sdk/usr/include/c++/4.2.1
Apple LLVM version 10.0.1 (clang-1001.0.46.4)
Target: x86_64-apple-darwin18.6.0
Thread model: posix
InstalledDir: /Library/Developer/CommandLineTools/usr/bin
configure:4627: $? = 0
configure:4629: gcc -V </dev/null >&5
clang: error: unsupported option '-V -Wno-atomic-implicit-seq-cst'
clang: error: no input files
configure:4632: $? = 1
configure:4635: checking whether we are using the GNU C compiler
configure:4691: result: yes
configure:4697: checking whether gcc accepts -g
configure:4748: result: yes
configure:4765: checking for gcc option to accept ANSI C
configure:4872: result: none needed
configure:4890: gcc -c -g -O2 -Wno-error   conftest.c >&5
conftest.c:2:3: error: unknown type name 'choke'
  choke me
  ^
conftest.c:2:11: error: expected ';' after top level declarator
  choke me
          ^
          ;
2 errors generated.
configure:4896: $? = 1
configure: failed program was:
| #ifndef __cplusplus
|   choke me
| #endif
configure:5042: checking for a BSD-compatible install
configure:5097: result: /usr/bin/install -c
configure:5113: checking for i386-apple-darwin18.6.0-ranlib
configure:5139: result: ranlib
configure:5195: checking how to run the C preprocessor
configure:5230: gcc -E  conftest.c
configure:5236: $? = 0
configure:5268: gcc -E  conftest.c
conftest.c:11:10: fatal error: 'ac_nonexistent.h' file not found
#include <ac_nonexistent.h>
         ^~~~~~~~~~~~~~~~~~
1 error generated.
configure:5274: $? = 1
configure: failed program was:
| /* confdefs.h.  */
| 
| #define PACKAGE_NAME ""
| #define PACKAGE_TARNAME ""
| #define PACKAGE_VERSION ""
| #define PACKAGE_STRING ""
| #define PACKAGE_BUGREPORT ""
| #define PACKAGE "ld"
| #define VERSION "2.17"
| /* end confdefs.h.  */
| #include <ac_nonexistent.h>
configure:5313: result: gcc -E
configure:5337: gcc -E  conftest.c
configure:5343: $? = 0
configure:5375: gcc -E  conftest.c
conftest.c:11:10: fatal error: 'ac_nonexistent.h' file not found
#include <ac_nonexistent.h>
         ^~~~~~~~~~~~~~~~~~
1 error generated.
configure:5381: $? = 1
configure: failed program was:
| /* confdefs.h.  */
| 
| #define PACKAGE_NAME ""
| #define PACKAGE_TARNAME ""
| #define PACKAGE_VERSION ""
| #define PACKAGE_STRING ""
| #define PACKAGE_BUGREPORT ""
| #define PACKAGE "ld"
| #define VERSION "2.17"
| /* end confdefs.h.  */
| #include <ac_nonexistent.h>
configure:5425: checking for egrep
configure:5435: result: grep -E
configure:5440: checking for ANSI C header files
configure:5465: gcc -c -g -O2 -Wno-error   conftest.c >&5
configure:5471: $? = 0
configure:5475: test -z 
			 || test ! -s conftest.err
configure:5478: $? = 0
configure:5481: test -s conftest.o
configure:5484: $? = 0
configure:5573: gcc -o conftest -g -O2 -Wno-error    conftest.c  >&5
conftest.c:28:7: warning: implicitly declaring library function 'exit' with type 'void (int) __attribute__((noreturn))' [-Wimplicit-function-declaration]
      exit(2);
      ^
conftest.c:28:7: note: include the header <stdlib.h> or explicitly provide a declaration for 'exit'
1 warning generated.
configure:5576: $? = 0
configure:5578: ./conftest
configure:5581: $? = 0
configure:5596: result: yes
configure:5606: checking for an ANSI C-conforming const
configure:5673: gcc -c -g -O2 -Wno-error   conftest.c >&5
configure:5679: $? = 0
configure:5683: test -z 
			 || test ! -s conftest.err
configure:5686: $? = 0
configure:5689: test -s conftest.o
configure:5692: $? = 0
configure:5703: result: yes
configure:5713: checking for inline
configure:5734: gcc -c -g -O2 -Wno-error   conftest.c >&5
configure:5740: $? = 0
configure:5744: test -z 
			 || test ! -s conftest.err
configure:5747: $? = 0
configure:5750: test -s conftest.o
configure:5753: $? = 0
configure:5765: result: inline
configure:5798: checking for sys/types.h
configure:5814: gcc -c -g -O2 -Wno-error   conftest.c >&5
configure:5820: $? = 0
configure:5824: test -z 
			 || test ! -s conftest.err
configure:5827: $? = 0
configure:5830: test -s conftest.o
configure:5833: $? = 0
configure:5844: result: yes
configure:5798: checking for sys/stat.h
configure:5814: gcc -c -g -O2 -Wno-error   conftest.c >&5
configure:5820: $? = 0
configure:5824: test -z 
			 || test ! -s conftest.err
configure:5827: $? = 0
configure:5830: test -s conftest.o
configure:5833: $? = 0
configure:5844: result: yes
configure:5798: checking for stdlib.h
configure:5814: gcc -c -g -O2 -Wno-error   conftest.c >&5
configure:5820: $? = 0
configure:5824: test -z 
			 || test ! -s conftest.err
configure:5827: $? = 0
configure:5830: test -s conftest.o
configure:5833: $? = 0
configure:5844: result: yes
configure:5798: checking for string.h
configure:5814: gcc -c -g -O2 -Wno-error   conftest.c >&5
configure:5820: $? = 0
configure:5824: test -z 
			 || test ! -s conftest.err
configure:5827: $? = 0
configure:5830: test -s conftest.o
configure:5833: $? = 0
configure:5844: result: yes
configure:5798: checking for memory.h
configure:5814: gcc -c -g -O2 -Wno-error   conftest.c >&5
configure:5820: $? = 0
configure:5824: test -z 
			 || test ! -s conftest.err
configure:5827: $? = 0
configure:5830: test -s conftest.o
configure:5833: $? = 0
configure:5844: result: yes
configure:5798: checking for strings.h
configure:5814: gcc -c -g -O2 -Wno-error   conftest.c >&5
configure:5820: $? = 0
configure:5824: test -z 
			 || test ! -s conftest.err
configure:5827: $? = 0
configure:5830: test -s conftest.o
configure:5833: $? = 0
configure:5844: result: yes
configure:5798: checking for inttypes.h
configure:5814: gcc -c -g -O2 -Wno-error   conftest.c >&5
configure:5820: $? = 0
configure:5824: test -z 
			 || test ! -s conftest.err
configure:5827: $? = 0
configure:5830: test -s conftest.o
configure:5833: $? = 0
configure:5844: result: yes
configure:5798: checking for stdint.h
configure:5814: gcc -c -g -O2 -Wno-error   conftest.c >&5
configure:5820: $? = 0
configure:5824: test -z 
			 || test ! -s conftest.err
configure:5827: $? = 0
configure:5830: test -s conftest.o
configure:5833: $? = 0
configure:5844: result: yes
configure:5798: checking for unistd.h
configure:5814: gcc -c -g -O2 -Wno-error   conftest.c >&5
configure:5820: $? = 0
configure:5824: test -z 
			 || test ! -s conftest.err
configure:5827: $? = 0
configure:5830: test -s conftest.o
configure:5833: $? = 0
configure:5844: result: yes
configure:5856: checking for off_t
configure:5880: gcc -c -g -O2 -Wno-error   conftest.c >&5
configure:5886: $? = 0
configure:5890: test -z 
			 || test ! -s conftest.err
configure:5893: $? = 0
configure:5896: test -s conftest.o
configure:5899: $? = 0
configure:5910: result: yes
configure:5922: checking for size_t
configure:5946: gcc -c -g -O2 -Wno-error   conftest.c >&5
configure:5952: $? = 0
configure:5956: test -z 
			 || test ! -s conftest.err
configure:5959: $? = 0
configure:5962: test -s conftest.o
configure:5965: $? = 0
configure:5976: result: yes
configure:5990: checking for working alloca.h
configure:6011: gcc -o conftest -g -O2 -Wno-error    conftest.c  >&5
configure:6017: $? = 0
configure:6021: test -z 
			 || test ! -s conftest.err
configure:6024: $? = 0
configure:6027: test -s conftest
configure:6030: $? = 0
configure:6042: result: yes
configure:6052: checking for alloca
configure:6093: gcc -o conftest -g -O2 -Wno-error    conftest.c  >&5
configure:6099: $? = 0
configure:6103: test -z 
			 || test ! -s conftest.err
configure:6106: $? = 0
configure:6109: test -s conftest
configure:6112: $? = 0
configure:6124: result: yes
configure:6353: checking for stdlib.h
configure:6358: result: yes
configure:6353: checking for unistd.h
configure:6358: result: yes
configure:6502: checking for getpagesize
configure:6559: gcc -o conftest -g -O2 -Wno-error    conftest.c  >&5
configure:6565: $? = 0
configure:6569: test -z 
			 || test ! -s conftest.err
configure:6572: $? = 0
configure:6575: test -s conftest
configure:6578: $? = 0
configure:6590: result: yes
configure:6600: checking for working mmap
configure:6742: gcc -o conftest -g -O2 -Wno-error    conftest.c  >&5
configure:6745: $? = 0
configure:6747: ./conftest
configure:6750: $? = 0
configure:6764: result: yes
configure:6799: checking argz.h usability
configure:6811: gcc -c -g -O2 -Wno-error   conftest.c >&5
conftest.c:61:10: fatal error: 'argz.h' file not found
#include <argz.h>
         ^~~~~~~~
1 error generated.
configure:6817: $? = 1
configure: failed program was:
| /* confdefs.h.  */
| 
| #define PACKAGE_NAME ""
| #define PACKAGE_TARNAME ""
| #define PACKAGE_VERSION ""
| #define PACKAGE_STRING ""
| #define PACKAGE_BUGREPORT ""
| #define PACKAGE "ld"
| #define VERSION "2.17"
| #define STDC_HEADERS 1
| #define HAVE_SYS_TYPES_H 1
| #define HAVE_SYS_STAT_H 1
| #define HAVE_STDLIB_H 1
| #define HAVE_STRING_H 1
| #define HAVE_MEMORY_H 1
| #define HAVE_STRINGS_H 1
| #define HAVE_INTTYPES_H 1
| #define HAVE_STDINT_H 1
| #define HAVE_UNISTD_H 1
| #define HAVE_ALLOCA_H 1
| #define HAVE_ALLOCA 1
| #define HAVE_STDLIB_H 1
| #define HAVE_UNISTD_H 1
| #define HAVE_GETPAGESIZE 1
| #define HAVE_MMAP 1
| /* end confdefs.h.  */
| #include <stdio.h>
| #if HAVE_SYS_TYPES_H
| # include <sys/types.h>
| #endif
| #if HAVE_SYS_STAT_H
| # include <sys/stat.h>
| #endif
| #if STDC_HEADERS
| # include <stdlib.h>
| # include <stddef.h>
| #else
| # if HAVE_STDLIB_H
| #  include <stdlib.h>
| # endif
| #endif
| #if HAVE_STRING_H
| # if !STDC_HEADERS && HAVE_MEMORY_H
| #  include <memory.h>
| # endif
| # include <string.h>
| #endif
| #if HAVE_STRINGS_H
| # include <strings.h>
| #endif
| #if HAVE_INTTYPES_H
| # include <inttypes.h>
| #else
| # if HAVE_STDINT_H
| #  include <stdint.h>
| # endif
| #endif
| #if HAVE_UNISTD_H
| # include <unistd.h>
| #endif
| #include <argz.h>
configure:6840: result: no
configure:6844: checking argz.h presence
configure:6854: gcc -E  conftest.c
conftest.c:27:10: fatal error: 'argz.h' file not found
#include <argz.h>
         ^~~~~~~~
1 error generated.
configure:6860: $? = 1
configure: failed program was:
| /* confdefs.h.  */
| 
| #define PACKAGE_NAME ""
| #define PACKAGE_TARNAME ""
| #define PACKAGE_VERSION ""
| #define PACKAGE_STRING ""
| #define PACKAGE_BUGREPORT ""
| #define PACKAGE "ld"
| #define VERSION "2.17"
| #define STDC_HEADERS 1
| #define HAVE_SYS_TYPES_H 1
| #define HAVE_SYS_STAT_H 1
| #define HAVE_STDLIB_H 1
| #define HAVE_STRING_H 1
| #define HAVE_MEMORY_H 1
| #define HAVE_STRINGS_H 1
| #define HAVE_INTTYPES_H 1
| #define HAVE_STDINT_H 1
| #define HAVE_UNISTD_H 1
| #define HAVE_ALLOCA_H 1
| #define HAVE_ALLOCA 1
| #define HAVE_STDLIB_H 1
| #define HAVE_UNISTD_H 1
| #define HAVE_GETPAGESIZE 1
| #define HAVE_MMAP 1
| /* end confdefs.h.  */
| #include <argz.h>
configure:6880: result: no
configure:6915: checking for argz.h
configure:6922: result: no
configure:6799: checking limits.h usability
configure:6811: gcc -c -g -O2 -Wno-error   conftest.c >&5
configure:6817: $? = 0
configure:6821: test -z 
			 || test ! -s conftest.err
configure:6824: $? = 0
configure:6827: test -s conftest.o
configure:6830: $? = 0
configure:6840: result: yes
configure:6844: checking limits.h presence
configure:6854: gcc -E  conftest.c
configure:6860: $? = 0
configure:6880: result: yes
configure:6915: checking for limits.h
configure:6922: result: yes
configure:6799: checking locale.h usability
configure:6811: gcc -c -g -O2 -Wno-error   conftest.c >&5
configure:6817: $? = 0
configure:6821: test -z 
			 || test ! -s conftest.err
configure:6824: $? = 0
configure:6827: test -s conftest.o
configure:6830: $? = 0
configure:6840: result: yes
configure:6844: checking locale.h presence
configure:6854: gcc -E  conftest.c
configure:6860: $? = 0
configure:6880: result: yes
configure:6915: checking for locale.h
configure:6922: result: yes
configure:6799: checking nl_types.h usability
configure:6811: gcc -c -g -O2 -Wno-error   conftest.c >&5
configure:6817: $? = 0
configure:6821: test -z 
			 || test ! -s conftest.err
configure:6824: $? = 0
configure:6827: test -s conftest.o
configure:6830: $? = 0
configure:6840: result: yes
configure:6844: checking nl_types.h presence
configure:6854: gcc -E  conftest.c
configure:6860: $? = 0
configure:6880: result: yes
configure:6915: checking for nl_types.h
configure:6922: result: yes
configure:6799: checking malloc.h usability
configure:6811: gcc -c -g -O2 -Wno-error   conftest.c >&5
conftest.c:64:10: fatal error: 'malloc.h' file not found
#include <malloc.h>
         ^~~~~~~~~~
1 error generated.
configure:6817: $? = 1
configure: failed program was:
| /* confdefs.h.  */
| 
| #define PACKAGE_NAME ""
| #define PACKAGE_TARNAME ""
| #define PACKAGE_VERSION ""
| #define PACKAGE_STRING ""
| #define PACKAGE_BUGREPORT ""
| #define PACKAGE "ld"
| #define VERSION "2.17"
| #define STDC_HEADERS 1
| #define HAVE_SYS_TYPES_H 1
| #define HAVE_SYS_STAT_H 1
| #define HAVE_STDLIB_H 1
| #define HAVE_STRING_H 1
| #define HAVE_MEMORY_H 1
| #define HAVE_STRINGS_H 1
| #define HAVE_INTTYPES_H 1
| #define HAVE_STDINT_H 1
| #define HAVE_UNISTD_H 1
| #define HAVE_ALLOCA_H 1
| #define HAVE_ALLOCA 1
| #define HAVE_STDLIB_H 1
| #define HAVE_UNISTD_H 1
| #define HAVE_GETPAGESIZE 1
| #define HAVE_MMAP 1
| #define HAVE_LIMITS_H 1
| #define HAVE_LOCALE_H 1
| #define HAVE_NL_TYPES_H 1
| /* end confdefs.h.  */
| #include <stdio.h>
| #if HAVE_SYS_TYPES_H
| # include <sys/types.h>
| #endif
| #if HAVE_SYS_STAT_H
| # include <sys/stat.h>
| #endif
| #if STDC_HEADERS
| # include <stdlib.h>
| # include <stddef.h>
| #else
| # if HAVE_STDLIB_H
| #  include <stdlib.h>
| # endif
| #endif
| #if HAVE_STRING_H
| # if !STDC_HEADERS && HAVE_MEMORY_H
| #  include <memory.h>
| # endif
| # include <string.h>
| #endif
| #if HAVE_STRINGS_H
| # include <strings.h>
| #endif
| #if HAVE_INTTYPES_H
| # include <inttypes.h>
| #else
| # if HAVE_STDINT_H
| #  include <stdint.h>
| # endif
| #endif
| #if HAVE_UNISTD_H
| # include <unistd.h>
| #endif
| #include <malloc.h>
configure:6840: result: no
configure:6844: checking malloc.h presence
configure:6854: gcc -E  conftest.c
conftest.c:30:10: fatal error: 'malloc.h' file not found
#include <malloc.h>
         ^~~~~~~~~~
1 error generated.
configure:6860: $? = 1
configure: failed program was:
| /* confdefs.h.  */
| 
| #define PACKAGE_NAME ""
| #define PACKAGE_TARNAME ""
| #define PACKAGE_VERSION ""
| #define PACKAGE_STRING ""
| #define PACKAGE_BUGREPORT ""
| #define PACKAGE "ld"
| #define VERSION "2.17"
| #define STDC_HEADERS 1
| #define HAVE_SYS_TYPES_H 1
| #define HAVE_SYS_STAT_H 1
| #define HAVE_STDLIB_H 1
| #define HAVE_STRING_H 1
| #define HAVE_MEMORY_H 1
| #define HAVE_STRINGS_H 1
| #define HAVE_INTTYPES_H 1
| #define HAVE_STDINT_H 1
| #define HAVE_UNISTD_H 1
| #define HAVE_ALLOCA_H 1
| #define HAVE_ALLOCA 1
| #define HAVE_STDLIB_H 1
| #define HAVE_UNISTD_H 1
| #define HAVE_GETPAGESIZE 1
| #define HAVE_MMAP 1
| #define HAVE_LIMITS_H 1
| #define HAVE_LOCALE_H 1
| #define HAVE_NL_TYPES_H 1
| /* end confdefs.h.  */
| #include <malloc.h>
configure:6880: result: no
configure:6915: checking for malloc.h
configure:6922: result: no
configure:6790: checking for string.h
configure:6795: result: yes
configure:6790: checking for unistd.h
configure:6795: result: yes
configure:6799: checking values.h usability
configure:6811: gcc -c -g -O2 -Wno-error   conftest.c >&5
conftest.c:66:10: fatal error: 'values.h' file not found
#include <values.h>
         ^~~~~~~~~~
1 error generated.
configure:6817: $? = 1
configure: failed program was:
| /* confdefs.h.  */
| 
| #define PACKAGE_NAME ""
| #define PACKAGE_TARNAME ""
| #define PACKAGE_VERSION ""
| #define PACKAGE_STRING ""
| #define PACKAGE_BUGREPORT ""
| #define PACKAGE "ld"
| #define VERSION "2.17"
| #define STDC_HEADERS 1
| #define HAVE_SYS_TYPES_H 1
| #define HAVE_SYS_STAT_H 1
| #define HAVE_STDLIB_H 1
| #define HAVE_STRING_H 1
| #define HAVE_MEMORY_H 1
| #define HAVE_STRINGS_H 1
| #define HAVE_INTTYPES_H 1
| #define HAVE_STDINT_H 1
| #define HAVE_UNISTD_H 1
| #define HAVE_ALLOCA_H 1
| #define HAVE_ALLOCA 1
| #define HAVE_STDLIB_H 1
| #define HAVE_UNISTD_H 1
| #define HAVE_GETPAGESIZE 1
| #define HAVE_MMAP 1
| #define HAVE_LIMITS_H 1
| #define HAVE_LOCALE_H 1
| #define HAVE_NL_TYPES_H 1
| #define HAVE_STRING_H 1
| #define HAVE_UNISTD_H 1
| /* end confdefs.h.  */
| #include <stdio.h>
| #if HAVE_SYS_TYPES_H
| # include <sys/types.h>
| #endif
| #if HAVE_SYS_STAT_H
| # include <sys/stat.h>
| #endif
| #if STDC_HEADERS
| # include <stdlib.h>
| # include <stddef.h>
| #else
| # if HAVE_STDLIB_H
| #  include <stdlib.h>
| # endif
| #endif
| #if HAVE_STRING_H
| # if !STDC_HEADERS && HAVE_MEMORY_H
| #  include <memory.h>
| # endif
| # include <string.h>
| #endif
| #if HAVE_STRINGS_H
| # include <strings.h>
| #endif
| #if HAVE_INTTYPES_H
| # include <inttypes.h>
| #else
| # if HAVE_STDINT_H
| #  include <stdint.h>
| # endif
| #endif
| #if HAVE_UNISTD_H
| # include <unistd.h>
| #endif
| #include <values.h>
configure:6840: result: no
configure:6844: checking values.h presence
configure:6854: gcc -E  conftest.c
conftest.c:32:10: fatal error: 'values.h' file not found
#include <values.h>
         ^~~~~~~~~~
1 error generated.
configure:6860: $? = 1
configure: failed program was:
| /* confdefs.h.  */
| 
| #define PACKAGE_NAME ""
| #define PACKAGE_TARNAME ""
| #define PACKAGE_VERSION ""
| #define PACKAGE_STRING ""
| #define PACKAGE_BUGREPORT ""
| #define PACKAGE "ld"
| #define VERSION "2.17"
| #define STDC_HEADERS 1
| #define HAVE_SYS_TYPES_H 1
| #define HAVE_SYS_STAT_H 1
| #define HAVE_STDLIB_H 1
| #define HAVE_STRING_H 1
| #define HAVE_MEMORY_H 1
| #define HAVE_STRINGS_H 1
| #define HAVE_INTTYPES_H 1
| #define HAVE_STDINT_H 1
| #define HAVE_UNISTD_H 1
| #define HAVE_ALLOCA_H 1
| #define HAVE_ALLOCA 1
| #define HAVE_STDLIB_H 1
| #define HAVE_UNISTD_H 1
| #define HAVE_GETPAGESIZE 1
| #define HAVE_MMAP 1
| #define HAVE_LIMITS_H 1
| #define HAVE_LOCALE_H 1
| #define HAVE_NL_TYPES_H 1
| #define HAVE_STRING_H 1
| #define HAVE_UNISTD_H 1
| /* end confdefs.h.  */
| #include <values.h>
configure:6880: result: no
configure:6915: checking for values.h
configure:6922: result: no
configure:6799: checking sys/param.h usability
configure:6811: gcc -c -g -O2 -Wno-error   conftest.c >&5
configure:6817: $? = 0
configure:6821: test -z 
			 || test ! -s conftest.err
configure:6824: $? = 0
configure:6827: test -s conftest.o
configure:6830: $? = 0
configure:6840: result: yes
configure:6844: checking sys/param.h presence
configure:6854: gcc -E  conftest.c
configure:6860: $? = 0
configure:6880: result: yes
configure:6915: checking for sys/param.h
configure:6922: result: yes
configure:6949: checking for getcwd
configure:7006: gcc -o conftest -g -O2 -Wno-error    conftest.c  >&5
configure:7012: $? = 0
configure:7016: test -z 
			 || test ! -s conftest.err
configure:7019: $? = 0
configure:7022: test -s conftest
configure:7025: $? = 0
configure:7037: result: yes
configure:6949: checking for munmap
configure:7006: gcc -o conftest -g -O2 -Wno-error    conftest.c  >&5
configure:7012: $? = 0
configure:7016: test -z 
			 || test ! -s conftest.err
configure:7019: $? = 0
configure:7022: test -s conftest
configure:7025: $? = 0
configure:7037: result: yes
configure:6949: checking for putenv
configure:7006: gcc -o conftest -g -O2 -Wno-error    conftest.c  >&5
configure:7012: $? = 0
configure:7016: test -z 
			 || test ! -s conftest.err
configure:7019: $? = 0
configure:7022: test -s conftest
configure:7025: $? = 0
configure:7037: result: yes
configure:6949: checking for setenv
configure:7006: gcc -o conftest -g -O2 -Wno-error    conftest.c  >&5
configure:7012: $? = 0
configure:7016: test -z 
			 || test ! -s conftest.err
configure:7019: $? = 0
configure:7022: test -s conftest
configure:7025: $? = 0
configure:7037: result: yes
configure:6949: checking for setlocale
configure:7006: gcc -o conftest -g -O2 -Wno-error    conftest.c  >&5
configure:7012: $? = 0
configure:7016: test -z 
			 || test ! -s conftest.err
configure:7019: $? = 0
configure:7022: test -s conftest
configure:7025: $? = 0
configure:7037: result: yes
configure:6949: checking for strchr
configure:7006: gcc -o conftest -g -O2 -Wno-error    conftest.c  >&5
conftest.c:62:6: warning: incompatible redeclaration of library function 'strchr' [-Wincompatible-library-redeclaration]
char strchr ();
     ^
conftest.c:62:6: note: 'strchr' is a builtin with type 'char *(const char *, int)'
1 warning generated.
configure:7012: $? = 0
configure:7016: test -z 
			 || test ! -s conftest.err
configure:7019: $? = 0
configure:7022: test -s conftest
configure:7025: $? = 0
configure:7037: result: yes
configure:6949: checking for strcasecmp
configure:7006: gcc -o conftest -g -O2 -Wno-error    conftest.c  >&5
conftest.c:63:6: warning: incompatible redeclaration of library function 'strcasecmp' [-Wincompatible-library-redeclaration]
char strcasecmp ();
     ^
conftest.c:63:6: note: 'strcasecmp' is a builtin with type 'int (const char *, const char *)'
1 warning generated.
configure:7012: $? = 0
configure:7016: test -z 
			 || test ! -s conftest.err
configure:7019: $? = 0
configure:7022: test -s conftest
configure:7025: $? = 0
configure:7037: result: yes
configure:6949: checking for __argz_count
configure:7006: gcc -o conftest -g -O2 -Wno-error    conftest.c  >&5
Undefined symbols for architecture x86_64:
  "___argz_count", referenced from:
      _main in conftest-90621e.o
      _f in conftest-90621e.o
ld: symbol(s) not found for architecture x86_64
clang: error: linker command failed with exit code 1 (use -v to see invocation)
configure:7012: $? = 1
configure: failed program was:
| /* confdefs.h.  */
| 
| #define PACKAGE_NAME ""
| #define PACKAGE_TARNAME ""
| #define PACKAGE_VERSION ""
| #define PACKAGE_STRING ""
| #define PACKAGE_BUGREPORT ""
| #define PACKAGE "ld"
| #define VERSION "2.17"
| #define STDC_HEADERS 1
| #define HAVE_SYS_TYPES_H 1
| #define HAVE_SYS_STAT_H 1
| #define HAVE_STDLIB_H 1
| #define HAVE_STRING_H 1
| #define HAVE_MEMORY_H 1
| #define HAVE_STRINGS_H 1
| #define HAVE_INTTYPES_H 1
| #define HAVE_STDINT_H 1
| #define HAVE_UNISTD_H 1
| #define HAVE_ALLOCA_H 1
| #define HAVE_ALLOCA 1
| #define HAVE_STDLIB_H 1
| #define HAVE_UNISTD_H 1
| #define HAVE_GETPAGESIZE 1
| #define HAVE_MMAP 1
| #define HAVE_LIMITS_H 1
| #define HAVE_LOCALE_H 1
| #define HAVE_NL_TYPES_H 1
| #define HAVE_STRING_H 1
| #define HAVE_UNISTD_H 1
| #define HAVE_SYS_PARAM_H 1
| #define HAVE_GETCWD 1
| #define HAVE_MUNMAP 1
| #define HAVE_PUTENV 1
| #define HAVE_SETENV 1
| #define HAVE_SETLOCALE 1
| #define HAVE_STRCHR 1
| #define HAVE_STRCASECMP 1
| /* end confdefs.h.  */
| /* Define __argz_count to an innocuous variant, in case <limits.h> declares __argz_count.
|    For example, HP-UX 11i <limits.h> declares gettimeofday.  */
| #define __argz_count innocuous___argz_count
| 
| /* System header to define __stub macros and hopefully few prototypes,
|     which can conflict with char __argz_count (); below.
|     Prefer <limits.h> to <assert.h> if __STDC__ is defined, since
|     <limits.h> exists even on freestanding compilers.  */
| 
| #ifdef __STDC__
| # include <limits.h>
| #else
| # include <assert.h>
| #endif
| 
| #undef __argz_count
| 
| /* Override any gcc2 internal prototype to avoid an error.  */
| #ifdef __cplusplus
| extern "C"
| {
| #endif
| /* We use char because int might match the return type of a gcc2
|    builtin and then its argument prototype would still apply.  */
| char __argz_count ();
| /* The GNU C library defines this for functions which it implements
|     to always fail with ENOSYS.  Some functions are actually named
|     something starting with __ and the normal name is an alias.  */
| #if defined (__stub___argz_count) || defined (__stub_____argz_count)
| choke me
| #else
| char (*f) () = __argz_count;
| #endif
| #ifdef __cplusplus
| }
| #endif
| 
| int
| main ()
| {
| return f != __argz_count;
|   ;
|   return 0;
| }
configure:7037: result: no
configure:6949: checking for __argz_stringify
configure:7006: gcc -o conftest -g -O2 -Wno-error    conftest.c  >&5
Undefined symbols for architecture x86_64:
  "___argz_stringify", referenced from:
      _main in conftest-b59ef3.o
      _f in conftest-b59ef3.o
ld: symbol(s) not found for architecture x86_64
clang: error: linker command failed with exit code 1 (use -v to see invocation)
configure:7012: $? = 1
configure: failed program was:
| /* confdefs.h.  */
| 
| #define PACKAGE_NAME ""
| #define PACKAGE_TARNAME ""
| #define PACKAGE_VERSION ""
| #define PACKAGE_STRING ""
| #define PACKAGE_BUGREPORT ""
| #define PACKAGE "ld"
| #define VERSION "2.17"
| #define STDC_HEADERS 1
| #define HAVE_SYS_TYPES_H 1
| #define HAVE_SYS_STAT_H 1
| #define HAVE_STDLIB_H 1
| #define HAVE_STRING_H 1
| #define HAVE_MEMORY_H 1
| #define HAVE_STRINGS_H 1
| #define HAVE_INTTYPES_H 1
| #define HAVE_STDINT_H 1
| #define HAVE_UNISTD_H 1
| #define HAVE_ALLOCA_H 1
| #define HAVE_ALLOCA 1
| #define HAVE_STDLIB_H 1
| #define HAVE_UNISTD_H 1
| #define HAVE_GETPAGESIZE 1
| #define HAVE_MMAP 1
| #define HAVE_LIMITS_H 1
| #define HAVE_LOCALE_H 1
| #define HAVE_NL_TYPES_H 1
| #define HAVE_STRING_H 1
| #define HAVE_UNISTD_H 1
| #define HAVE_SYS_PARAM_H 1
| #define HAVE_GETCWD 1
| #define HAVE_MUNMAP 1
| #define HAVE_PUTENV 1
| #define HAVE_SETENV 1
| #define HAVE_SETLOCALE 1
| #define HAVE_STRCHR 1
| #define HAVE_STRCASECMP 1
| /* end confdefs.h.  */
| /* Define __argz_stringify to an innocuous variant, in case <limits.h> declares __argz_stringify.
|    For example, HP-UX 11i <limits.h> declares gettimeofday.  */
| #define __argz_stringify innocuous___argz_stringify
| 
| /* System header to define __stub macros and hopefully few prototypes,
|     which can conflict with char __argz_stringify (); below.
|     Prefer <limits.h> to <assert.h> if __STDC__ is defined, since
|     <limits.h> exists even on freestanding compilers.  */
| 
| #ifdef __STDC__
| # include <limits.h>
| #else
| # include <assert.h>
| #endif
| 
| #undef __argz_stringify
| 
| /* Override any gcc2 internal prototype to avoid an error.  */
| #ifdef __cplusplus
| extern "C"
| {
| #endif
| /* We use char because int might match the return type of a gcc2
|    builtin and then its argument prototype would still apply.  */
| char __argz_stringify ();
| /* The GNU C library defines this for functions which it implements
|     to always fail with ENOSYS.  Some functions are actually named
|     something starting with __ and the normal name is an alias.  */
| #if defined (__stub___argz_stringify) || defined (__stub_____argz_stringify)
| choke me
| #else
| char (*f) () = __argz_stringify;
| #endif
| #ifdef __cplusplus
| }
| #endif
| 
| int
| main ()
| {
| return f != __argz_stringify;
|   ;
|   return 0;
| }
configure:7037: result: no
configure:6949: checking for __argz_next
configure:7006: gcc -o conftest -g -O2 -Wno-error    conftest.c  >&5
Undefined symbols for architecture x86_64:
  "___argz_next", referenced from:
      _main in conftest-ff9069.o
      _f in conftest-ff9069.o
ld: symbol(s) not found for architecture x86_64
clang: error: linker command failed with exit code 1 (use -v to see invocation)
configure:7012: $? = 1
configure: failed program was:
| /* confdefs.h.  */
| 
| #define PACKAGE_NAME ""
| #define PACKAGE_TARNAME ""
| #define PACKAGE_VERSION ""
| #define PACKAGE_STRING ""
| #define PACKAGE_BUGREPORT ""
| #define PACKAGE "ld"
| #define VERSION "2.17"
| #define STDC_HEADERS 1
| #define HAVE_SYS_TYPES_H 1
| #define HAVE_SYS_STAT_H 1
| #define HAVE_STDLIB_H 1
| #define HAVE_STRING_H 1
| #define HAVE_MEMORY_H 1
| #define HAVE_STRINGS_H 1
| #define HAVE_INTTYPES_H 1
| #define HAVE_STDINT_H 1
| #define HAVE_UNISTD_H 1
| #define HAVE_ALLOCA_H 1
| #define HAVE_ALLOCA 1
| #define HAVE_STDLIB_H 1
| #define HAVE_UNISTD_H 1
| #define HAVE_GETPAGESIZE 1
| #define HAVE_MMAP 1
| #define HAVE_LIMITS_H 1
| #define HAVE_LOCALE_H 1
| #define HAVE_NL_TYPES_H 1
| #define HAVE_STRING_H 1
| #define HAVE_UNISTD_H 1
| #define HAVE_SYS_PARAM_H 1
| #define HAVE_GETCWD 1
| #define HAVE_MUNMAP 1
| #define HAVE_PUTENV 1
| #define HAVE_SETENV 1
| #define HAVE_SETLOCALE 1
| #define HAVE_STRCHR 1
| #define HAVE_STRCASECMP 1
| /* end confdefs.h.  */
| /* Define __argz_next to an innocuous variant, in case <limits.h> declares __argz_next.
|    For example, HP-UX 11i <limits.h> declares gettimeofday.  */
| #define __argz_next innocuous___argz_next
| 
| /* System header to define __stub macros and hopefully few prototypes,
|     which can conflict with char __argz_next (); below.
|     Prefer <limits.h> to <assert.h> if __STDC__ is defined, since
|     <limits.h> exists even on freestanding compilers.  */
| 
| #ifdef __STDC__
| # include <limits.h>
| #else
| # include <assert.h>
| #endif
| 
| #undef __argz_next
| 
| /* Override any gcc2 internal prototype to avoid an error.  */
| #ifdef __cplusplus
| extern "C"
| {
| #endif
| /* We use char because int might match the return type of a gcc2
|    builtin and then its argument prototype would still apply.  */
| char __argz_next ();
| /* The GNU C library defines this for functions which it implements
|     to always fail with ENOSYS.  Some functions are actually named
|     something starting with __ and the normal name is an alias.  */
| #if defined (__stub___argz_next) || defined (__stub_____argz_next)
| choke me
| #else
| char (*f) () = __argz_next;
| #endif
| #ifdef __cplusplus
| }
| #endif
| 
| int
| main ()
| {
| return f != __argz_next;
|   ;
|   return 0;
| }
configure:7037: result: no
configure:7053: checking for stpcpy
configure:7110: gcc -o conftest -g -O2 -Wno-error    conftest.c  >&5
conftest.c:64:6: warning: incompatible redeclaration of library function 'stpcpy' [-Wincompatible-library-redeclaration]
char stpcpy ();
     ^
conftest.c:64:6: note: 'stpcpy' is a builtin with type 'char *(char *, const char *)'
1 warning generated.
configure:7116: $? = 0
configure:7120: test -z 
			 || test ! -s conftest.err
configure:7123: $? = 0
configure:7126: test -s conftest
configure:7129: $? = 0
configure:7141: result: yes
configure:7161: checking for LC_MESSAGES
configure:7182: gcc -o conftest -g -O2 -Wno-error    conftest.c  >&5
configure:7188: $? = 0
configure:7192: test -z 
			 || test ! -s conftest.err
configure:7195: $? = 0
configure:7198: test -s conftest
configure:7201: $? = 0
configure:7213: result: yes
configure:7223: checking whether NLS is requested
configure:7232: result: yes
configure:7239: checking whether included gettext is requested
configure:7249: result: no
configure:7268: checking libintl.h usability
configure:7280: gcc -c -g -O2 -Wno-error   conftest.c >&5
configure:7286: $? = 0
configure:7290: test -z 
			 || test ! -s conftest.err
configure:7293: $? = 0
configure:7296: test -s conftest.o
configure:7299: $? = 0
configure:7309: result: yes
configure:7313: checking libintl.h presence
configure:7323: gcc -E  conftest.c
configure:7329: $? = 0
configure:7349: result: yes
configure:7384: checking for libintl.h
configure:7391: result: yes
configure:7396: checking for gettext in libc
configure:7417: gcc -o conftest -g -O2 -Wno-error    conftest.c  >&5
Undefined symbols for architecture x86_64:
  "_libintl_gettext", referenced from:
      _main in conftest-d9aa62.o
ld: symbol(s) not found for architecture x86_64
clang: error: linker command failed with exit code 1 (use -v to see invocation)
configure:7423: $? = 1
configure: failed program was:
| /* confdefs.h.  */
| 
| #define PACKAGE_NAME ""
| #define PACKAGE_TARNAME ""
| #define PACKAGE_VERSION ""
| #define PACKAGE_STRING ""
| #define PACKAGE_BUGREPORT ""
| #define PACKAGE "ld"
| #define VERSION "2.17"
| #define STDC_HEADERS 1
| #define HAVE_SYS_TYPES_H 1
| #define HAVE_SYS_STAT_H 1
| #define HAVE_STDLIB_H 1
| #define HAVE_STRING_H 1
| #define HAVE_MEMORY_H 1
| #define HAVE_STRINGS_H 1
| #define HAVE_INTTYPES_H 1
| #define HAVE_STDINT_H 1
| #define HAVE_UNISTD_H 1
| #define HAVE_ALLOCA_H 1
| #define HAVE_ALLOCA 1
| #define HAVE_STDLIB_H 1
| #define HAVE_UNISTD_H 1
| #define HAVE_GETPAGESIZE 1
| #define HAVE_MMAP 1
| #define HAVE_LIMITS_H 1
| #define HAVE_LOCALE_H 1
| #define HAVE_NL_TYPES_H 1
| #define HAVE_STRING_H 1
| #define HAVE_UNISTD_H 1
| #define HAVE_SYS_PARAM_H 1
| #define HAVE_GETCWD 1
| #define HAVE_MUNMAP 1
| #define HAVE_PUTENV 1
| #define HAVE_SETENV 1
| #define HAVE_SETLOCALE 1
| #define HAVE_STRCHR 1
| #define HAVE_STRCASECMP 1
| #define HAVE_STPCPY 1
| #define HAVE_STPCPY 1
| #define HAVE_LC_MESSAGES 1
| /* end confdefs.h.  */
| #include <libintl.h>
| int
| main ()
| {
| return (int) gettext ("")
|   ;
|   return 0;
| }
configure:7448: result: no
configure:7452: checking for bindtextdomain in -lintl
configure:7482: gcc -o conftest -g -O2 -Wno-error    conftest.c -lintl   >&5
configure:7488: $? = 0
configure:7492: test -z 
			 || test ! -s conftest.err
configure:7495: $? = 0
configure:7498: test -s conftest
configure:7501: $? = 0
configure:7514: result: yes
configure:7517: checking for gettext in libintl
configure:7538: gcc -o conftest -g -O2 -Wno-error    conftest.c  >&5
conftest.c:47:14: warning: implicit declaration of function 'gettext' is invalid in C99 [-Wimplicit-function-declaration]
return (int) gettext ("")
             ^
1 warning generated.
Undefined symbols for architecture x86_64:
  "_gettext", referenced from:
      _main in conftest-ed80f9.o
ld: symbol(s) not found for architecture x86_64
clang: error: linker command failed with exit code 1 (use -v to see invocation)
configure:7544: $? = 1
configure: failed program was:
| /* confdefs.h.  */
| 
| #define PACKAGE_NAME ""
| #define PACKAGE_TARNAME ""
| #define PACKAGE_VERSION ""
| #define PACKAGE_STRING ""
| #define PACKAGE_BUGREPORT ""
| #define PACKAGE "ld"
| #define VERSION "2.17"
| #define STDC_HEADERS 1
| #define HAVE_SYS_TYPES_H 1
| #define HAVE_SYS_STAT_H 1
| #define HAVE_STDLIB_H 1
| #define HAVE_STRING_H 1
| #define HAVE_MEMORY_H 1
| #define HAVE_STRINGS_H 1
| #define HAVE_INTTYPES_H 1
| #define HAVE_STDINT_H 1
| #define HAVE_UNISTD_H 1
| #define HAVE_ALLOCA_H 1
| #define HAVE_ALLOCA 1
| #define HAVE_STDLIB_H 1
| #define HAVE_UNISTD_H 1
| #define HAVE_GETPAGESIZE 1
| #define HAVE_MMAP 1
| #define HAVE_LIMITS_H 1
| #define HAVE_LOCALE_H 1
| #define HAVE_NL_TYPES_H 1
| #define HAVE_STRING_H 1
| #define HAVE_UNISTD_H 1
| #define HAVE_SYS_PARAM_H 1
| #define HAVE_GETCWD 1
| #define HAVE_MUNMAP 1
| #define HAVE_PUTENV 1
| #define HAVE_SETENV 1
| #define HAVE_SETLOCALE 1
| #define HAVE_STRCHR 1
| #define HAVE_STRCASECMP 1
| #define HAVE_STPCPY 1
| #define HAVE_STPCPY 1
| #define HAVE_LC_MESSAGES 1
| /* end confdefs.h.  */
| 
| int
| main ()
| {
| return (int) gettext ("")
|   ;
|   return 0;
| }
configure:7569: result: no
configure:7865: checking for msgfmt
configure:7892: result: /Users/meghna/anaconda3/bin/msgfmt
configure:7901: checking for gmsgfmt
configure:7932: result: /Users/meghna/anaconda3/bin/msgfmt
configure:7941: checking for xgettext
configure:7968: result: /Users/meghna/anaconda3/bin/xgettext
configure:8041: checking for catalogs to be installed
configure:8050: result:  fr sv tr es da vi zh_CN
configure:8259: checking for bison
configure:8285: result: bison -y
configure:8300: checking for flex
configure:8326: result: flex
configure:8339: checking for yywrap in -lfl
configure:8369: gcc -o conftest -g -O2 -Wno-error    conftest.c -lfl   >&5
ld: library not found for -lfl
clang: error: linker command failed with exit code 1 (use -v to see invocation)
configure:8375: $? = 1
configure: failed program was:
| /* confdefs.h.  */
| 
| #define PACKAGE_NAME ""
| #define PACKAGE_TARNAME ""
| #define PACKAGE_VERSION ""
| #define PACKAGE_STRING ""
| #define PACKAGE_BUGREPORT ""
| #define PACKAGE "ld"
| #define VERSION "2.17"
| #define STDC_HEADERS 1
| #define HAVE_SYS_TYPES_H 1
| #define HAVE_SYS_STAT_H 1
| #define HAVE_STDLIB_H 1
| #define HAVE_STRING_H 1
| #define HAVE_MEMORY_H 1
| #define HAVE_STRINGS_H 1
| #define HAVE_INTTYPES_H 1
| #define HAVE_STDINT_H 1
| #define HAVE_UNISTD_H 1
| #define HAVE_ALLOCA_H 1
| #define HAVE_ALLOCA 1
| #define HAVE_STDLIB_H 1
| #define HAVE_UNISTD_H 1
| #define HAVE_GETPAGESIZE 1
| #define HAVE_MMAP 1
| #define HAVE_LIMITS_H 1
| #define HAVE_LOCALE_H 1
| #define HAVE_NL_TYPES_H 1
| #define HAVE_STRING_H 1
| #define HAVE_UNISTD_H 1
| #define HAVE_SYS_PARAM_H 1
| #define HAVE_GETCWD 1
| #define HAVE_MUNMAP 1
| #define HAVE_PUTENV 1
| #define HAVE_SETENV 1
| #define HAVE_SETLOCALE 1
| #define HAVE_STRCHR 1
| #define HAVE_STRCASECMP 1
| #define HAVE_STPCPY 1
| #define HAVE_STPCPY 1
| #define HAVE_LC_MESSAGES 1
| #define ENABLE_NLS 1
| /* end confdefs.h.  */
| 
| /* Override any gcc2 internal prototype to avoid an error.  */
| #ifdef __cplusplus
| extern "C"
| #endif
| /* We use char because int might match the return type of a gcc2
|    builtin and then its argument prototype would still apply.  */
| char yywrap ();
| int
| main ()
| {
| yywrap ();
|   ;
|   return 0;
| }
configure:8401: result: no
configure:8406: checking for yywrap in -ll
configure:8436: gcc -o conftest -g -O2 -Wno-error    conftest.c -ll   >&5
configure:8442: $? = 0
configure:8446: test -z 
			 || test ! -s conftest.err
configure:8449: $? = 0
configure:8452: test -s conftest
configure:8455: $? = 0
configure:8468: result: yes
configure:8479: checking lex output file root
configure:8490: flex conftest.l
configure:8493: $? = 0
configure:8505: result: lex.yy
configure:8510: checking whether yytext is a pointer
configure:8526: gcc -o conftest -g -O2 -Wno-error    conftest.c  -ll >&5
configure:8532: $? = 0
configure:8536: test -z 
			 || test ! -s conftest.err
configure:8539: $? = 0
configure:8542: test -s conftest
configure:8545: $? = 0
configure:8559: result: yes
configure:8574: checking whether to enable maintainer-specific portions of Makefiles
configure:8583: result: no
configure:8615: checking for string.h
configure:8620: result: yes
configure:8615: checking for strings.h
configure:8620: result: yes
configure:8615: checking for stdlib.h
configure:8620: result: yes
configure:8615: checking for unistd.h
configure:8620: result: yes
configure:8624: checking elf-hints.h usability
configure:8636: gcc -c -g -O2 -Wno-error   conftest.c >&5
conftest.c:83:10: fatal error: 'elf-hints.h' file not found
#include <elf-hints.h>
         ^~~~~~~~~~~~~
1 error generated.
configure:8642: $? = 1
configure: failed program was:
| /* confdefs.h.  */
| 
| #define PACKAGE_NAME ""
| #define PACKAGE_TARNAME ""
| #define PACKAGE_VERSION ""
| #define PACKAGE_STRING ""
| #define PACKAGE_BUGREPORT ""
| #define PACKAGE "ld"
| #define VERSION "2.17"
| #define STDC_HEADERS 1
| #define HAVE_SYS_TYPES_H 1
| #define HAVE_SYS_STAT_H 1
| #define HAVE_STDLIB_H 1
| #define HAVE_STRING_H 1
| #define HAVE_MEMORY_H 1
| #define HAVE_STRINGS_H 1
| #define HAVE_INTTYPES_H 1
| #define HAVE_STDINT_H 1
| #define HAVE_UNISTD_H 1
| #define HAVE_ALLOCA_H 1
| #define HAVE_ALLOCA 1
| #define HAVE_STDLIB_H 1
| #define HAVE_UNISTD_H 1
| #define HAVE_GETPAGESIZE 1
| #define HAVE_MMAP 1
| #define HAVE_LIMITS_H 1
| #define HAVE_LOCALE_H 1
| #define HAVE_NL_TYPES_H 1
| #define HAVE_STRING_H 1
| #define HAVE_UNISTD_H 1
| #define HAVE_SYS_PARAM_H 1
| #define HAVE_GETCWD 1
| #define HAVE_MUNMAP 1
| #define HAVE_PUTENV 1
| #define HAVE_SETENV 1
| #define HAVE_SETLOCALE 1
| #define HAVE_STRCHR 1
| #define HAVE_STRCASECMP 1
| #define HAVE_STPCPY 1
| #define HAVE_STPCPY 1
| #define HAVE_LC_MESSAGES 1
| #define ENABLE_NLS 1
| #define YYTEXT_POINTER 1
| #define HAVE_STRING_H 1
| #define HAVE_STRINGS_H 1
| #define HAVE_STDLIB_H 1
| #define HAVE_UNISTD_H 1
| /* end confdefs.h.  */
| #include <stdio.h>
| #if HAVE_SYS_TYPES_H
| # include <sys/types.h>
| #endif
| #if HAVE_SYS_STAT_H
| # include <sys/stat.h>
| #endif
| #if STDC_HEADERS
| # include <stdlib.h>
| # include <stddef.h>
| #else
| # if HAVE_STDLIB_H
| #  include <stdlib.h>
| # endif
| #endif
| #if HAVE_STRING_H
| # if !STDC_HEADERS && HAVE_MEMORY_H
| #  include <memory.h>
| # endif
| # include <string.h>
| #endif
| #if HAVE_STRINGS_H
| # include <strings.h>
| #endif
| #if HAVE_INTTYPES_H
| # include <inttypes.h>
| #else
| # if HAVE_STDINT_H
| #  include <stdint.h>
| # endif
| #endif
| #if HAVE_UNISTD_H
| # include <unistd.h>
| #endif
| #include <elf-hints.h>
configure:8665: result: no
configure:8669: checking elf-hints.h presence
configure:8679: gcc -E  conftest.c
conftest.c:49:10: fatal error: 'elf-hints.h' file not found
#include <elf-hints.h>
         ^~~~~~~~~~~~~
1 error generated.
configure:8685: $? = 1
configure: failed program was:
| /* confdefs.h.  */
| 
| #define PACKAGE_NAME ""
| #define PACKAGE_TARNAME ""
| #define PACKAGE_VERSION ""
| #define PACKAGE_STRING ""
| #define PACKAGE_BUGREPORT ""
| #define PACKAGE "ld"
| #define VERSION "2.17"
| #define STDC_HEADERS 1
| #define HAVE_SYS_TYPES_H 1
| #define HAVE_SYS_STAT_H 1
| #define HAVE_STDLIB_H 1
| #define HAVE_STRING_H 1
| #define HAVE_MEMORY_H 1
| #define HAVE_STRINGS_H 1
| #define HAVE_INTTYPES_H 1
| #define HAVE_STDINT_H 1
| #define HAVE_UNISTD_H 1
| #define HAVE_ALLOCA_H 1
| #define HAVE_ALLOCA 1
| #define HAVE_STDLIB_H 1
| #define HAVE_UNISTD_H 1
| #define HAVE_GETPAGESIZE 1
| #define HAVE_MMAP 1
| #define HAVE_LIMITS_H 1
| #define HAVE_LOCALE_H 1
| #define HAVE_NL_TYPES_H 1
| #define HAVE_STRING_H 1
| #define HAVE_UNISTD_H 1
| #define HAVE_SYS_PARAM_H 1
| #define HAVE_GETCWD 1
| #define HAVE_MUNMAP 1
| #define HAVE_PUTENV 1
| #define HAVE_SETENV 1
| #define HAVE_SETLOCALE 1
| #define HAVE_STRCHR 1
| #define HAVE_STRCASECMP 1
| #define HAVE_STPCPY 1
| #define HAVE_STPCPY 1
| #define HAVE_LC_MESSAGES 1
| #define ENABLE_NLS 1
| #define YYTEXT_POINTER 1
| #define HAVE_STRING_H 1
| #define HAVE_STRINGS_H 1
| #define HAVE_STDLIB_H 1
| #define HAVE_UNISTD_H 1
| /* end confdefs.h.  */
| #include <elf-hints.h>
configure:8705: result: no
configure:8740: checking for elf-hints.h
configure:8747: result: no
configure:8766: checking for sbrk
configure:8823: gcc -o conftest -g -O2 -Wno-error    conftest.c  >&5
configure:8829: $? = 0
configure:8833: test -z 
			 || test ! -s conftest.err
configure:8836: $? = 0
configure:8839: test -s conftest
configure:8842: $? = 0
configure:8854: result: yes
configure:8766: checking for realpath
configure:8823: gcc -o conftest -g -O2 -Wno-error    conftest.c  >&5
configure:8829: $? = 0
configure:8833: test -z 
			 || test ! -s conftest.err
configure:8836: $? = 0
configure:8839: test -s conftest
configure:8842: $? = 0
configure:8854: result: yes
configure:8766: checking for glob
configure:8823: gcc -o conftest -g -O2 -Wno-error    conftest.c  >&5
configure:8829: $? = 0
configure:8833: test -z 
			 || test ! -s conftest.err
configure:8836: $? = 0
configure:8839: test -s conftest
configure:8842: $? = 0
configure:8854: result: yes
configure:8872: checking for dirent.h that defines DIR
configure:8896: gcc -c -g -O2 -Wno-error   conftest.c >&5
configure:8902: $? = 0
configure:8906: test -z 
			 || test ! -s conftest.err
configure:8909: $? = 0
configure:8912: test -s conftest.o
configure:8915: $? = 0
configure:8926: result: yes
configure:8939: checking for library containing opendir
configure:8969: gcc -o conftest -g -O2 -Wno-error    conftest.c  >&5
configure:8975: $? = 0
configure:8979: test -z 
			 || test ! -s conftest.err
configure:8982: $? = 0
configure:8985: test -s conftest
configure:8988: $? = 0
configure:9058: result: none required
configure:9195: checking for a known getopt prototype in unistd.h
configure:9216: gcc -c -g -O2 -Wno-error   conftest.c >&5
configure:9222: $? = 0
configure:9226: test -z 
			 || test ! -s conftest.err
configure:9229: $? = 0
configure:9232: test -s conftest.o
configure:9235: $? = 0
configure:9247: result: yes
configure:9267: checking whether strstr is declared
configure:9291: gcc -c -g -O2 -Wno-error   conftest.c >&5
configure:9297: $? = 0
configure:9301: test -z 
			 || test ! -s conftest.err
configure:9304: $? = 0
configure:9307: test -s conftest.o
configure:9310: $? = 0
configure:9321: result: yes
configure:9337: checking whether free is declared
configure:9361: gcc -c -g -O2 -Wno-error   conftest.c >&5
configure:9367: $? = 0
configure:9371: test -z 
			 || test ! -s conftest.err
configure:9374: $? = 0
configure:9377: test -s conftest.o
configure:9380: $? = 0
configure:9391: result: yes
configure:9407: checking whether sbrk is declared
configure:9431: gcc -c -g -O2 -Wno-error   conftest.c >&5
conftest.c:94:22: warning: 'sbrk' is deprecated [-Wdeprecated-declarations]
  char *p = (char *) sbrk;
                     ^
/Library/Developer/CommandLineTools/SDKs/MacOSX10.14.sdk/usr/include/unistd.h:585:1: note: 'sbrk' has been explicitly marked deprecated here
__deprecated __WATCHOS_PROHIBITED __TVOS_PROHIBITED
^
/Library/Developer/CommandLineTools/SDKs/MacOSX10.14.sdk/usr/include/sys/cdefs.h:176:40: note: expanded from macro '__deprecated'
#define __deprecated    __attribute__((deprecated))
                                       ^
1 warning generated.
configure:9437: $? = 0
configure:9441: test -z 
			 || test ! -s conftest.err
configure:9444: $? = 0
configure:9447: test -s conftest.o
configure:9450: $? = 0
configure:9461: result: yes
configure:9477: checking whether getenv is declared
configure:9501: gcc -c -g -O2 -Wno-error   conftest.c >&5
configure:9507: $? = 0
configure:9511: test -z 
			 || test ! -s conftest.err
configure:9514: $? = 0
configure:9517: test -s conftest.o
configure:9520: $? = 0
configure:9531: result: yes
configure:9547: checking whether environ is declared
configure:9571: gcc -c -g -O2 -Wno-error   conftest.c >&5
conftest.c:96:22: error: use of undeclared identifier 'environ'; did you mean 'union'?
  char *p = (char *) environ;
                     ^~~~~~~
                     union
conftest.c:96:22: error: expected expression
2 errors generated.
configure:9577: $? = 1
configure: failed program was:
| /* confdefs.h.  */
| 
| #define PACKAGE_NAME ""
| #define PACKAGE_TARNAME ""
| #define PACKAGE_VERSION ""
| #define PACKAGE_STRING ""
| #define PACKAGE_BUGREPORT ""
| #define PACKAGE "ld"
| #define VERSION "2.17"
| #define STDC_HEADERS 1
| #define HAVE_SYS_TYPES_H 1
| #define HAVE_SYS_STAT_H 1
| #define HAVE_STDLIB_H 1
| #define HAVE_STRING_H 1
| #define HAVE_MEMORY_H 1
| #define HAVE_STRINGS_H 1
| #define HAVE_INTTYPES_H 1
| #define HAVE_STDINT_H 1
| #define HAVE_UNISTD_H 1
| #define HAVE_ALLOCA_H 1
| #define HAVE_ALLOCA 1
| #define HAVE_STDLIB_H 1
| #define HAVE_UNISTD_H 1
| #define HAVE_GETPAGESIZE 1
| #define HAVE_MMAP 1
| #define HAVE_LIMITS_H 1
| #define HAVE_LOCALE_H 1
| #define HAVE_NL_TYPES_H 1
| #define HAVE_STRING_H 1
| #define HAVE_UNISTD_H 1
| #define HAVE_SYS_PARAM_H 1
| #define HAVE_GETCWD 1
| #define HAVE_MUNMAP 1
| #define HAVE_PUTENV 1
| #define HAVE_SETENV 1
| #define HAVE_SETLOCALE 1
| #define HAVE_STRCHR 1
| #define HAVE_STRCASECMP 1
| #define HAVE_STPCPY 1
| #define HAVE_STPCPY 1
| #define HAVE_LC_MESSAGES 1
| #define ENABLE_NLS 1
| #define YYTEXT_POINTER 1
| #define HAVE_STRING_H 1
| #define HAVE_STRINGS_H 1
| #define HAVE_STDLIB_H 1
| #define HAVE_UNISTD_H 1
| #define HAVE_SBRK 1
| #define HAVE_REALPATH 1
| #define HAVE_GLOB 1
| #define HAVE_DIRENT_H 1
| #define HAVE_DECL_GETOPT 1
| #define HAVE_DECL_STRSTR 1
| #define HAVE_DECL_FREE 1
| #define HAVE_DECL_SBRK 1
| #define HAVE_DECL_GETENV 1
| /* end confdefs.h.  */
| #include <stdio.h>
| #if HAVE_SYS_TYPES_H
| # include <sys/types.h>
| #endif
| #if HAVE_SYS_STAT_H
| # include <sys/stat.h>
| #endif
| #if STDC_HEADERS
| # include <stdlib.h>
| # include <stddef.h>
| #else
| # if HAVE_STDLIB_H
| #  include <stdlib.h>
| # endif
| #endif
| #if HAVE_STRING_H
| # if !STDC_HEADERS && HAVE_MEMORY_H
| #  include <memory.h>
| # endif
| # include <string.h>
| #endif
| #if HAVE_STRINGS_H
| # include <strings.h>
| #endif
| #if HAVE_INTTYPES_H
| # include <inttypes.h>
| #else
| # if HAVE_STDINT_H
| #  include <stdint.h>
| # endif
| #endif
| #if HAVE_UNISTD_H
| # include <unistd.h>
| #endif
| int
| main ()
| {
| #ifndef environ
|   char *p = (char *) environ;
| #endif
| 
|   ;
|   return 0;
| }
configure:9601: result: no
configure:9626: checking whether ANSI C string concatenation works
configure:9647: gcc -c -g -O2 -Wno-error   conftest.c >&5
configure:9653: $? = 0
configure:9657: test -z 
			 || test ! -s conftest.err
configure:9660: $? = 0
configure:9663: test -s conftest.o
configure:9666: $? = 0
configure:9678: result: yes
configure:9922: creating ./config.status

## ---------------------- ##
## Running config.status. ##
## ---------------------- ##

This file was extended by config.status, which was
generated by GNU Autoconf 2.59.  Invocation command line was

  CONFIG_FILES    = 
  CONFIG_HEADERS  = 
  CONFIG_LINKS    = 
  CONFIG_COMMANDS = 
  $ ./config.status 

on Meghnas-MacBook-Pro-2.local

config.status:756: creating Makefile
config.status:756: creating po/Makefile.in
config.status:853: creating config.h
config.status:1231: executing depfiles commands
config.status:1231: executing default commands

## ---------------- ##
## Cache variables. ##
## ---------------- ##

ac_cv_archive_cmds_needs_lc=yes
ac_cv_build=i386-apple-darwin18.6.0
ac_cv_build_alias=i386-apple-darwin18.6.0
ac_cv_c_compiler_gnu=yes
ac_cv_c_const=yes
ac_cv_c_inline=inline
ac_cv_env_CC_set=set
ac_cv_env_CC_value=gcc
ac_cv_env_CFLAGS_set=set
ac_cv_env_CFLAGS_value='-g -O2 -Wno-error '
ac_cv_env_CPPFLAGS_set=
ac_cv_env_CPPFLAGS_value=
ac_cv_env_CPP_set=
ac_cv_env_CPP_value=
ac_cv_env_LDFLAGS_set=set
ac_cv_env_LDFLAGS_value=
ac_cv_env_build_alias_set=set
ac_cv_env_build_alias_value=i386-apple-darwin18.6.0
ac_cv_env_host_alias_set=set
ac_cv_env_host_alias_value=i386-apple-darwin18.6.0
ac_cv_env_target_alias_set=set
ac_cv_env_target_alias_value=mips-linux
ac_cv_exeext=
ac_cv_func___argz_count=no
ac_cv_func___argz_next=no
ac_cv_func___argz_stringify=no
ac_cv_func_alloca_works=yes
ac_cv_func_getcwd=yes
ac_cv_func_getpagesize=yes
ac_cv_func_glob=yes
ac_cv_func_mmap_fixed_mapped=yes
ac_cv_func_munmap=yes
ac_cv_func_putenv=yes
ac_cv_func_realpath=yes
ac_cv_func_sbrk=yes
ac_cv_func_setenv=yes
ac_cv_func_setlocale=yes
ac_cv_func_stpcpy=yes
ac_cv_func_strcasecmp=yes
ac_cv_func_strchr=yes
ac_cv_have_decl_environ=no
ac_cv_have_decl_free=yes
ac_cv_have_decl_getenv=yes
ac_cv_have_decl_sbrk=yes
ac_cv_have_decl_strstr=yes
ac_cv_header_argz_h=no
ac_cv_header_dirent_dirent_h=yes
ac_cv_header_elf_hints_h=no
ac_cv_header_inttypes_h=yes
ac_cv_header_libintl_h=yes
ac_cv_header_limits_h=yes
ac_cv_header_locale_h=yes
ac_cv_header_malloc_h=no
ac_cv_header_memory_h=yes
ac_cv_header_nl_types_h=yes
ac_cv_header_stdc=yes
ac_cv_header_stdint_h=yes
ac_cv_header_stdlib_h=yes
ac_cv_header_string_h=yes
ac_cv_header_strings_h=yes
ac_cv_header_sys_param_h=yes
ac_cv_header_sys_stat_h=yes
ac_cv_header_sys_types_h=yes
ac_cv_header_unistd_h=yes
ac_cv_header_values_h=no
ac_cv_host=i386-apple-darwin18.6.0
ac_cv_host_alias=i386-apple-darwin18.6.0
ac_cv_lib_fl_yywrap=no
ac_cv_lib_intl_bindtextdomain=yes
ac_cv_lib_l_yywrap=yes
ac_cv_objext=o
ac_cv_path_GMSGFMT=/Users/meghna/anaconda3/bin/msgfmt
ac_cv_path_MSGFMT=/Users/meghna/anaconda3/bin/msgfmt
ac_cv_path_XGETTEXT=/Users/meghna/anaconda3/bin/xgettext
ac_cv_prog_AWK=awk
ac_cv_prog_CC=gcc
ac_cv_prog_CPP='gcc -E'
ac_cv_prog_LEX=flex
ac_cv_prog_RANLIB=ranlib
ac_cv_prog_YACC='bison -y'
ac_cv_prog_ac_ct_STRIP=strip
ac_cv_prog_cc_can_build_shared=yes
ac_cv_prog_cc_g=yes
ac_cv_prog_cc_no_builtin=
ac_cv_prog_cc_pic='  -DPIC'
ac_cv_prog_cc_pic_works=yes
ac_cv_prog_cc_shlib=
ac_cv_prog_cc_static=
ac_cv_prog_cc_static_works=no
ac_cv_prog_cc_stdc=
ac_cv_prog_cc_wl=-Wl,
ac_cv_prog_egrep='grep -E'
ac_cv_prog_lex_root=lex.yy
ac_cv_prog_lex_yytext_pointer=yes
ac_cv_prog_make_make_set=yes
ac_cv_search_opendir='none required'
ac_cv_search_strerror='none required'
ac_cv_target=mips-unknown-linux-gnu
ac_cv_target_alias=mips-linux
ac_cv_type_off_t=yes
ac_cv_type_size_t=yes
ac_cv_working_alloca_h=yes
am_cv_CC_dependencies_compiler_type=none
am_cv_val_LC_MESSAGES=yes
gt_cv_func_gettext_libc=no
gt_cv_func_gettext_libintl=no
ld_cv_decl_getopt_unistd_h=yes
ld_cv_string_concatenation=yes
lt_cv_compiler_c_o=yes
lt_cv_deplibs_check_method=pass_all
lt_cv_file_magic_cmd='/usr/bin/file -L'
lt_cv_file_magic_test_file=/usr/lib/libSystem.dylib
lt_cv_ld_reload_flag=-r
lt_cv_path_LD=/Library/Developer/CommandLineTools/usr/bin/ld
lt_cv_path_NM=nm
lt_cv_prog_cc_pic=-fno-common
lt_cv_prog_gnu_ld=no
lt_cv_sys_max_cmd_len=196608
nls_cv_force_use_gnu_gettext=no
nls_cv_header_intl=libintl.h
nls_cv_header_libgt=libgettext.h
nls_cv_use_gnu_gettext=yes

## ----------------- ##
## Output variables. ##
## ----------------- ##

ACLOCAL='${SHELL} /Users/meghna/desktop/cs161/cs161-binutils-1.5/binutils-2.17/missing --run aclocal-1.9'
ALLOCA=''
AMDEPBACKSLASH='\'
AMDEP_FALSE='#'
AMDEP_TRUE=''
AMTAR='${SHELL} /Users/meghna/desktop/cs161/cs161-binutils-1.5/binutils-2.17/missing --run tar'
AUTOCONF='${SHELL} /Users/meghna/desktop/cs161/cs161-binutils-1.5/binutils-2.17/missing --run autoconf'
AUTOHEADER='${SHELL} /Users/meghna/desktop/cs161/cs161-binutils-1.5/binutils-2.17/missing --run autoheader'
AUTOMAKE='${SHELL} /Users/meghna/desktop/cs161/cs161-binutils-1.5/binutils-2.17/missing --run automake-1.9'
AWK='awk'
CATALOGS=' fr.gmo sv.gmo tr.gmo es.gmo da.gmo vi.gmo zh_CN.gmo'
CATOBJEXT='.gmo'
CC='gcc'
CCDEPMODE='depmode=none'
CFLAGS='-g -O2 -Wno-error '
CPP='gcc -E'
CPPFLAGS=''
CYGPATH_W='echo'
DATADIRNAME='share'
DEFS='-DHAVE_CONFIG_H'
DEPDIR='.deps'
ECHO_C='ECHO_N=''
ECHO_T=''
EGREP='grep -E'
EMUL='elf32btsmip'
EMULATION_LIBPATH='elf32btsmip'
EMULATION_OFILES=' eelf32btsmip.o eelf32ltsmip.o eelf32btsmipn32.o eelf64btsmip.o eelf32ltsmipn32.o eelf64ltsmip.o'
EMUL_EXTRA_OFILES=''
EXEEXT=''
GMOFILES=' fr.gmo sv.gmo tr.gmo es.gmo da.gmo vi.gmo zh_CN.gmo'
GMSGFMT='/Users/meghna/anaconda3/bin/msgfmt'
GT_NO=''
GT_YES='#YES#'
HDEFINES=''
HOSTING_CRT0='/lib/crt0.o'
HOSTING_LIBS='`if [ -f ../gcc/libgcc.a ]; then libgcc=../gcc/libgcc.a; else libgcc=\`${CC} -print-libgcc-file-name\`; fi; if [ -f ../gcc/libgcc_eh.a ]; then libgcc="$libgcc ../gcc/libgcc_eh.a"; else libgcc_eh=\`${CC} -print-file-name=libgcc_eh.a\`; if [ x"$libgcc_eh" != xlibgcc_eh.a ]; then libgcc="$libgcc $libgcc_eh"; fi; fi; if [ -f ../gcc/libunwind.a ]; then libgcc="$libgcc ../gcc/libunwind.a"; else libunwind=\`${CC} -print-file-name=libunwind.a\`; if [ x"$libunwind" != xlibunwind.a ]; then libgcc="$libgcc $libunwind"; fi; fi; echo --start-group $libgcc -lc --end-group`'
INCLUDE_LOCALE_H='#include <locale.h>'
INSTALL_DATA='/usr/bin/install -c -m 644'
INSTALL_PROGRAM='/usr/bin/install -c'
INSTALL_SCRIPT='/usr/bin/install -c'
INSTALL_STRIP_PROGRAM='${SHELL} $(install_sh) -c -s'
INSTOBJEXT='.mo'
INTLDEPS='$(top_builddir)/../intl/libintl.a'
INTLLIBS='$(top_builddir)/../intl/libintl.a'
INTLOBJS='$(GETTOBJS)'
LDFLAGS=''
LEX='flex'
LEXLIB='-ll'
LEX_OUTPUT_ROOT='lex.yy'
LIBOBJS=''
LIBS=''
LIBTOOL='$(SHELL) $(top_builddir)/libtool'
LIB_PATH=''
LN_S='ln -s'
LTLIBOBJS=''
MAINT='#'
MAINTAINER_MODE_FALSE=''
MAINTAINER_MODE_TRUE='#'
MAKEINFO='makeinfo --split-size=5000000'
MKINSTALLDIRS='$(srcdir)/../../mkinstalldirs'
MSGFMT='/Users/meghna/anaconda3/bin/msgfmt'
NATIVE_LIB_DIRS='/usr/local/lib /lib /usr/lib'
NO_WERROR='-Wno-error'
OBJEXT='o'
PACKAGE='ld'
PACKAGE_BUGREPORT=''
PACKAGE_NAME=''
PACKAGE_STRING=''
PACKAGE_TARNAME=''
PACKAGE_VERSION=''
PATH_SEPARATOR=':'
POFILES=' fr.po sv.po tr.po es.po da.po vi.po zh_CN.po'
POSUB='po'
RANLIB='ranlib'
SET_MAKE=''
SHELL='/bin/sh'
STRINGIFY='astring.sed'
STRIP='strip'
TARGET_SYSTEM_ROOT=''
TARGET_SYSTEM_ROOT_DEFINE='-DTARGET_SYSTEM_ROOT=\"\"'
TESTBFDLIB='../bfd/.libs/libbfd.a'
USE_INCLUDED_LIBINTL='yes'
USE_NLS='yes'
VERSION='2.17'
WARN_CFLAGS='-W -Wall -Wstrict-prototypes -Wmissing-prototypes -Werror'
XGETTEXT='/Users/meghna/anaconda3/bin/xgettext'
YACC='bison -y'
ac_ct_CC=''
ac_ct_RANLIB=''
ac_ct_STRIP='strip'
am__fastdepCC_FALSE=''
am__fastdepCC_TRUE='#'
am__include='include'
am__leading_dot='.'
am__quote=''
am__tar='${AMTAR} chof - "$$tardir"'
am__untar='${AMTAR} xf -'
bindir='${exec_prefix}/bin'
build='i386-apple-darwin18.6.0'
build_alias='i386-apple-darwin18.6.0'
build_cpu='i386'
build_os='darwin18.6.0'
build_vendor='apple'
datadir='${prefix}/share'
datarootdir='/Users/meghna/cs161/tools/share'
docdir='/Users/meghna/cs161/tools/share/doc'
exec_prefix='${prefix}'
host='i386-apple-darwin18.6.0'
host_alias='i386-apple-darwin18.6.0'
host_cpu='i386'
host_os='darwin18.6.0'
host_vendor='apple'
htmldir='/Users/meghna/cs161/tools/share/doc'
includedir='${prefix}/include'
infodir='${prefix}/info'
install_sh='/Users/meghna/desktop/cs161/cs161-binutils-1.5/binutils-2.17/install-sh'
l=''
libdir='${exec_prefix}/lib'
libexecdir='${exec_prefix}/libexec'
localstatedir='${prefix}/var'
mandir='${prefix}/man'
mkdir_p='$(mkinstalldirs)'
oldincludedir='/usr/include'
prefix='/Users/meghna/cs161/tools'
program_transform_name='s,^,mips-linux-,;'
sbindir='${exec_prefix}/sbin'
sharedstatedir='${prefix}/com'
sysconfdir='${prefix}/etc'
target='mips-unknown-linux-gnu'
target_alias='mips-linux'
target_cpu='mips'
target_os='linux-gnu'
target_vendor='unknown'
use_sysroot='no'

## ------------- ##
## Output files. ##
## ------------- ##

TDIRS='tdirs'

## ----------- ##
## confdefs.h. ##
## ----------- ##

#define ENABLE_NLS 1
#define HAVE_ALLOCA 1
#define HAVE_ALLOCA_H 1
#define HAVE_DECL_ENVIRON 0
#define HAVE_DECL_FREE 1
#define HAVE_DECL_GETENV 1
#define HAVE_DECL_GETOPT 1
#define HAVE_DECL_SBRK 1
#define HAVE_DECL_STRSTR 1
#define HAVE_DIRENT_H 1
#define HAVE_GETCWD 1
#define HAVE_GETPAGESIZE 1
#define HAVE_GLOB 1
#define HAVE_INTTYPES_H 1
#define HAVE_LC_MESSAGES 1
#define HAVE_LIMITS_H 1
#define HAVE_LOCALE_H 1
#define HAVE_MEMORY_H 1
#define HAVE_MMAP 1
#define HAVE_MUNMAP 1
#define HAVE_NL_TYPES_H 1
#define HAVE_PUTENV 1
#define HAVE_REALPATH 1
#define HAVE_SBRK 1
#define HAVE_SETENV 1
#define HAVE_SETLOCALE 1
#define HAVE_STDINT_H 1
#define HAVE_STDLIB_H 1
#define HAVE_STDLIB_H 1
#define HAVE_STDLIB_H 1
#define HAVE_STPCPY 1
#define HAVE_STPCPY 1
#define HAVE_STRCASECMP 1
#define HAVE_STRCHR 1
#define HAVE_STRINGS_H 1
#define HAVE_STRINGS_H 1
#define HAVE_STRING_H 1
#define HAVE_STRING_H 1
#define HAVE_STRING_H 1
#define HAVE_SYS_PARAM_H 1
#define HAVE_SYS_STAT_H 1
#define HAVE_SYS_TYPES_H 1
#define HAVE_UNISTD_H 1
#define HAVE_UNISTD_H 1
#define HAVE_UNISTD_H 1
#define HAVE_UNISTD_H 1
#define PACKAGE "ld"
#define PACKAGE_BUGREPORT ""
#define PACKAGE_NAME ""
#define PACKAGE_STRING ""
#define PACKAGE_TARNAME ""
#define PACKAGE_VERSION ""
#define STDC_HEADERS 1
#define VERSION "2.17"
#define YYTEXT_POINTER 1

configure: exit 0
